Record Trace from C:\Windows\Microsoft.NET\Framework\v4.0.30319\cvtres.exe2016-05-26 11:10:20
--------------------------------------------

413900/412460 00000000       .\bbhook.cpp (1077): TrapGetProcAddress: Entered
413900/412460 00000000       .\bbhook.cpp (1092): TrapGetProcAddress: Exited
413900/412460 00000000       .\bbhook.cpp (1077): TrapGetProcAddress: Entered
413900/412460 00000000       .\bbhook.cpp (1092): TrapGetProcAddress: Exited
413900/412460 00000000       .\bbhook.cpp (1077): TrapGetProcAddress: Entered
413900/412460 00000000       .\bbhook.cpp (1092): TrapGetProcAddress: Exited
413900/412460 00000000       .\bbhook.cpp (1077): TrapGetProcAddress: Entered
413900/412460 00000000       .\bbhook.cpp (1092): TrapGetProcAddress: Exited
413900/412460 00000000       .\bbhook.cpp (1077): TrapGetProcAddress: Entered
413900/412460 00000000       .\bbhook.cpp (1092): TrapGetProcAddress: Exited
413900/412460 00000000       .\bbhook.cpp (1077): TrapGetProcAddress: Entered
413900/412460 00000000       .\bbhook.cpp (1092): TrapGetProcAddress: Exited
413900/412460 00000000       .\bbhook.cpp (1077): TrapGetProcAddress: Entered
413900/412460 00000000       .\bbhook.cpp (1092): TrapGetProcAddress: Exited
413900/412460 00000000       .\bbhook.cpp (1077): TrapGetProcAddress: Entered
413900/412460 00000000       .\bbhook.cpp (1092): TrapGetProcAddress: Exited
413900/412460 00000000       .\bbhook.cpp (1077): TrapGetProcAddress: Entered
413900/412460 00000000       .\bbhook.cpp (1092): TrapGetProcAddress: Exited
413900/412460 00000000       .\bbhook.cpp (1077): TrapGetProcAddress: Entered
413900/412460 00000000       .\bbhook.cpp (1092): TrapGetProcAddress: Exited
413900/412460 00000000       .\bbhook.cpp (1077): TrapGetProcAddress: Entered
413900/412460 00000000       .\bbhook.cpp (1092): TrapGetProcAddress: Exited
413900/412460 00000000       .\bbhook.cpp (1077): TrapGetProcAddress: Entered
413900/412460 00000000       .\bbhook.cpp (1092): TrapGetProcAddress: Exited
413900/412460 00000000       .\bbhook.cpp (1077): TrapGetProcAddress: Entered
413900/412460 00000000       .\bbhook.cpp (1092): TrapGetProcAddress: Exited
413900/412460 00000000       .\bbhook.cpp (1077): TrapGetProcAddress: Entered
413900/412460 00000000       .\bbhook.cpp (1092): TrapGetProcAddress: Exited
413900/412460 00000000       .\bbhook.cpp (1077): TrapGetProcAddress: Entered
413900/412460 00000000       .\bbhook.cpp (1092): TrapGetProcAddress: Exited
413900/412460 00000000       .\bbhook.cpp (1077): TrapGetProcAddress: Entered
413900/412460 00000000       .\bbhook.cpp (1092): TrapGetProcAddress: Exited
413900/412460 00000000       .\bbhook.cpp (1077): TrapGetProcAddress: Entered
413900/412460 00000000       .\bbhook.cpp (1092): TrapGetProcAddress: Exited
413900/412460 00000000       .\bbhook.cpp (1077): TrapGetProcAddress: Entered
413900/412460 00000000       .\bbhook.cpp (1092): TrapGetProcAddress: Exited
413900/412460 00000000       .\bbhook.cpp (1077): TrapGetProcAddress: Entered
413900/412460 00000000       .\bbhook.cpp (1092): TrapGetProcAddress: Exited
413900/412460 00000000       .\bbhook.cpp (1077): TrapGetProcAddress: Entered
413900/412460 00000000       .\bbhook.cpp (1092): TrapGetProcAddress: Exited
413900/412460 00000000       .\bbhook.cpp (1077): TrapGetProcAddress: Entered
413900/412460 00000000       .\bbhook.cpp (1092): TrapGetProcAddress: Exited
413900/412460 00000000       .\bbhook.cpp (1412): TrapLoadLibraryExW: Entered
413900/414300 00000016    16 .\bbhook.cpp (1370): TrapLoadLibraryExA: Entered
413900/414300 00000016       .\bbhook.cpp (1371): TrapLoadLibraryExA: library name is CRYPTSP.dll
413900/412460 00000016       .\bbhook.cpp (1444): TrapLoadLibraryExW: Exited
413900/412460 00000016       .\bbhook.cpp (1077): TrapGetProcAddress: Entered
413900/412460 00000016       .\bbhook.cpp (1092): TrapGetProcAddress: Exited
413900/412460 00000016       .\bbhook.cpp (1412): TrapLoadLibraryExW: Entered
413900/414300 00000031    15 .\bbhook.cpp (1404): TrapLoadLibraryExA: Exited
413900/414300 00000031       .\bbhook.cpp (1077): TrapGetProcAddress: Entered
413900/414300 00000031       .\bbhook.cpp (1092): TrapGetProcAddress: Exited
413900/412460 00000031       .\bbhook.cpp (1444): TrapLoadLibraryExW: Exited
413900/412460 00000031       .\bbhook.cpp (1077): TrapGetProcAddress: Entered
413900/412460 00000031       .\bbhook.cpp (1092): TrapGetProcAddress: Exited
413900/412460 00000031       .\bbhook.cpp (2122): TrapFreeLibrary: Entered
413900/412460 00000031       .\bbhook.cpp (2123): TrapFreeLibrary: library name is C:\Windows\system32\uxtheme.dll
413900/414300 00000031       .\bbhook.cpp (1370): TrapLoadLibraryExA: Entered
413900/414300 00000031       .\bbhook.cpp (1371): TrapLoadLibraryExA: library name is C:\Windows\system32\rsaenh.dll
413900/412460 00000031       .\bbhook.cpp (2186): TrapFreeLibrary: Exited
413900/412460 00000031       .\bbhook.cpp (1077): TrapGetProcAddress: Entered
413900/412460 00000031       .\bbhook.cpp (1092): TrapGetProcAddress: Exited
413900/412460 00000031       .\bbhook.cpp (1412): TrapLoadLibraryExW: Entered
413900/414300 00000047    16 .\bbhook.cpp (1404): TrapLoadLibraryExA: Exited
413900/414300 00000047       .\bbhook.cpp (1077): TrapGetProcAddress: Entered
413900/414300 00000047       .\bbhook.cpp (1092): TrapGetProcAddress: Exited
413900/414300 00000047       .\bbhook.cpp (1077): TrapGetProcAddress: Entered
413900/414300 00000047       .\bbhook.cpp (1092): TrapGetProcAddress: Exited
413900/414300 00000047       .\bbhook.cpp (1077): TrapGetProcAddress: Entered
413900/414300 00000047       .\bbhook.cpp (1092): TrapGetProcAddress: Exited
413900/414300 00000047       .\bbhook.cpp (1077): TrapGetProcAddress: Entered
413900/414300 00000047       .\bbhook.cpp (1092): TrapGetProcAddress: Exited
413900/414300 00000047       .\bbhook.cpp (1077): TrapGetProcAddress: Entered
413900/414300 00000047       .\bbhook.cpp (1092): TrapGetProcAddress: Exited
413900/414300 00000047       .\bbhook.cpp (1077): TrapGetProcAddress: Entered
413900/414300 00000047       .\bbhook.cpp (1092): TrapGetProcAddress: Exited
413900/414300 00000047       .\bbhook.cpp (1077): TrapGetProcAddress: Entered
413900/414300 00000047       .\bbhook.cpp (1092): TrapGetProcAddress: Exited
413900/414300 00000047       .\bbhook.cpp (1077): TrapGetProcAddress: Entered
413900/414300 00000047       .\bbhook.cpp (1092): TrapGetProcAddress: Exited
413900/414300 00000047       .\bbhook.cpp (1077): TrapGetProcAddress: Entered
413900/414300 00000047       .\bbhook.cpp (1092): TrapGetProcAddress: Exited
413900/414300 00000047       .\bbhook.cpp (1077): TrapGetProcAddress: Entered
413900/414300 00000047       .\bbhook.cpp (1092): TrapGetProcAddress: Exited
413900/414300 00000047       .\bbhook.cpp (1077): TrapGetProcAddress: Entered
413900/414300 00000047       .\bbhook.cpp (1092): TrapGetProcAddress: Exited
413900/414300 00000047       .\bbhook.cpp (1077): TrapGetProcAddress: Entered
413900/414300 00000047       .\bbhook.cpp (1092): TrapGetProcAddress: Exited
413900/414300 00000047       .\bbhook.cpp (1077): TrapGetProcAddress: Entered
413900/414300 00000047       .\bbhook.cpp (1092): TrapGetProcAddress: Exited
413900/414300 00000047       .\bbhook.cpp (1077): TrapGetProcAddress: Entered
413900/414300 00000047       .\bbhook.cpp (1092): TrapGetProcAddress: Exited
413900/414300 00000047       .\bbhook.cpp (1077): TrapGetProcAddress: Entered
413900/414300 00000047       .\bbhook.cpp (1092): TrapGetProcAddress: Exited
413900/414300 00000047       .\bbhook.cpp (1077): TrapGetProcAddress: Entered
413900/414300 00000047       .\bbhook.cpp (1092): TrapGetProcAddress: Exited
413900/414300 00000047       .\bbhook.cpp (1077): TrapGetProcAddress: Entered
413900/414300 00000047       .\bbhook.cpp (1092): TrapGetProcAddress: Exited
413900/414300 00000047       .\bbhook.cpp (1077): TrapGetProcAddress: Entered
413900/414300 00000047       .\bbhook.cpp (1092): TrapGetProcAddress: Exited
413900/414300 00000047       .\bbhook.cpp (1077): TrapGetProcAddress: Entered
413900/414300 00000047       .\bbhook.cpp (1092): TrapGetProcAddress: Exited
413900/414300 00000047       .\bbhook.cpp (1077): TrapGetProcAddress: Entered
413900/414300 00000047       .\bbhook.cpp (1092): TrapGetProcAddress: Exited
413900/414300 00000047       .\bbhook.cpp (1077): TrapGetProcAddress: Entered
413900/414300 00000047       .\bbhook.cpp (1092): TrapGetProcAddress: Exited
413900/414300 00000047       .\bbhook.cpp (1077): TrapGetProcAddress: Entered
413900/414300 00000047       .\bbhook.cpp (1092): TrapGetProcAddress: Exited
413900/414300 00000047       .\bbhook.cpp (1077): TrapGetProcAddress: Entered
413900/414300 00000047       .\bbhook.cpp (1092): TrapGetProcAddress: Exited
413900/414300 00000047       .\bbhook.cpp (1077): TrapGetProcAddress: Entered
413900/414300 00000047       .\bbhook.cpp (1092): TrapGetProcAddress: Exited
413900/414300 00000047       .\bbhook.cpp (1077): TrapGetProcAddress: Entered
413900/414300 00000047       .\bbhook.cpp (1092): TrapGetProcAddress: Exited
413900/414300 00000047       .\bbhook.cpp (1370): TrapLoadLibraryExA: Entered
413900/414300 00000047       .\bbhook.cpp (1371): TrapLoadLibraryExA: library name is ADVAPI32.dll
413900/412460 00000047       .\bbhook.cpp (1444): TrapLoadLibraryExW: Exited
413900/412460 00000047       .\bbhook.cpp (1077): TrapGetProcAddress: Entered
413900/412460 00000047       .\bbhook.cpp (1092): TrapGetProcAddress: Exited
413900/412460 00000047       .\bbhook.cpp (2122): TrapFreeLibrary: Entered
413900/412460 00000047       .\bbhook.cpp (2123): TrapFreeLibrary: library name is C:\Windows\system32\uxtheme.dll
413900/412460 00000047       .\bbhook.cpp (2186): TrapFreeLibrary: Exited
413900/412460 00000047       .\bbhook.cpp (1412): TrapLoadLibraryExW: Entered
413900/412460 00000063    16 .\bbhook.cpp (1444): TrapLoadLibraryExW: Exited
413900/412460 00000063       .\bbhook.cpp (1077): TrapGetProcAddress: Entered
413900/412460 00000063       .\bbhook.cpp (1092): TrapGetProcAddress: Exited
413900/412460 00000063       .\bbhook.cpp (2122): TrapFreeLibrary: Entered
413900/412460 00000063       .\bbhook.cpp (2123): TrapFreeLibrary: library name is C:\Windows\system32\uxtheme.dll
413900/412460 00000063       .\bbhook.cpp (2186): TrapFreeLibrary: Exited
413900/412460 00000078    15 .\bbhook.cpp (1412): TrapLoadLibraryExW: Entered
413900/414300 00000078       .\bbhook.cpp (1404): TrapLoadLibraryExA: Exited
413900/414300 00000078       .\bbhook.cpp (1077): TrapGetProcAddress: Entered
413900/414300 00000078       .\bbhook.cpp (1092): TrapGetProcAddress: Exited
413900/414300 00000078       .\bbhook.cpp (1077): TrapGetProcAddress: Entered
413900/414300 00000078       .\bbhook.cpp (1092): TrapGetProcAddress: Exited
413900/414300 00000078       .\bbhook.cpp (1077): TrapGetProcAddress: Entered
413900/414300 00000078       .\bbhook.cpp (1092): TrapGetProcAddress: Exited
413900/414300 00000078       .\bbhook.cpp (1077): TrapGetProcAddress: Entered
413900/414300 00000078       .\bbhook.cpp (1092): TrapGetProcAddress: Exited
413900/414300 00000078       .\bbhook.cpp (1077): TrapGetProcAddress: Entered
413900/414300 00000078       .\bbhook.cpp (1092): TrapGetProcAddress: Exited
413900/414300 00000078       .\bbhook.cpp (1077): TrapGetProcAddress: Entered
413900/414300 00000078       .\bbhook.cpp (1092): TrapGetProcAddress: Exited
413900/414300 00000078       .\bbhook.cpp (1370): TrapLoadLibraryExA: Entered
413900/414300 00000078       .\bbhook.cpp (1371): TrapLoadLibraryExA: library name is CRYPTBASE.dll
413900/412460 00000094    16 .\bbhook.cpp (1444): TrapLoadLibraryExW: Exited
413900/414300 00000109    15 .\bbhook.cpp (1404): TrapLoadLibraryExA: Exited
413900/414300 00000109       .\bbhook.cpp (1077): TrapGetProcAddress: Entered
413900/414300 00000109       .\bbhook.cpp (1092): TrapGetProcAddress: Exited
413900/414300 00000109       .\bbhook.cpp (1077): TrapGetProcAddress: Entered
413900/414300 00000109       .\bbhook.cpp (1092): TrapGetProcAddress: Exited
413900/414300 00000109       .\bbhook.cpp (1077): TrapGetProcAddress: Entered
413900/414300 00000109       .\bbhook.cpp (1092): TrapGetProcAddress: Exited
413900/414300 00000109       .\bbhook.cpp (1077): TrapGetProcAddress: Entered
413900/414300 00000109       .\bbhook.cpp (1092): TrapGetProcAddress: Exited
413900/414300 00000109       .\bbhook.cpp (1077): TrapGetProcAddress: Entered
413900/414300 00000109       .\bbhook.cpp (1092): TrapGetProcAddress: Exited
413900/412460 00000109       .\bbhook.cpp (1370): TrapLoadLibraryExA: Entered
413900/412460 00000109       .\bbhook.cpp (1371): TrapLoadLibraryExA: library name is dwmapi.dll
413900/412460 00000109       .\bbhook.cpp (1404): TrapLoadLibraryExA: Exited
413900/412460 00000109       .\bbhook.cpp (1077): TrapGetProcAddress: Entered
413900/412460 00000109       .\bbhook.cpp (1092): TrapGetProcAddress: Exited
413900/414300 00000141    32 .\bbhook.cpp (1077): TrapGetProcAddress: Entered
413900/414300 00000141       .\bbhook.cpp (1092): TrapGetProcAddress: Exited
413900/414300 00000141       .\bbhook.cpp (1077): TrapGetProcAddress: Entered
413900/414300 00000141       .\bbhook.cpp (1092): TrapGetProcAddress: Exited
413900/414300 00000141       .\bbhook.cpp (1077): TrapGetProcAddress: Entered
413900/414300 00000141       .\bbhook.cpp (1092): TrapGetProcAddress: Exited
413900/414300 00000141       .\bbhook.cpp (1077): TrapGetProcAddress: Entered
413900/414300 00000141       .\bbhook.cpp (1092): TrapGetProcAddress: Exited
413900/414300 00000141       .\bbhook.cpp (1077): TrapGetProcAddress: Entered
413900/414300 00000141       .\bbhook.cpp (1092): TrapGetProcAddress: Exited
413900/414300 00000141       .\bbhook.cpp (1077): TrapGetProcAddress: Entered
413900/414300 00000141       .\bbhook.cpp (1092): TrapGetProcAddress: Exited
413900/414300 00000141       .\bbhook.cpp (1077): TrapGetProcAddress: Entered
413900/414300 00000141       .\bbhook.cpp (1092): TrapGetProcAddress: Exited
413900/414300 00000141       .\bbhook.cpp (1077): TrapGetProcAddress: Entered
413900/414300 00000141       .\bbhook.cpp (1092): TrapGetProcAddress: Exited
413900/414300 00000141       .\bbhook.cpp (1077): TrapGetProcAddress: Entered
413900/414300 00000141       .\bbhook.cpp (1092): TrapGetProcAddress: Exited
413900/414300 00000141       .\bbhook.cpp (1077): TrapGetProcAddress: Entered
413900/414300 00000141       .\bbhook.cpp (1092): TrapGetProcAddress: Exited
413900/414300 00000141       .\bbhook.cpp (1077): TrapGetProcAddress: Entered
413900/414300 00000141       .\bbhook.cpp (1092): TrapGetProcAddress: Exited
413900/414300 00000141       .\bbhook.cpp (1077): TrapGetProcAddress: Entered
413900/414300 00000141       .\bbhook.cpp (1092): TrapGetProcAddress: Exited
413900/414300 00000141       .\bbhook.cpp (1077): TrapGetProcAddress: Entered
413900/414300 00000141       .\bbhook.cpp (1092): TrapGetProcAddress: Exited
413900/414300 00000141       .\bbhook.cpp (1077): TrapGetProcAddress: Entered
413900/414300 00000141       .\bbhook.cpp (1092): TrapGetProcAddress: Exited
413900/414300 00000141       .\bbhook.cpp (1077): TrapGetProcAddress: Entered
413900/414300 00000141       .\bbhook.cpp (1092): TrapGetProcAddress: Exited
413900/414300 00000141       .\bbhook.cpp (1077): TrapGetProcAddress: Entered
413900/414300 00000141       .\bbhook.cpp (1092): TrapGetProcAddress: Exited
413900/414300 00000141       .\bbhook.cpp (1077): TrapGetProcAddress: Entered
413900/414300 00000141       .\bbhook.cpp (1092): TrapGetProcAddress: Exited
413900/414300 00000141       .\bbhook.cpp (1077): TrapGetProcAddress: Entered
413900/414300 00000141       .\bbhook.cpp (1092): TrapGetProcAddress: Exited
413900/414300 00000141       .\bbhook.cpp (1077): TrapGetProcAddress: Entered
413900/414300 00000141       .\bbhook.cpp (1092): TrapGetProcAddress: Exited
413900/414300 00000141       .\bbhook.cpp (1077): TrapGetProcAddress: Entered
413900/414300 00000141       .\bbhook.cpp (1092): TrapGetProcAddress: Exited
413900/414300 00000141       .\bbhook.cpp (1077): TrapGetProcAddress: Entered
413900/414300 00000141       .\bbhook.cpp (1092): TrapGetProcAddress: Exited
413900/414300 00000141       .\bbhook.cpp (1077): TrapGetProcAddress: Entered
413900/414300 00000141       .\bbhook.cpp (1092): TrapGetProcAddress: Exited
413900/414300 00000141       .\bbhook.cpp (1077): TrapGetProcAddress: Entered
413900/414300 00000141       .\bbhook.cpp (1092): TrapGetProcAddress: Exited
413900/414300 00000141       .\bbhook.cpp (1077): TrapGetProcAddress: Entered
413900/414300 00000141       .\bbhook.cpp (1092): TrapGetProcAddress: Exited
413900/414300 00000141       .\bbhook.cpp (1077): TrapGetProcAddress: Entered
413900/414300 00000141       .\bbhook.cpp (1092): TrapGetProcAddress: Exited
413900/414300 00000141       .\bbhook.cpp (1077): TrapGetProcAddress: Entered
413900/414300 00000141       .\bbhook.cpp (1092): TrapGetProcAddress: Exited
413900/414300 00000141       .\bbhook.cpp (1077): TrapGetProcAddress: Entered
413900/414300 00000141       .\bbhook.cpp (1092): TrapGetProcAddress: Exited
413900/414300 00000141       .\bbhook.cpp (1077): TrapGetProcAddress: Entered
413900/414300 00000141       .\bbhook.cpp (1092): TrapGetProcAddress: Exited
413900/414300 00000141       .\bbhook.cpp (1077): TrapGetProcAddress: Entered
413900/414300 00000141       .\bbhook.cpp (1092): TrapGetProcAddress: Exited
413900/414300 00000141       .\bbhook.cpp (1077): TrapGetProcAddress: Entered
413900/414300 00000141       .\bbhook.cpp (1092): TrapGetProcAddress: Exited
413900/414300 00000141       .\bbhook.cpp (1077): TrapGetProcAddress: Entered
413900/414300 00000141       .\bbhook.cpp (1092): TrapGetProcAddress: Exited
413900/414300 00000141       .\bbhook.cpp (1077): TrapGetProcAddress: Entered
413900/414300 00000141       .\bbhook.cpp (1092): TrapGetProcAddress: Exited
413900/414300 00000141       .\bbhook.cpp (1077): TrapGetProcAddress: Entered
413900/414300 00000141       .\bbhook.cpp (1092): TrapGetProcAddress: Exited
413900/414300 00000141       .\bbhook.cpp (1077): TrapGetProcAddress: Entered
413900/414300 00000141       .\bbhook.cpp (1092): TrapGetProcAddress: Exited
413900/414300 00000141       .\bbhook.cpp (1077): TrapGetProcAddress: Entered
413900/414300 00000141       .\bbhook.cpp (1092): TrapGetProcAddress: Exited
413900/414300 00000141       .\bbhook.cpp (1077): TrapGetProcAddress: Entered
413900/414300 00000141       .\bbhook.cpp (1092): TrapGetProcAddress: Exited
413900/414300 00000141       .\bbhook.cpp (1077): TrapGetProcAddress: Entered
413900/414300 00000141       .\bbhook.cpp (1092): TrapGetProcAddress: Exited
413900/414300 00000141       .\bbhook.cpp (1077): TrapGetProcAddress: Entered
413900/414300 00000141       .\bbhook.cpp (1092): TrapGetProcAddress: Exited
413900/414300 00000141       .\bbhook.cpp (1077): TrapGetProcAddress: Entered
413900/414300 00000141       .\bbhook.cpp (1092): TrapGetProcAddress: Exited
413900/414300 00000141       .\bbhook.cpp (1077): TrapGetProcAddress: Entered
413900/414300 00000141       .\bbhook.cpp (1092): TrapGetProcAddress: Exited
413900/414300 00000141       .\bbhook.cpp (1077): TrapGetProcAddress: Entered
413900/414300 00000141       .\bbhook.cpp (1092): TrapGetProcAddress: Exited
413900/414300 00000141       .\bbhook.cpp (1077): TrapGetProcAddress: Entered
413900/414300 00000141       .\bbhook.cpp (1092): TrapGetProcAddress: Exited
413900/414300 00000141       .\bbhook.cpp (1077): TrapGetProcAddress: Entered
413900/414300 00000141       .\bbhook.cpp (1092): TrapGetProcAddress: Exited
413900/414300 00000141       .\bbhook.cpp (1077): TrapGetProcAddress: Entered
413900/414300 00000141       .\bbhook.cpp (1092): TrapGetProcAddress: Exited
413900/414300 00000141       .\bbhook.cpp (1077): TrapGetProcAddress: Entered
413900/414300 00000141       .\bbhook.cpp (1092): TrapGetProcAddress: Exited
413900/414300 00000141       .\bbhook.cpp (1077): TrapGetProcAddress: Entered
413900/414300 00000141       .\bbhook.cpp (1092): TrapGetProcAddress: Exited
413900/414300 00000141       .\bbhook.cpp (1077): TrapGetProcAddress: Entered
413900/414300 00000141       .\bbhook.cpp (1092): TrapGetProcAddress: Exited
413900/414300 00000141       .\bbhook.cpp (1077): TrapGetProcAddress: Entered
413900/414300 00000141       .\bbhook.cpp (1092): TrapGetProcAddress: Exited
413900/414300 00000141       .\bbhook.cpp (1077): TrapGetProcAddress: Entered
413900/414300 00000141       .\bbhook.cpp (1092): TrapGetProcAddress: Exited
413900/414300 00000141       .\bbhook.cpp (1077): TrapGetProcAddress: Entered
413900/414300 00000141       .\bbhook.cpp (1092): TrapGetProcAddress: Exited
413900/414300 00000141       .\bbhook.cpp (1077): TrapGetProcAddress: Entered
413900/414300 00000141       .\bbhook.cpp (1092): TrapGetProcAddress: Exited
413900/414300 00000141       .\bbhook.cpp (1077): TrapGetProcAddress: Entered
413900/414300 00000141       .\bbhook.cpp (1092): TrapGetProcAddress: Exited
413900/414300 00000141       .\bbhook.cpp (1077): TrapGetProcAddress: Entered
413900/414300 00000141       .\bbhook.cpp (1092): TrapGetProcAddress: Exited
413900/414300 00000141       .\bbhook.cpp (1077): TrapGetProcAddress: Entered
413900/414300 00000141       .\bbhook.cpp (1092): TrapGetProcAddress: Exited
413900/414300 00000141       .\bbhook.cpp (1077): TrapGetProcAddress: Entered
413900/414300 00000141       .\bbhook.cpp (1092): TrapGetProcAddress: Exited
413900/414300 00000141       .\bbhook.cpp (1077): TrapGetProcAddress: Entered
413900/414300 00000141       .\bbhook.cpp (1092): TrapGetProcAddress: Exited
413900/414300 00000141       .\bbhook.cpp (1077): TrapGetProcAddress: Entered
413900/414300 00000141       .\bbhook.cpp (1092): TrapGetProcAddress: Exited
413900/414300 00000141       .\bbhook.cpp (1077): TrapGetProcAddress: Entered
413900/414300 00000141       .\bbhook.cpp (1092): TrapGetProcAddress: Exited
413900/414300 00000141       .\bbhook.cpp (1077): TrapGetProcAddress: Entered
413900/414300 00000141       .\bbhook.cpp (1092): TrapGetProcAddress: Exited
413900/414300 00000141       .\bbhook.cpp (1077): TrapGetProcAddress: Entered
413900/414300 00000141       .\bbhook.cpp (1092): TrapGetProcAddress: Exited
413900/414300 00000141       .\bbhook.cpp (1077): TrapGetProcAddress: Entered
413900/414300 00000141       .\bbhook.cpp (1092): TrapGetProcAddress: Exited
413900/414300 00000141       .\bbhook.cpp (1077): TrapGetProcAddress: Entered
413900/414300 00000141       .\bbhook.cpp (1092): TrapGetProcAddress: Exited
413900/414300 00000141       .\bbhook.cpp (1077): TrapGetProcAddress: Entered
413900/414300 00000141       .\bbhook.cpp (1092): TrapGetProcAddress: Exited
413900/414300 00000141       .\bbhook.cpp (1077): TrapGetProcAddress: Entered
413900/414300 00000141       .\bbhook.cpp (1092): TrapGetProcAddress: Exited
413900/414300 00000141       .\bbhook.cpp (1077): TrapGetProcAddress: Entered
413900/414300 00000141       .\bbhook.cpp (1092): TrapGetProcAddress: Exited
413900/414300 00000141       .\bbhook.cpp (1077): TrapGetProcAddress: Entered
413900/414300 00000141       .\bbhook.cpp (1092): TrapGetProcAddress: Exited
413900/414300 00000141       .\bbhook.cpp (1077): TrapGetProcAddress: Entered
413900/414300 00000141       .\bbhook.cpp (1092): TrapGetProcAddress: Exited
413900/414300 00000141       .\bbhook.cpp (1077): TrapGetProcAddress: Entered
413900/414300 00000141       .\bbhook.cpp (1092): TrapGetProcAddress: Exited
413900/414300 00000141       .\bbhook.cpp (1077): TrapGetProcAddress: Entered
413900/414300 00000141       .\bbhook.cpp (1092): TrapGetProcAddress: Exited
413900/414300 00000141       .\bbhook.cpp (1077): TrapGetProcAddress: Entered
413900/414300 00000141       .\bbhook.cpp (1092): TrapGetProcAddress: Exited
413900/414300 00000141       .\bbhook.cpp (1077): TrapGetProcAddress: Entered
413900/414300 00000141       .\bbhook.cpp (1092): TrapGetProcAddress: Exited
413900/414300 00000141       .\bbhook.cpp (1077): TrapGetProcAddress: Entered
413900/414300 00000141       .\bbhook.cpp (1092): TrapGetProcAddress: Exited
413900/414300 00000141       .\bbhook.cpp (1077): TrapGetProcAddress: Entered
413900/414300 00000141       .\bbhook.cpp (1092): TrapGetProcAddress: Exited
413900/414300 00000141       .\bbhook.cpp (1077): TrapGetProcAddress: Entered
413900/414300 00000141       .\bbhook.cpp (1092): TrapGetProcAddress: Exited
413900/414300 00000141       .\bbhook.cpp (1077): TrapGetProcAddress: Entered
413900/414300 00000141       .\bbhook.cpp (1092): TrapGetProcAddress: Exited
413900/414300 00000141       .\bbhook.cpp (1077): TrapGetProcAddress: Entered
413900/414300 00000141       .\bbhook.cpp (1092): TrapGetProcAddress: Exited
413900/414300 00000141       .\bbhook.cpp (1077): TrapGetProcAddress: Entered
413900/414300 00000141       .\bbhook.cpp (1092): TrapGetProcAddress: Exited
413900/414300 00000141       .\bbhook.cpp (1077): TrapGetProcAddress: Entered
413900/414300 00000141       .\bbhook.cpp (1092): TrapGetProcAddress: Exited
413900/414300 00000141       .\bbhook.cpp (1077): TrapGetProcAddress: Entered
413900/414300 00000141       .\bbhook.cpp (1092): TrapGetProcAddress: Exited
413900/414300 00000141       .\bbhook.cpp (1077): TrapGetProcAddress: Entered
413900/414300 00000141       .\bbhook.cpp (1092): TrapGetProcAddress: Exited
413900/414300 00000141       .\bbhook.cpp (1077): TrapGetProcAddress: Entered
413900/414300 00000141       .\bbhook.cpp (1092): TrapGetProcAddress: Exited
413900/414300 00000141       .\bbhook.cpp (1077): TrapGetProcAddress: Entered
413900/414300 00000141       .\bbhook.cpp (1092): TrapGetProcAddress: Exited
413900/414300 00000141       .\bbhook.cpp (1077): TrapGetProcAddress: Entered
413900/414300 00000141       .\bbhook.cpp (1092): TrapGetProcAddress: Exited
413900/414300 00000141       .\bbhook.cpp (1077): TrapGetProcAddress: Entered
413900/414300 00000141       .\bbhook.cpp (1092): TrapGetProcAddress: Exited
413900/414300 00000141       .\bbhook.cpp (1077): TrapGetProcAddress: Entered
413900/414300 00000141       .\bbhook.cpp (1092): TrapGetProcAddress: Exited
413900/414300 00000141       .\bbhook.cpp (1077): TrapGetProcAddress: Entered
413900/414300 00000141       .\bbhook.cpp (1092): TrapGetProcAddress: Exited
413900/414300 00000141       .\bbhook.cpp (1077): TrapGetProcAddress: Entered
413900/414300 00000141       .\bbhook.cpp (1092): TrapGetProcAddress: Exited
413900/414300 00000141       .\bbhook.cpp (1077): TrapGetProcAddress: Entered
413900/414300 00000141       .\bbhook.cpp (1092): TrapGetProcAddress: Exited
413900/414300 00000141       .\bbhook.cpp (1077): TrapGetProcAddress: Entered
413900/414300 00000141       .\bbhook.cpp (1092): TrapGetProcAddress: Exited
413900/414300 00000141       .\bbhook.cpp (1077): TrapGetProcAddress: Entered
413900/414300 00000141       .\bbhook.cpp (1092): TrapGetProcAddress: Exited
413900/414300 00000141       .\bbhook.cpp (1077): TrapGetProcAddress: Entered
413900/414300 00000141       .\bbhook.cpp (1092): TrapGetProcAddress: Exited
413900/414300 00000141       .\bbhook.cpp (1077): TrapGetProcAddress: Entered
413900/414300 00000141       .\bbhook.cpp (1092): TrapGetProcAddress: Exited
413900/414300 00000141       .\bbhook.cpp (1077): TrapGetProcAddress: Entered
413900/414300 00000141       .\bbhook.cpp (1092): TrapGetProcAddress: Exited
413900/414300 00000141       .\bbhook.cpp (1077): TrapGetProcAddress: Entered
413900/414300 00000141       .\bbhook.cpp (1092): TrapGetProcAddress: Exited
413900/414300 00000141       .\bbhook.cpp (1077): TrapGetProcAddress: Entered
413900/414300 00000141       .\bbhook.cpp (1092): TrapGetProcAddress: Exited
413900/414300 00000141       .\bbhook.cpp (1077): TrapGetProcAddress: Entered
413900/414300 00000141       .\bbhook.cpp (1092): TrapGetProcAddress: Exited
413900/414300 00000141       .\bbhook.cpp (1077): TrapGetProcAddress: Entered
413900/414300 00000141       .\bbhook.cpp (1092): TrapGetProcAddress: Exited
413900/414300 00000141       .\bbhook.cpp (1077): TrapGetProcAddress: Entered
413900/414300 00000141       .\bbhook.cpp (1092): TrapGetProcAddress: Exited
413900/414300 00000141       .\bbhook.cpp (1077): TrapGetProcAddress: Entered
413900/414300 00000141       .\bbhook.cpp (1092): TrapGetProcAddress: Exited
413900/414300 00000141       .\bbhook.cpp (1077): TrapGetProcAddress: Entered
413900/414300 00000141       .\bbhook.cpp (1092): TrapGetProcAddress: Exited
413900/414300 00000141       .\bbhook.cpp (1077): TrapGetProcAddress: Entered
413900/414300 00000141       .\bbhook.cpp (1092): TrapGetProcAddress: Exited
413900/414300 00000141       .\bbhook.cpp (1077): TrapGetProcAddress: Entered
413900/414300 00000141       .\bbhook.cpp (1092): TrapGetProcAddress: Exited
413900/414300 00000141       .\bbhook.cpp (1077): TrapGetProcAddress: Entered
413900/414300 00000141       .\bbhook.cpp (1092): TrapGetProcAddress: Exited
413900/414300 00000141       .\bbhook.cpp (1077): TrapGetProcAddress: Entered
413900/414300 00000141       .\bbhook.cpp (1092): TrapGetProcAddress: Exited
413900/414300 00000141       .\bbhook.cpp (1077): TrapGetProcAddress: Entered
413900/414300 00000141       .\bbhook.cpp (1092): TrapGetProcAddress: Exited
413900/414300 00000141       .\bbhook.cpp (1077): TrapGetProcAddress: Entered
413900/414300 00000141       .\bbhook.cpp (1092): TrapGetProcAddress: Exited
413900/414300 00000141       .\bbhook.cpp (1077): TrapGetProcAddress: Entered
413900/414300 00000141       .\bbhook.cpp (1092): TrapGetProcAddress: Exited
413900/414300 00000141       .\bbhook.cpp (1077): TrapGetProcAddress: Entered
413900/414300 00000141       .\bbhook.cpp (1092): TrapGetProcAddress: Exited
413900/414300 00000141       .\bbhook.cpp (1077): TrapGetProcAddress: Entered
413900/414300 00000141       .\bbhook.cpp (1092): TrapGetProcAddress: Exited
413900/414300 00000141       .\bbhook.cpp (1077): TrapGetProcAddress: Entered
413900/414300 00000141       .\bbhook.cpp (1092): TrapGetProcAddress: Exited
413900/414300 00000141       .\bbhook.cpp (1077): TrapGetProcAddress: Entered
413900/414300 00000141       .\bbhook.cpp (1092): TrapGetProcAddress: Exited
413900/414300 00000141       .\bbhook.cpp (1077): TrapGetProcAddress: Entered
413900/414300 00000141       .\bbhook.cpp (1092): TrapGetProcAddress: Exited
413900/414300 00000141       .\bbhook.cpp (1077): TrapGetProcAddress: Entered
413900/414300 00000141       .\bbhook.cpp (1092): TrapGetProcAddress: Exited
413900/414300 00000141       .\bbhook.cpp (1077): TrapGetProcAddress: Entered
413900/414300 00000141       .\bbhook.cpp (1092): TrapGetProcAddress: Exited
413900/414300 00000141       .\bbhook.cpp (1077): TrapGetProcAddress: Entered
413900/414300 00000141       .\bbhook.cpp (1092): TrapGetProcAddress: Exited
413900/414300 00000141       .\bbhook.cpp (1077): TrapGetProcAddress: Entered
413900/414300 00000141       .\bbhook.cpp (1092): TrapGetProcAddress: Exited
413900/414300 00000141       .\bbhook.cpp (1077): TrapGetProcAddress: Entered
413900/414300 00000141       .\bbhook.cpp (1092): TrapGetProcAddress: Exited
413900/414300 00000141       .\bbhook.cpp (1077): TrapGetProcAddress: Entered
413900/414300 00000141       .\bbhook.cpp (1092): TrapGetProcAddress: Exited
413900/414300 00000141       .\bbhook.cpp (1077): TrapGetProcAddress: Entered
413900/414300 00000141       .\bbhook.cpp (1092): TrapGetProcAddress: Exited
413900/414300 00000141       .\bbhook.cpp (1077): TrapGetProcAddress: Entered
413900/414300 00000141       .\bbhook.cpp (1092): TrapGetProcAddress: Exited
413900/414300 00000141       .\bbhook.cpp (1077): TrapGetProcAddress: Entered
413900/414300 00000141       .\bbhook.cpp (1092): TrapGetProcAddress: Exited
413900/414300 00000141       .\bbhook.cpp (1077): TrapGetProcAddress: Entered
413900/414300 00000141       .\bbhook.cpp (1092): TrapGetProcAddress: Exited
413900/414300 00000141       .\bbhook.cpp (1077): TrapGetProcAddress: Entered
413900/414300 00000141       .\bbhook.cpp (1092): TrapGetProcAddress: Exited
413900/414300 00000141       .\bbhook.cpp (1077): TrapGetProcAddress: Entered
413900/414300 00000141       .\bbhook.cpp (1092): TrapGetProcAddress: Exited
413900/414300 00000141       .\bbhook.cpp (1077): TrapGetProcAddress: Entered
413900/414300 00000141       .\bbhook.cpp (1092): TrapGetProcAddress: Exited
413900/414300 00000141       .\bbhook.cpp (1077): TrapGetProcAddress: Entered
413900/414300 00000141       .\bbhook.cpp (1092): TrapGetProcAddress: Exited
413900/414300 00000141       .\bbhook.cpp (1077): TrapGetProcAddress: Entered
413900/414300 00000141       .\bbhook.cpp (1092): TrapGetProcAddress: Exited
413900/414300 00000141       .\bbhook.cpp (1077): TrapGetProcAddress: Entered
413900/414300 00000141       .\bbhook.cpp (1092): TrapGetProcAddress: Exited
413900/414300 00000141       .\bbhook.cpp (1077): TrapGetProcAddress: Entered
413900/414300 00000141       .\bbhook.cpp (1092): TrapGetProcAddress: Exited
413900/414300 00000141       .\bbhook.cpp (1077): TrapGetProcAddress: Entered
413900/414300 00000141       .\bbhook.cpp (1092): TrapGetProcAddress: Exited
413900/414300 00000141       .\bbhook.cpp (1077): TrapGetProcAddress: Entered
413900/414300 00000141       .\bbhook.cpp (1092): TrapGetProcAddress: Exited
413900/414300 00000141       .\bbhook.cpp (1077): TrapGetProcAddress: Entered
413900/414300 00000141       .\bbhook.cpp (1092): TrapGetProcAddress: Exited
413900/414300 00000141       .\bbhook.cpp (1077): TrapGetProcAddress: Entered
413900/414300 00000141       .\bbhook.cpp (1092): TrapGetProcAddress: Exited
413900/414300 00000141       .\bbhook.cpp (1077): TrapGetProcAddress: Entered
413900/414300 00000141       .\bbhook.cpp (1092): TrapGetProcAddress: Exited
413900/414300 00000141       .\bbhook.cpp (1077): TrapGetProcAddress: Entered
413900/414300 00000141       .\bbhook.cpp (1092): TrapGetProcAddress: Exited
413900/414300 00000141       .\bbhook.cpp (1077): TrapGetProcAddress: Entered
413900/414300 00000141       .\bbhook.cpp (1092): TrapGetProcAddress: Exited
413900/414300 00000141       .\bbhook.cpp (1077): TrapGetProcAddress: Entered
413900/414300 00000141       .\bbhook.cpp (1092): TrapGetProcAddress: Exited
413900/414300 00000141       .\bbhook.cpp (1077): TrapGetProcAddress: Entered
413900/414300 00000141       .\bbhook.cpp (1092): TrapGetProcAddress: Exited
413900/414300 00000141       .\bbhook.cpp (1077): TrapGetProcAddress: Entered
413900/414300 00000141       .\bbhook.cpp (1092): TrapGetProcAddress: Exited
413900/414300 00000141       .\bbhook.cpp (1077): TrapGetProcAddress: Entered
413900/414300 00000141       .\bbhook.cpp (1092): TrapGetProcAddress: Exited
413900/414300 00000141       .\bbhook.cpp (1077): TrapGetProcAddress: Entered
413900/414300 00000141       .\bbhook.cpp (1092): TrapGetProcAddress: Exited
413900/414300 00000141       .\bbhook.cpp (1077): TrapGetProcAddress: Entered
413900/414300 00000141       .\bbhook.cpp (1092): TrapGetProcAddress: Exited
413900/414300 00000141       .\bbhook.cpp (1077): TrapGetProcAddress: Entered
413900/414300 00000141       .\bbhook.cpp (1092): TrapGetProcAddress: Exited
413900/414300 00000141       .\bbhook.cpp (1077): TrapGetProcAddress: Entered
413900/414300 00000141       .\bbhook.cpp (1092): TrapGetProcAddress: Exited
413900/414300 00000141       .\bbhook.cpp (1077): TrapGetProcAddress: Entered
413900/414300 00000141       .\bbhook.cpp (1092): TrapGetProcAddress: Exited
413900/414300 00000141       .\bbhook.cpp (1077): TrapGetProcAddress: Entered
413900/414300 00000141       .\bbhook.cpp (1092): TrapGetProcAddress: Exited
413900/414300 00000141       .\bbhook.cpp (1077): TrapGetProcAddress: Entered
413900/414300 00000141       .\bbhook.cpp (1092): TrapGetProcAddress: Exited
413900/414300 00000141       .\bbhook.cpp (1077): TrapGetProcAddress: Entered
413900/414300 00000141       .\bbhook.cpp (1092): TrapGetProcAddress: Exited
413900/414300 00000141       .\bbhook.cpp (1077): TrapGetProcAddress: Entered
413900/414300 00000141       .\bbhook.cpp (1092): TrapGetProcAddress: Exited
413900/414300 00000141       .\bbhook.cpp (1077): TrapGetProcAddress: Entered
413900/414300 00000141       .\bbhook.cpp (1092): TrapGetProcAddress: Exited
413900/414300 00000141       .\bbhook.cpp (1077): TrapGetProcAddress: Entered
413900/414300 00000141       .\bbhook.cpp (1092): TrapGetProcAddress: Exited
413900/414300 00000141       .\bbhook.cpp (1077): TrapGetProcAddress: Entered
413900/414300 00000141       .\bbhook.cpp (1092): TrapGetProcAddress: Exited
413900/414300 00000141       .\bbhook.cpp (1077): TrapGetProcAddress: Entered
413900/414300 00000141       .\bbhook.cpp (1092): TrapGetProcAddress: Exited
413900/414300 00000141       .\bbhook.cpp (1077): TrapGetProcAddress: Entered
413900/414300 00000141       .\bbhook.cpp (1092): TrapGetProcAddress: Exited
413900/414300 00000141       .\bbhook.cpp (1077): TrapGetProcAddress: Entered
413900/414300 00000141       .\bbhook.cpp (1092): TrapGetProcAddress: Exited
413900/414300 00000141       .\bbhook.cpp (1077): TrapGetProcAddress: Entered
413900/414300 00000141       .\bbhook.cpp (1092): TrapGetProcAddress: Exited
413900/414300 00000141       .\bbhook.cpp (1077): TrapGetProcAddress: Entered
413900/414300 00000141       .\bbhook.cpp (1092): TrapGetProcAddress: Exited
413900/414300 00000141       .\bbhook.cpp (1077): TrapGetProcAddress: Entered
413900/414300 00000141       .\bbhook.cpp (1092): TrapGetProcAddress: Exited
413900/414300 00000141       .\bbhook.cpp (1077): TrapGetProcAddress: Entered
413900/414300 00000141       .\bbhook.cpp (1092): TrapGetProcAddress: Exited
413900/414300 00000141       .\bbhook.cpp (1077): TrapGetProcAddress: Entered
413900/414300 00000141       .\bbhook.cpp (1092): TrapGetProcAddress: Exited
413900/414300 00000141       .\bbhook.cpp (1077): TrapGetProcAddress: Entered
413900/414300 00000141       .\bbhook.cpp (1092): TrapGetProcAddress: Exited
413900/414300 00000141       .\bbhook.cpp (1077): TrapGetProcAddress: Entered
413900/414300 00000141       .\bbhook.cpp (1092): TrapGetProcAddress: Exited
413900/414300 00000141       .\bbhook.cpp (1077): TrapGetProcAddress: Entered
413900/414300 00000141       .\bbhook.cpp (1092): TrapGetProcAddress: Exited
413900/414300 00000141       .\bbhook.cpp (1077): TrapGetProcAddress: Entered
413900/414300 00000141       .\bbhook.cpp (1092): TrapGetProcAddress: Exited
413900/414300 00000141       .\bbhook.cpp (1077): TrapGetProcAddress: Entered
413900/414300 00000141       .\bbhook.cpp (1092): TrapGetProcAddress: Exited
413900/414300 00000141       .\bbhook.cpp (1077): TrapGetProcAddress: Entered
413900/414300 00000141       .\bbhook.cpp (1092): TrapGetProcAddress: Exited
413900/414300 00000141       .\bbhook.cpp (1077): TrapGetProcAddress: Entered
413900/414300 00000141       .\bbhook.cpp (1092): TrapGetProcAddress: Exited
413900/414300 00000141       .\bbhook.cpp (1077): TrapGetProcAddress: Entered
413900/414300 00000141       .\bbhook.cpp (1092): TrapGetProcAddress: Exited
413900/414300 00000141       .\bbhook.cpp (1077): TrapGetProcAddress: Entered
413900/414300 00000141       .\bbhook.cpp (1092): TrapGetProcAddress: Exited
413900/414300 00000141       .\bbhook.cpp (1077): TrapGetProcAddress: Entered
413900/414300 00000141       .\bbhook.cpp (1092): TrapGetProcAddress: Exited
413900/414300 00000141       .\bbhook.cpp (1077): TrapGetProcAddress: Entered
413900/414300 00000141       .\bbhook.cpp (1092): TrapGetProcAddress: Exited
413900/414300 00000141       .\bbhook.cpp (1077): TrapGetProcAddress: Entered
413900/414300 00000141       .\bbhook.cpp (1092): TrapGetProcAddress: Exited
413900/414300 00000141       .\bbhook.cpp (1077): TrapGetProcAddress: Entered
413900/414300 00000141       .\bbhook.cpp (1092): TrapGetProcAddress: Exited
413900/414300 00000141       .\bbhook.cpp (1077): TrapGetProcAddress: Entered
413900/414300 00000141       .\bbhook.cpp (1092): TrapGetProcAddress: Exited
413900/414300 00000141       .\bbhook.cpp (1077): TrapGetProcAddress: Entered
413900/414300 00000141       .\bbhook.cpp (1092): TrapGetProcAddress: Exited
413900/414300 00000141       .\bbhook.cpp (1077): TrapGetProcAddress: Entered
413900/414300 00000141       .\bbhook.cpp (1092): TrapGetProcAddress: Exited
413900/414300 00000141       .\bbhook.cpp (1077): TrapGetProcAddress: Entered
413900/414300 00000141       .\bbhook.cpp (1092): TrapGetProcAddress: Exited
413900/414300 00000141       .\bbhook.cpp (1077): TrapGetProcAddress: Entered
413900/414300 00000141       .\bbhook.cpp (1092): TrapGetProcAddress: Exited
413900/414300 00000141       .\bbhook.cpp (1077): TrapGetProcAddress: Entered
413900/414300 00000141       .\bbhook.cpp (1092): TrapGetProcAddress: Exited
413900/414300 00000141       .\bbhook.cpp (1077): TrapGetProcAddress: Entered
413900/414300 00000141       .\bbhook.cpp (1092): TrapGetProcAddress: Exited
413900/414300 00000141       .\bbhook.cpp (1077): TrapGetProcAddress: Entered
413900/414300 00000141       .\bbhook.cpp (1092): TrapGetProcAddress: Exited
413900/414300 00000141       .\bbhook.cpp (1077): TrapGetProcAddress: Entered
413900/414300 00000141       .\bbhook.cpp (1092): TrapGetProcAddress: Exited
413900/414300 00000141       .\bbhook.cpp (1077): TrapGetProcAddress: Entered
413900/414300 00000141       .\bbhook.cpp (1092): TrapGetProcAddress: Exited
413900/414300 00000141       .\bbhook.cpp (1077): TrapGetProcAddress: Entered
413900/414300 00000141       .\bbhook.cpp (1092): TrapGetProcAddress: Exited
413900/414300 00000141       .\bbhook.cpp (1077): TrapGetProcAddress: Entered
413900/414300 00000141       .\bbhook.cpp (1092): TrapGetProcAddress: Exited
413900/414300 00000141       .\bbhook.cpp (1077): TrapGetProcAddress: Entered
413900/414300 00000141       .\bbhook.cpp (1092): TrapGetProcAddress: Exited
413900/414300 00000141       .\bbhook.cpp (1077): TrapGetProcAddress: Entered
413900/414300 00000141       .\bbhook.cpp (1092): TrapGetProcAddress: Exited
413900/414300 00000141       .\bbhook.cpp (1077): TrapGetProcAddress: Entered
413900/414300 00000141       .\bbhook.cpp (1092): TrapGetProcAddress: Exited
413900/414300 00000141       .\bbhook.cpp (1077): TrapGetProcAddress: Entered
413900/414300 00000141       .\bbhook.cpp (1092): TrapGetProcAddress: Exited
413900/414300 00000141       .\bbhook.cpp (1077): TrapGetProcAddress: Entered
413900/414300 00000141       .\bbhook.cpp (1092): TrapGetProcAddress: Exited
413900/414300 00000141       .\bbhook.cpp (1077): TrapGetProcAddress: Entered
413900/414300 00000141       .\bbhook.cpp (1092): TrapGetProcAddress: Exited
413900/414300 00000141       .\bbhook.cpp (1077): TrapGetProcAddress: Entered
413900/414300 00000141       .\bbhook.cpp (1092): TrapGetProcAddress: Exited
413900/414300 00000141       .\bbhook.cpp (1077): TrapGetProcAddress: Entered
413900/414300 00000141       .\bbhook.cpp (1092): TrapGetProcAddress: Exited
413900/414300 00000141       .\bbhook.cpp (1077): TrapGetProcAddress: Entered
413900/414300 00000141       .\bbhook.cpp (1092): TrapGetProcAddress: Exited
413900/414300 00000141       .\bbhook.cpp (1077): TrapGetProcAddress: Entered
413900/414300 00000141       .\bbhook.cpp (1092): TrapGetProcAddress: Exited
413900/414300 00000141       .\bbhook.cpp (1077): TrapGetProcAddress: Entered
413900/414300 00000141       .\bbhook.cpp (1092): TrapGetProcAddress: Exited
413900/414300 00000141       .\bbhook.cpp (1077): TrapGetProcAddress: Entered
413900/414300 00000141       .\bbhook.cpp (1092): TrapGetProcAddress: Exited
413900/414300 00000141       .\bbhook.cpp (1077): TrapGetProcAddress: Entered
413900/414300 00000141       .\bbhook.cpp (1092): TrapGetProcAddress: Exited
413900/414300 00000141       .\bbhook.cpp (1077): TrapGetProcAddress: Entered
413900/414300 00000141       .\bbhook.cpp (1092): TrapGetProcAddress: Exited
413900/414300 00000141       .\bbhook.cpp (1077): TrapGetProcAddress: Entered
413900/414300 00000141       .\bbhook.cpp (1092): TrapGetProcAddress: Exited
413900/414300 00000141       .\bbhook.cpp (1077): TrapGetProcAddress: Entered
413900/414300 00000141       .\bbhook.cpp (1092): TrapGetProcAddress: Exited
413900/414300 00000141       .\bbhook.cpp (1077): TrapGetProcAddress: Entered
413900/414300 00000141       .\bbhook.cpp (1092): TrapGetProcAddress: Exited
413900/414300 00000141       .\bbhook.cpp (1077): TrapGetProcAddress: Entered
413900/414300 00000141       .\bbhook.cpp (1092): TrapGetProcAddress: Exited
413900/414300 00000141       .\bbhook.cpp (1077): TrapGetProcAddress: Entered
413900/414300 00000141       .\bbhook.cpp (1092): TrapGetProcAddress: Exited
413900/414300 00000141       .\bbhook.cpp (1077): TrapGetProcAddress: Entered
413900/414300 00000141       .\bbhook.cpp (1092): TrapGetProcAddress: Exited
413900/414300 00000141       .\bbhook.cpp (1077): TrapGetProcAddress: Entered
413900/414300 00000141       .\bbhook.cpp (1092): TrapGetProcAddress: Exited
413900/414300 00000141       .\bbhook.cpp (1077): TrapGetProcAddress: Entered
413900/414300 00000141       .\bbhook.cpp (1092): TrapGetProcAddress: Exited
413900/414300 00000141       .\bbhook.cpp (1077): TrapGetProcAddress: Entered
413900/414300 00000141       .\bbhook.cpp (1092): TrapGetProcAddress: Exited
413900/414300 00000141       .\bbhook.cpp (1077): TrapGetProcAddress: Entered
413900/414300 00000141       .\bbhook.cpp (1092): TrapGetProcAddress: Exited
413900/414300 00000141       .\bbhook.cpp (1077): TrapGetProcAddress: Entered
413900/414300 00000141       .\bbhook.cpp (1092): TrapGetProcAddress: Exited
413900/414300 00000141       .\bbhook.cpp (1077): TrapGetProcAddress: Entered
413900/414300 00000141       .\bbhook.cpp (1092): TrapGetProcAddress: Exited
413900/414300 00000141       .\bbhook.cpp (1077): TrapGetProcAddress: Entered
413900/414300 00000141       .\bbhook.cpp (1092): TrapGetProcAddress: Exited
413900/414300 00000141       .\bbhook.cpp (1077): TrapGetProcAddress: Entered
413900/414300 00000141       .\bbhook.cpp (1092): TrapGetProcAddress: Exited
413900/414300 00000141       .\bbhook.cpp (1077): TrapGetProcAddress: Entered
413900/414300 00000141       .\bbhook.cpp (1092): TrapGetProcAddress: Exited
413900/414300 00000141       .\bbhook.cpp (1077): TrapGetProcAddress: Entered
413900/414300 00000141       .\bbhook.cpp (1092): TrapGetProcAddress: Exited
413900/414300 00000141       .\bbhook.cpp (1077): TrapGetProcAddress: Entered
413900/414300 00000141       .\bbhook.cpp (1092): TrapGetProcAddress: Exited
413900/414300 00000141       .\bbhook.cpp (1077): TrapGetProcAddress: Entered
413900/414300 00000141       .\bbhook.cpp (1092): TrapGetProcAddress: Exited
413900/414300 00000141       .\bbhook.cpp (1077): TrapGetProcAddress: Entered
413900/414300 00000141       .\bbhook.cpp (1092): TrapGetProcAddress: Exited
413900/414300 00000141       .\bbhook.cpp (1077): TrapGetProcAddress: Entered
413900/414300 00000141       .\bbhook.cpp (1092): TrapGetProcAddress: Exited
413900/414300 00000141       .\bbhook.cpp (1077): TrapGetProcAddress: Entered
413900/414300 00000141       .\bbhook.cpp (1092): TrapGetProcAddress: Exited
413900/414300 00000141       .\bbhook.cpp (1077): TrapGetProcAddress: Entered
413900/414300 00000141       .\bbhook.cpp (1092): TrapGetProcAddress: Exited
413900/414300 00000141       .\bbhook.cpp (1077): TrapGetProcAddress: Entered
413900/414300 00000141       .\bbhook.cpp (1092): TrapGetProcAddress: Exited
413900/414300 00000141       .\bbhook.cpp (1077): TrapGetProcAddress: Entered
413900/414300 00000141       .\bbhook.cpp (1092): TrapGetProcAddress: Exited
413900/414300 00000141       .\bbhook.cpp (1077): TrapGetProcAddress: Entered
413900/414300 00000141       .\bbhook.cpp (1092): TrapGetProcAddress: Exited
413900/414300 00000141       .\bbhook.cpp (1077): TrapGetProcAddress: Entered
413900/414300 00000141       .\bbhook.cpp (1092): TrapGetProcAddress: Exited
413900/414300 00000141       .\bbhook.cpp (1077): TrapGetProcAddress: Entered
413900/414300 00000141       .\bbhook.cpp (1092): TrapGetProcAddress: Exited
413900/414300 00000141       .\bbhook.cpp (1077): TrapGetProcAddress: Entered
413900/414300 00000141       .\bbhook.cpp (1092): TrapGetProcAddress: Exited
413900/414300 00000141       .\bbhook.cpp (1077): TrapGetProcAddress: Entered
413900/414300 00000141       .\bbhook.cpp (1092): TrapGetProcAddress: Exited
413900/414300 00000141       .\bbhook.cpp (1077): TrapGetProcAddress: Entered
413900/414300 00000141       .\bbhook.cpp (1092): TrapGetProcAddress: Exited
413900/414300 00000141       .\bbhook.cpp (1077): TrapGetProcAddress: Entered
413900/414300 00000141       .\bbhook.cpp (1092): TrapGetProcAddress: Exited
413900/414300 00000141       .\bbhook.cpp (1077): TrapGetProcAddress: Entered
413900/414300 00000141       .\bbhook.cpp (1092): TrapGetProcAddress: Exited
413900/414300 00000141       .\bbhook.cpp (1077): TrapGetProcAddress: Entered
413900/414300 00000141       .\bbhook.cpp (1092): TrapGetProcAddress: Exited
413900/414300 00000141       .\bbhook.cpp (1077): TrapGetProcAddress: Entered
413900/414300 00000141       .\bbhook.cpp (1092): TrapGetProcAddress: Exited
413900/414300 00000141       .\bbhook.cpp (1077): TrapGetProcAddress: Entered
413900/414300 00000141       .\bbhook.cpp (1092): TrapGetProcAddress: Exited
413900/414300 00000141       .\bbhook.cpp (1077): TrapGetProcAddress: Entered
413900/414300 00000141       .\bbhook.cpp (1092): TrapGetProcAddress: Exited
413900/414300 00000141       .\bbhook.cpp (1077): TrapGetProcAddress: Entered
413900/414300 00000141       .\bbhook.cpp (1092): TrapGetProcAddress: Exited
413900/414300 00000141       .\bbhook.cpp (1077): TrapGetProcAddress: Entered
413900/414300 00000141       .\bbhook.cpp (1092): TrapGetProcAddress: Exited
413900/414300 00000141       .\bbhook.cpp (1077): TrapGetProcAddress: Entered
413900/414300 00000141       .\bbhook.cpp (1092): TrapGetProcAddress: Exited
413900/414300 00000141       .\bbhook.cpp (1077): TrapGetProcAddress: Entered
413900/414300 00000141       .\bbhook.cpp (1092): TrapGetProcAddress: Exited
413900/414300 00000141       .\bbhook.cpp (1077): TrapGetProcAddress: Entered
413900/414300 00000141       .\bbhook.cpp (1092): TrapGetProcAddress: Exited
413900/414300 00000141       .\bbhook.cpp (1077): TrapGetProcAddress: Entered
413900/414300 00000141       .\bbhook.cpp (1092): TrapGetProcAddress: Exited
413900/414300 00000141       .\bbhook.cpp (1077): TrapGetProcAddress: Entered
413900/414300 00000141       .\bbhook.cpp (1092): TrapGetProcAddress: Exited
413900/414300 00000141       .\bbhook.cpp (1077): TrapGetProcAddress: Entered
413900/414300 00000141       .\bbhook.cpp (1092): TrapGetProcAddress: Exited
413900/414300 00000141       .\bbhook.cpp (1077): TrapGetProcAddress: Entered
413900/414300 00000141       .\bbhook.cpp (1092): TrapGetProcAddress: Exited
413900/414300 00000141       .\bbhook.cpp (1077): TrapGetProcAddress: Entered
413900/414300 00000141       .\bbhook.cpp (1092): TrapGetProcAddress: Exited
413900/414300 00000141       .\bbhook.cpp (1077): TrapGetProcAddress: Entered
413900/414300 00000141       .\bbhook.cpp (1092): TrapGetProcAddress: Exited
413900/414300 00000141       .\bbhook.cpp (1077): TrapGetProcAddress: Entered
413900/414300 00000141       .\bbhook.cpp (1092): TrapGetProcAddress: Exited
413900/414300 00000141       .\bbhook.cpp (1077): TrapGetProcAddress: Entered
413900/414300 00000141       .\bbhook.cpp (1092): TrapGetProcAddress: Exited
413900/414300 00000141       .\bbhook.cpp (1077): TrapGetProcAddress: Entered
413900/414300 00000141       .\bbhook.cpp (1092): TrapGetProcAddress: Exited
413900/414300 00000141       .\bbhook.cpp (1077): TrapGetProcAddress: Entered
413900/414300 00000141       .\bbhook.cpp (1092): TrapGetProcAddress: Exited
413900/414300 00000141       .\bbhook.cpp (1077): TrapGetProcAddress: Entered
413900/414300 00000141       .\bbhook.cpp (1092): TrapGetProcAddress: Exited
413900/414300 00000141       .\bbhook.cpp (1077): TrapGetProcAddress: Entered
413900/414300 00000141       .\bbhook.cpp (1092): TrapGetProcAddress: Exited
413900/414300 00000141       .\bbhook.cpp (1077): TrapGetProcAddress: Entered
413900/414300 00000141       .\bbhook.cpp (1092): TrapGetProcAddress: Exited
413900/414300 00000141       .\bbhook.cpp (1077): TrapGetProcAddress: Entered
413900/414300 00000141       .\bbhook.cpp (1092): TrapGetProcAddress: Exited
413900/414300 00000141       .\bbhook.cpp (1077): TrapGetProcAddress: Entered
413900/414300 00000141       .\bbhook.cpp (1092): TrapGetProcAddress: Exited
413900/414300 00000141       .\bbhook.cpp (1077): TrapGetProcAddress: Entered
413900/414300 00000141       .\bbhook.cpp (1092): TrapGetProcAddress: Exited
413900/414300 00000141       .\bbhook.cpp (1077): TrapGetProcAddress: Entered
413900/414300 00000141       .\bbhook.cpp (1092): TrapGetProcAddress: Exited
413900/414300 00000141       .\bbhook.cpp (1077): TrapGetProcAddress: Entered
413900/414300 00000141       .\bbhook.cpp (1092): TrapGetProcAddress: Exited
413900/414300 00000141       .\bbhook.cpp (1077): TrapGetProcAddress: Entered
413900/414300 00000141       .\bbhook.cpp (1092): TrapGetProcAddress: Exited
413900/414300 00000141       .\bbhook.cpp (1077): TrapGetProcAddress: Entered
413900/414300 00000141       .\bbhook.cpp (1092): TrapGetProcAddress: Exited
413900/414300 00000141       .\bbhook.cpp (1077): TrapGetProcAddress: Entered
413900/414300 00000141       .\bbhook.cpp (1092): TrapGetProcAddress: Exited
413900/414300 00000141       .\bbhook.cpp (1077): TrapGetProcAddress: Entered
413900/414300 00000141       .\bbhook.cpp (1092): TrapGetProcAddress: Exited
413900/414300 00000141       .\bbhook.cpp (1077): TrapGetProcAddress: Entered
413900/414300 00000141       .\bbhook.cpp (1092): TrapGetProcAddress: Exited
413900/414300 00000141       .\bbhook.cpp (1077): TrapGetProcAddress: Entered
413900/414300 00000141       .\bbhook.cpp (1092): TrapGetProcAddress: Exited
413900/414300 00000141       .\bbhook.cpp (1077): TrapGetProcAddress: Entered
413900/414300 00000141       .\bbhook.cpp (1092): TrapGetProcAddress: Exited
413900/414300 00000141       .\bbhook.cpp (1077): TrapGetProcAddress: Entered
413900/414300 00000141       .\bbhook.cpp (1092): TrapGetProcAddress: Exited
413900/414300 00000141       .\bbhook.cpp (1077): TrapGetProcAddress: Entered
413900/414300 00000141       .\bbhook.cpp (1092): TrapGetProcAddress: Exited
413900/414300 00000141       .\bbhook.cpp (1077): TrapGetProcAddress: Entered
413900/414300 00000141       .\bbhook.cpp (1092): TrapGetProcAddress: Exited
413900/414300 00000141       .\bbhook.cpp (1077): TrapGetProcAddress: Entered
413900/414300 00000141       .\bbhook.cpp (1092): TrapGetProcAddress: Exited
413900/414300 00000141       .\bbhook.cpp (1077): TrapGetProcAddress: Entered
413900/414300 00000141       .\bbhook.cpp (1092): TrapGetProcAddress: Exited
413900/414300 00000141       .\bbhook.cpp (1077): TrapGetProcAddress: Entered
413900/414300 00000141       .\bbhook.cpp (1092): TrapGetProcAddress: Exited
413900/414300 00000141       .\bbhook.cpp (1077): TrapGetProcAddress: Entered
413900/414300 00000141       .\bbhook.cpp (1092): TrapGetProcAddress: Exited
413900/414300 00000141       .\bbhook.cpp (1077): TrapGetProcAddress: Entered
413900/414300 00000141       .\bbhook.cpp (1092): TrapGetProcAddress: Exited
413900/414300 00000141       .\bbhook.cpp (1077): TrapGetProcAddress: Entered
413900/414300 00000141       .\bbhook.cpp (1092): TrapGetProcAddress: Exited
413900/414300 00000141       .\bbhook.cpp (1077): TrapGetProcAddress: Entered
413900/414300 00000141       .\bbhook.cpp (1092): TrapGetProcAddress: Exited
413900/414300 00000141       .\bbhook.cpp (1077): TrapGetProcAddress: Entered
413900/414300 00000141       .\bbhook.cpp (1092): TrapGetProcAddress: Exited
413900/414300 00000141       .\bbhook.cpp (1077): TrapGetProcAddress: Entered
413900/414300 00000141       .\bbhook.cpp (1092): TrapGetProcAddress: Exited
413900/414300 00000141       .\bbhook.cpp (1077): TrapGetProcAddress: Entered
413900/414300 00000141       .\bbhook.cpp (1092): TrapGetProcAddress: Exited
413900/414300 00000141       .\bbhook.cpp (1077): TrapGetProcAddress: Entered
413900/414300 00000141       .\bbhook.cpp (1092): TrapGetProcAddress: Exited
413900/414300 00000141       .\bbhook.cpp (1077): TrapGetProcAddress: Entered
413900/414300 00000141       .\bbhook.cpp (1092): TrapGetProcAddress: Exited
413900/414300 00000141       .\bbhook.cpp (1077): TrapGetProcAddress: Entered
413900/414300 00000141       .\bbhook.cpp (1092): TrapGetProcAddress: Exited
413900/414300 00000141       .\bbhook.cpp (2122): TrapFreeLibrary: Entered
413900/414300 00000141       .\bbhook.cpp (2123): TrapFreeLibrary: library name is C:\Windows\Microsoft.NET\Framework\v4.0.30319\cvtres.exe
413900/414300 00000156    15 .\bbhook.cpp (2186): TrapFreeLibrary: Exited
413900/414300 00000156       .\bbhook.cpp (1077): TrapGetProcAddress: Entered
413900/414300 00000156       .\bbhook.cpp (1092): TrapGetProcAddress: Exited
413900/414300 00000156       .\bbhook.cpp (1077): TrapGetProcAddress: Entered
413900/414300 00000156       .\bbhook.cpp (1092): TrapGetProcAddress: Exited
413900/414300 00000156       .\bbhook.cpp (1077): TrapGetProcAddress: Entered
413900/414300 00000156       .\bbhook.cpp (1092): TrapGetProcAddress: Exited
413900/414300 00000156       .\bbhook.cpp (1077): TrapGetProcAddress: Entered
413900/414300 00000156       .\bbhook.cpp (1092): TrapGetProcAddress: Exited
413900/414300 00000156       .\bbhook.cpp (1077): TrapGetProcAddress: Entered
413900/414300 00000156       .\bbhook.cpp (1092): TrapGetProcAddress: Exited
413900/414300 00000156       .\bbhook.cpp (1077): TrapGetProcAddress: Entered
413900/414300 00000156       .\bbhook.cpp (1092): TrapGetProcAddress: Exited
