Record Trace from C:\Windows\Microsoft.NET\Framework\v4.0.30319\cvtres.exe2016-05-26 11:15:33
--------------------------------------------

414564/415588 00000000       .\bbhook.cpp (1077): TrapGetProcAddress: Entered
414564/415588 00000000       .\bbhook.cpp (1092): TrapGetProcAddress: Exited
414564/415588 00000000       .\bbhook.cpp (1077): TrapGetProcAddress: Entered
414564/415588 00000000       .\bbhook.cpp (1092): TrapGetProcAddress: Exited
414564/415588 00000000       .\bbhook.cpp (1077): TrapGetProcAddress: Entered
414564/415588 00000000       .\bbhook.cpp (1092): TrapGetProcAddress: Exited
414564/415588 00000000       .\bbhook.cpp (1077): TrapGetProcAddress: Entered
414564/415588 00000000       .\bbhook.cpp (1092): TrapGetProcAddress: Exited
414564/415588 00000000       .\bbhook.cpp (1077): TrapGetProcAddress: Entered
414564/415588 00000000       .\bbhook.cpp (1092): TrapGetProcAddress: Exited
414564/415588 00000000       .\bbhook.cpp (1077): TrapGetProcAddress: Entered
414564/415588 00000000       .\bbhook.cpp (1092): TrapGetProcAddress: Exited
414564/415588 00000000       .\bbhook.cpp (1077): TrapGetProcAddress: Entered
414564/415588 00000000       .\bbhook.cpp (1092): TrapGetProcAddress: Exited
414564/415588 00000000       .\bbhook.cpp (1077): TrapGetProcAddress: Entered
414564/415588 00000000       .\bbhook.cpp (1092): TrapGetProcAddress: Exited
414564/415588 00000000       .\bbhook.cpp (1077): TrapGetProcAddress: Entered
414564/415588 00000000       .\bbhook.cpp (1092): TrapGetProcAddress: Exited
414564/415588 00000000       .\bbhook.cpp (1077): TrapGetProcAddress: Entered
414564/415588 00000000       .\bbhook.cpp (1092): TrapGetProcAddress: Exited
414564/415588 00000000       .\bbhook.cpp (1077): TrapGetProcAddress: Entered
414564/415588 00000000       .\bbhook.cpp (1092): TrapGetProcAddress: Exited
414564/415588 00000000       .\bbhook.cpp (1077): TrapGetProcAddress: Entered
414564/415588 00000000       .\bbhook.cpp (1092): TrapGetProcAddress: Exited
414564/415588 00000000       .\bbhook.cpp (1077): TrapGetProcAddress: Entered
414564/415588 00000000       .\bbhook.cpp (1092): TrapGetProcAddress: Exited
414564/415588 00000000       .\bbhook.cpp (1077): TrapGetProcAddress: Entered
414564/415588 00000000       .\bbhook.cpp (1092): TrapGetProcAddress: Exited
414564/415588 00000000       .\bbhook.cpp (1077): TrapGetProcAddress: Entered
414564/415588 00000000       .\bbhook.cpp (1092): TrapGetProcAddress: Exited
414564/415588 00000000       .\bbhook.cpp (1077): TrapGetProcAddress: Entered
414564/415588 00000000       .\bbhook.cpp (1092): TrapGetProcAddress: Exited
414564/415588 00000000       .\bbhook.cpp (1077): TrapGetProcAddress: Entered
414564/415588 00000000       .\bbhook.cpp (1092): TrapGetProcAddress: Exited
414564/415588 00000000       .\bbhook.cpp (1077): TrapGetProcAddress: Entered
414564/415588 00000000       .\bbhook.cpp (1092): TrapGetProcAddress: Exited
414564/415588 00000000       .\bbhook.cpp (1077): TrapGetProcAddress: Entered
414564/415588 00000000       .\bbhook.cpp (1092): TrapGetProcAddress: Exited
414564/415588 00000000       .\bbhook.cpp (1077): TrapGetProcAddress: Entered
414564/415588 00000000       .\bbhook.cpp (1092): TrapGetProcAddress: Exited
414564/415588 00000000       .\bbhook.cpp (1077): TrapGetProcAddress: Entered
414564/415588 00000000       .\bbhook.cpp (1092): TrapGetProcAddress: Exited
414564/415588 00000000       .\bbhook.cpp (1412): TrapLoadLibraryExW: Entered
414564/415164 00000000       .\bbhook.cpp (1370): TrapLoadLibraryExA: Entered
414564/415164 00000000       .\bbhook.cpp (1371): TrapLoadLibraryExA: library name is CRYPTSP.dll
414564/415588 00000016    16 .\bbhook.cpp (1444): TrapLoadLibraryExW: Exited
414564/415588 00000016       .\bbhook.cpp (1077): TrapGetProcAddress: Entered
414564/415588 00000016       .\bbhook.cpp (1092): TrapGetProcAddress: Exited
414564/415588 00000016       .\bbhook.cpp (1412): TrapLoadLibraryExW: Entered
414564/415164 00000016       .\bbhook.cpp (1404): TrapLoadLibraryExA: Exited
414564/415164 00000016       .\bbhook.cpp (1077): TrapGetProcAddress: Entered
414564/415164 00000016       .\bbhook.cpp (1092): TrapGetProcAddress: Exited
414564/415588 00000032    16 .\bbhook.cpp (1444): TrapLoadLibraryExW: Exited
414564/415588 00000032       .\bbhook.cpp (1077): TrapGetProcAddress: Entered
414564/415588 00000032       .\bbhook.cpp (1092): TrapGetProcAddress: Exited
414564/415588 00000032       .\bbhook.cpp (2122): TrapFreeLibrary: Entered
414564/415588 00000032       .\bbhook.cpp (2123): TrapFreeLibrary: library name is C:\Windows\system32\uxtheme.dll
414564/415588 00000032       .\bbhook.cpp (2186): TrapFreeLibrary: Exited
414564/415588 00000032       .\bbhook.cpp (1077): TrapGetProcAddress: Entered
414564/415588 00000032       .\bbhook.cpp (1092): TrapGetProcAddress: Exited
414564/415588 00000032       .\bbhook.cpp (1412): TrapLoadLibraryExW: Entered
414564/415164 00000032       .\bbhook.cpp (1370): TrapLoadLibraryExA: Entered
414564/415164 00000032       .\bbhook.cpp (1371): TrapLoadLibraryExA: library name is C:\Windows\system32\rsaenh.dll
414564/415588 00000032       .\bbhook.cpp (1444): TrapLoadLibraryExW: Exited
414564/415588 00000032       .\bbhook.cpp (1077): TrapGetProcAddress: Entered
414564/415588 00000032       .\bbhook.cpp (1092): TrapGetProcAddress: Exited
414564/415588 00000032       .\bbhook.cpp (2122): TrapFreeLibrary: Entered
414564/415588 00000032       .\bbhook.cpp (2123): TrapFreeLibrary: library name is C:\Windows\system32\uxtheme.dll
414564/415588 00000047    15 .\bbhook.cpp (2186): TrapFreeLibrary: Exited
414564/415588 00000047       .\bbhook.cpp (1412): TrapLoadLibraryExW: Entered
414564/415164 00000047       .\bbhook.cpp (1404): TrapLoadLibraryExA: Exited
414564/415164 00000047       .\bbhook.cpp (1077): TrapGetProcAddress: Entered
414564/415164 00000047       .\bbhook.cpp (1092): TrapGetProcAddress: Exited
414564/415164 00000047       .\bbhook.cpp (1077): TrapGetProcAddress: Entered
414564/415164 00000047       .\bbhook.cpp (1092): TrapGetProcAddress: Exited
414564/415164 00000047       .\bbhook.cpp (1077): TrapGetProcAddress: Entered
414564/415164 00000047       .\bbhook.cpp (1092): TrapGetProcAddress: Exited
414564/415164 00000047       .\bbhook.cpp (1077): TrapGetProcAddress: Entered
414564/415164 00000047       .\bbhook.cpp (1092): TrapGetProcAddress: Exited
414564/415164 00000047       .\bbhook.cpp (1077): TrapGetProcAddress: Entered
414564/415164 00000047       .\bbhook.cpp (1092): TrapGetProcAddress: Exited
414564/415164 00000047       .\bbhook.cpp (1077): TrapGetProcAddress: Entered
414564/415164 00000047       .\bbhook.cpp (1092): TrapGetProcAddress: Exited
414564/415164 00000047       .\bbhook.cpp (1077): TrapGetProcAddress: Entered
414564/415164 00000047       .\bbhook.cpp (1092): TrapGetProcAddress: Exited
414564/415164 00000047       .\bbhook.cpp (1077): TrapGetProcAddress: Entered
414564/415164 00000047       .\bbhook.cpp (1092): TrapGetProcAddress: Exited
414564/415164 00000047       .\bbhook.cpp (1077): TrapGetProcAddress: Entered
414564/415164 00000047       .\bbhook.cpp (1092): TrapGetProcAddress: Exited
414564/415164 00000047       .\bbhook.cpp (1077): TrapGetProcAddress: Entered
414564/415164 00000047       .\bbhook.cpp (1092): TrapGetProcAddress: Exited
414564/415164 00000047       .\bbhook.cpp (1077): TrapGetProcAddress: Entered
414564/415164 00000047       .\bbhook.cpp (1092): TrapGetProcAddress: Exited
414564/415164 00000047       .\bbhook.cpp (1077): TrapGetProcAddress: Entered
414564/415164 00000047       .\bbhook.cpp (1092): TrapGetProcAddress: Exited
414564/415164 00000047       .\bbhook.cpp (1077): TrapGetProcAddress: Entered
414564/415164 00000047       .\bbhook.cpp (1092): TrapGetProcAddress: Exited
414564/415164 00000047       .\bbhook.cpp (1077): TrapGetProcAddress: Entered
414564/415164 00000047       .\bbhook.cpp (1092): TrapGetProcAddress: Exited
414564/415164 00000047       .\bbhook.cpp (1077): TrapGetProcAddress: Entered
414564/415164 00000047       .\bbhook.cpp (1092): TrapGetProcAddress: Exited
414564/415164 00000047       .\bbhook.cpp (1077): TrapGetProcAddress: Entered
414564/415164 00000047       .\bbhook.cpp (1092): TrapGetProcAddress: Exited
414564/415164 00000047       .\bbhook.cpp (1077): TrapGetProcAddress: Entered
414564/415164 00000047       .\bbhook.cpp (1092): TrapGetProcAddress: Exited
414564/415164 00000047       .\bbhook.cpp (1077): TrapGetProcAddress: Entered
414564/415164 00000047       .\bbhook.cpp (1092): TrapGetProcAddress: Exited
414564/415164 00000047       .\bbhook.cpp (1077): TrapGetProcAddress: Entered
414564/415164 00000047       .\bbhook.cpp (1092): TrapGetProcAddress: Exited
414564/415164 00000047       .\bbhook.cpp (1077): TrapGetProcAddress: Entered
414564/415164 00000047       .\bbhook.cpp (1092): TrapGetProcAddress: Exited
414564/415164 00000047       .\bbhook.cpp (1077): TrapGetProcAddress: Entered
414564/415164 00000047       .\bbhook.cpp (1092): TrapGetProcAddress: Exited
414564/415164 00000047       .\bbhook.cpp (1077): TrapGetProcAddress: Entered
414564/415164 00000047       .\bbhook.cpp (1092): TrapGetProcAddress: Exited
414564/415164 00000047       .\bbhook.cpp (1077): TrapGetProcAddress: Entered
414564/415164 00000047       .\bbhook.cpp (1092): TrapGetProcAddress: Exited
414564/415164 00000047       .\bbhook.cpp (1077): TrapGetProcAddress: Entered
414564/415164 00000047       .\bbhook.cpp (1092): TrapGetProcAddress: Exited
414564/415164 00000047       .\bbhook.cpp (1077): TrapGetProcAddress: Entered
414564/415164 00000047       .\bbhook.cpp (1092): TrapGetProcAddress: Exited
414564/415164 00000047       .\bbhook.cpp (1370): TrapLoadLibraryExA: Entered
414564/415164 00000047       .\bbhook.cpp (1371): TrapLoadLibraryExA: library name is ADVAPI32.dll
414564/415588 00000063    16 .\bbhook.cpp (1444): TrapLoadLibraryExW: Exited
414564/415588 00000063       .\bbhook.cpp (1077): TrapGetProcAddress: Entered
414564/415588 00000063       .\bbhook.cpp (1092): TrapGetProcAddress: Exited
414564/415588 00000063       .\bbhook.cpp (2122): TrapFreeLibrary: Entered
414564/415588 00000063       .\bbhook.cpp (2123): TrapFreeLibrary: library name is C:\Windows\system32\uxtheme.dll
414564/415588 00000063       .\bbhook.cpp (2186): TrapFreeLibrary: Exited
414564/415588 00000078    15 .\bbhook.cpp (1412): TrapLoadLibraryExW: Entered
414564/415164 00000094    16 .\bbhook.cpp (1404): TrapLoadLibraryExA: Exited
414564/415164 00000094       .\bbhook.cpp (1077): TrapGetProcAddress: Entered
414564/415164 00000094       .\bbhook.cpp (1092): TrapGetProcAddress: Exited
414564/415164 00000094       .\bbhook.cpp (1077): TrapGetProcAddress: Entered
414564/415164 00000094       .\bbhook.cpp (1092): TrapGetProcAddress: Exited
414564/415164 00000094       .\bbhook.cpp (1077): TrapGetProcAddress: Entered
414564/415164 00000094       .\bbhook.cpp (1092): TrapGetProcAddress: Exited
414564/415164 00000094       .\bbhook.cpp (1077): TrapGetProcAddress: Entered
414564/415164 00000094       .\bbhook.cpp (1092): TrapGetProcAddress: Exited
414564/415164 00000094       .\bbhook.cpp (1077): TrapGetProcAddress: Entered
414564/415164 00000094       .\bbhook.cpp (1092): TrapGetProcAddress: Exited
414564/415164 00000094       .\bbhook.cpp (1077): TrapGetProcAddress: Entered
414564/415164 00000094       .\bbhook.cpp (1092): TrapGetProcAddress: Exited
414564/415164 00000094       .\bbhook.cpp (1370): TrapLoadLibraryExA: Entered
414564/415164 00000094       .\bbhook.cpp (1371): TrapLoadLibraryExA: library name is CRYPTBASE.dll
414564/415164 00000110    16 .\bbhook.cpp (1404): TrapLoadLibraryExA: Exited
414564/415164 00000110       .\bbhook.cpp (1077): TrapGetProcAddress: Entered
414564/415164 00000110       .\bbhook.cpp (1092): TrapGetProcAddress: Exited
414564/415164 00000110       .\bbhook.cpp (1077): TrapGetProcAddress: Entered
414564/415164 00000110       .\bbhook.cpp (1092): TrapGetProcAddress: Exited
414564/415164 00000110       .\bbhook.cpp (1077): TrapGetProcAddress: Entered
414564/415164 00000110       .\bbhook.cpp (1092): TrapGetProcAddress: Exited
414564/415164 00000110       .\bbhook.cpp (1077): TrapGetProcAddress: Entered
414564/415164 00000110       .\bbhook.cpp (1092): TrapGetProcAddress: Exited
414564/415164 00000110       .\bbhook.cpp (1077): TrapGetProcAddress: Entered
414564/415164 00000110       .\bbhook.cpp (1092): TrapGetProcAddress: Exited
414564/415588 00000110       .\bbhook.cpp (1444): TrapLoadLibraryExW: Exited
414564/415164 00000110       .\bbhook.cpp (1077): TrapGetProcAddress: Entered
414564/415164 00000110       .\bbhook.cpp (1092): TrapGetProcAddress: Exited
414564/415164 00000110       .\bbhook.cpp (1077): TrapGetProcAddress: Entered
414564/415164 00000110       .\bbhook.cpp (1092): TrapGetProcAddress: Exited
414564/415164 00000110       .\bbhook.cpp (1077): TrapGetProcAddress: Entered
414564/415164 00000110       .\bbhook.cpp (1092): TrapGetProcAddress: Exited
414564/415164 00000110       .\bbhook.cpp (1077): TrapGetProcAddress: Entered
414564/415164 00000110       .\bbhook.cpp (1092): TrapGetProcAddress: Exited
414564/415164 00000110       .\bbhook.cpp (1077): TrapGetProcAddress: Entered
414564/415164 00000110       .\bbhook.cpp (1092): TrapGetProcAddress: Exited
414564/415164 00000110       .\bbhook.cpp (1077): TrapGetProcAddress: Entered
414564/415164 00000110       .\bbhook.cpp (1092): TrapGetProcAddress: Exited
414564/415164 00000110       .\bbhook.cpp (1077): TrapGetProcAddress: Entered
414564/415164 00000110       .\bbhook.cpp (1092): TrapGetProcAddress: Exited
414564/415164 00000110       .\bbhook.cpp (1077): TrapGetProcAddress: Entered
414564/415164 00000110       .\bbhook.cpp (1092): TrapGetProcAddress: Exited
414564/415164 00000110       .\bbhook.cpp (1077): TrapGetProcAddress: Entered
414564/415164 00000110       .\bbhook.cpp (1092): TrapGetProcAddress: Exited
414564/415164 00000110       .\bbhook.cpp (1077): TrapGetProcAddress: Entered
414564/415164 00000110       .\bbhook.cpp (1092): TrapGetProcAddress: Exited
414564/415164 00000110       .\bbhook.cpp (1077): TrapGetProcAddress: Entered
414564/415164 00000110       .\bbhook.cpp (1092): TrapGetProcAddress: Exited
414564/415164 00000110       .\bbhook.cpp (1077): TrapGetProcAddress: Entered
414564/415164 00000110       .\bbhook.cpp (1092): TrapGetProcAddress: Exited
414564/415164 00000110       .\bbhook.cpp (1077): TrapGetProcAddress: Entered
414564/415164 00000110       .\bbhook.cpp (1092): TrapGetProcAddress: Exited
414564/415164 00000110       .\bbhook.cpp (1077): TrapGetProcAddress: Entered
414564/415164 00000110       .\bbhook.cpp (1092): TrapGetProcAddress: Exited
414564/415164 00000110       .\bbhook.cpp (1077): TrapGetProcAddress: Entered
414564/415164 00000110       .\bbhook.cpp (1092): TrapGetProcAddress: Exited
414564/415164 00000110       .\bbhook.cpp (1077): TrapGetProcAddress: Entered
414564/415164 00000110       .\bbhook.cpp (1092): TrapGetProcAddress: Exited
414564/415164 00000110       .\bbhook.cpp (1077): TrapGetProcAddress: Entered
414564/415164 00000110       .\bbhook.cpp (1092): TrapGetProcAddress: Exited
414564/415164 00000110       .\bbhook.cpp (1077): TrapGetProcAddress: Entered
414564/415164 00000110       .\bbhook.cpp (1092): TrapGetProcAddress: Exited
414564/415164 00000110       .\bbhook.cpp (1077): TrapGetProcAddress: Entered
414564/415164 00000110       .\bbhook.cpp (1092): TrapGetProcAddress: Exited
414564/415164 00000110       .\bbhook.cpp (1077): TrapGetProcAddress: Entered
414564/415164 00000110       .\bbhook.cpp (1092): TrapGetProcAddress: Exited
414564/415164 00000110       .\bbhook.cpp (1077): TrapGetProcAddress: Entered
414564/415164 00000110       .\bbhook.cpp (1092): TrapGetProcAddress: Exited
414564/415164 00000110       .\bbhook.cpp (1077): TrapGetProcAddress: Entered
414564/415164 00000110       .\bbhook.cpp (1092): TrapGetProcAddress: Exited
414564/415164 00000110       .\bbhook.cpp (1077): TrapGetProcAddress: Entered
414564/415164 00000110       .\bbhook.cpp (1092): TrapGetProcAddress: Exited
414564/415164 00000110       .\bbhook.cpp (1077): TrapGetProcAddress: Entered
414564/415164 00000110       .\bbhook.cpp (1092): TrapGetProcAddress: Exited
414564/415164 00000110       .\bbhook.cpp (1077): TrapGetProcAddress: Entered
414564/415164 00000110       .\bbhook.cpp (1092): TrapGetProcAddress: Exited
414564/415164 00000110       .\bbhook.cpp (1077): TrapGetProcAddress: Entered
414564/415164 00000110       .\bbhook.cpp (1092): TrapGetProcAddress: Exited
414564/415164 00000110       .\bbhook.cpp (1077): TrapGetProcAddress: Entered
414564/415164 00000110       .\bbhook.cpp (1092): TrapGetProcAddress: Exited
414564/415164 00000110       .\bbhook.cpp (1077): TrapGetProcAddress: Entered
414564/415164 00000110       .\bbhook.cpp (1092): TrapGetProcAddress: Exited
414564/415164 00000110       .\bbhook.cpp (1077): TrapGetProcAddress: Entered
414564/415164 00000110       .\bbhook.cpp (1092): TrapGetProcAddress: Exited
414564/415164 00000110       .\bbhook.cpp (1077): TrapGetProcAddress: Entered
414564/415164 00000110       .\bbhook.cpp (1092): TrapGetProcAddress: Exited
414564/415164 00000110       .\bbhook.cpp (1077): TrapGetProcAddress: Entered
414564/415164 00000110       .\bbhook.cpp (1092): TrapGetProcAddress: Exited
414564/415164 00000110       .\bbhook.cpp (1077): TrapGetProcAddress: Entered
414564/415164 00000110       .\bbhook.cpp (1092): TrapGetProcAddress: Exited
414564/415164 00000110       .\bbhook.cpp (1077): TrapGetProcAddress: Entered
414564/415164 00000110       .\bbhook.cpp (1092): TrapGetProcAddress: Exited
414564/415164 00000110       .\bbhook.cpp (1077): TrapGetProcAddress: Entered
414564/415164 00000110       .\bbhook.cpp (1092): TrapGetProcAddress: Exited
414564/415164 00000110       .\bbhook.cpp (1077): TrapGetProcAddress: Entered
414564/415164 00000110       .\bbhook.cpp (1092): TrapGetProcAddress: Exited
414564/415164 00000110       .\bbhook.cpp (1077): TrapGetProcAddress: Entered
414564/415164 00000110       .\bbhook.cpp (1092): TrapGetProcAddress: Exited
414564/415164 00000110       .\bbhook.cpp (1077): TrapGetProcAddress: Entered
414564/415164 00000110       .\bbhook.cpp (1092): TrapGetProcAddress: Exited
414564/415164 00000110       .\bbhook.cpp (1077): TrapGetProcAddress: Entered
414564/415164 00000110       .\bbhook.cpp (1092): TrapGetProcAddress: Exited
414564/415164 00000110       .\bbhook.cpp (1077): TrapGetProcAddress: Entered
414564/415164 00000110       .\bbhook.cpp (1092): TrapGetProcAddress: Exited
414564/415164 00000110       .\bbhook.cpp (1077): TrapGetProcAddress: Entered
414564/415164 00000110       .\bbhook.cpp (1092): TrapGetProcAddress: Exited
414564/415164 00000110       .\bbhook.cpp (1077): TrapGetProcAddress: Entered
414564/415164 00000110       .\bbhook.cpp (1092): TrapGetProcAddress: Exited
414564/415164 00000110       .\bbhook.cpp (1077): TrapGetProcAddress: Entered
414564/415164 00000110       .\bbhook.cpp (1092): TrapGetProcAddress: Exited
414564/415164 00000110       .\bbhook.cpp (1077): TrapGetProcAddress: Entered
414564/415164 00000110       .\bbhook.cpp (1092): TrapGetProcAddress: Exited
414564/415164 00000110       .\bbhook.cpp (1077): TrapGetProcAddress: Entered
414564/415164 00000110       .\bbhook.cpp (1092): TrapGetProcAddress: Exited
414564/415164 00000110       .\bbhook.cpp (1077): TrapGetProcAddress: Entered
414564/415164 00000110       .\bbhook.cpp (1092): TrapGetProcAddress: Exited
414564/415164 00000110       .\bbhook.cpp (1077): TrapGetProcAddress: Entered
414564/415164 00000110       .\bbhook.cpp (1092): TrapGetProcAddress: Exited
414564/415164 00000110       .\bbhook.cpp (1077): TrapGetProcAddress: Entered
414564/415164 00000110       .\bbhook.cpp (1092): TrapGetProcAddress: Exited
414564/415164 00000110       .\bbhook.cpp (1077): TrapGetProcAddress: Entered
414564/415164 00000110       .\bbhook.cpp (1092): TrapGetProcAddress: Exited
414564/415164 00000110       .\bbhook.cpp (1077): TrapGetProcAddress: Entered
414564/415164 00000110       .\bbhook.cpp (1092): TrapGetProcAddress: Exited
414564/415164 00000110       .\bbhook.cpp (1077): TrapGetProcAddress: Entered
414564/415164 00000110       .\bbhook.cpp (1092): TrapGetProcAddress: Exited
414564/415164 00000110       .\bbhook.cpp (1077): TrapGetProcAddress: Entered
414564/415164 00000110       .\bbhook.cpp (1092): TrapGetProcAddress: Exited
414564/415164 00000110       .\bbhook.cpp (1077): TrapGetProcAddress: Entered
414564/415164 00000110       .\bbhook.cpp (1092): TrapGetProcAddress: Exited
414564/415164 00000110       .\bbhook.cpp (1077): TrapGetProcAddress: Entered
414564/415164 00000110       .\bbhook.cpp (1092): TrapGetProcAddress: Exited
414564/415164 00000110       .\bbhook.cpp (1077): TrapGetProcAddress: Entered
414564/415164 00000110       .\bbhook.cpp (1092): TrapGetProcAddress: Exited
414564/415164 00000110       .\bbhook.cpp (1077): TrapGetProcAddress: Entered
414564/415164 00000110       .\bbhook.cpp (1092): TrapGetProcAddress: Exited
414564/415164 00000110       .\bbhook.cpp (1077): TrapGetProcAddress: Entered
414564/415164 00000110       .\bbhook.cpp (1092): TrapGetProcAddress: Exited
414564/415164 00000110       .\bbhook.cpp (1077): TrapGetProcAddress: Entered
414564/415164 00000110       .\bbhook.cpp (1092): TrapGetProcAddress: Exited
414564/415164 00000110       .\bbhook.cpp (1077): TrapGetProcAddress: Entered
414564/415164 00000110       .\bbhook.cpp (1092): TrapGetProcAddress: Exited
414564/415164 00000110       .\bbhook.cpp (1077): TrapGetProcAddress: Entered
414564/415164 00000110       .\bbhook.cpp (1092): TrapGetProcAddress: Exited
414564/415164 00000110       .\bbhook.cpp (1077): TrapGetProcAddress: Entered
414564/415164 00000110       .\bbhook.cpp (1092): TrapGetProcAddress: Exited
414564/415164 00000110       .\bbhook.cpp (1077): TrapGetProcAddress: Entered
414564/415164 00000110       .\bbhook.cpp (1092): TrapGetProcAddress: Exited
414564/415164 00000110       .\bbhook.cpp (1077): TrapGetProcAddress: Entered
414564/415164 00000110       .\bbhook.cpp (1092): TrapGetProcAddress: Exited
414564/415164 00000110       .\bbhook.cpp (1077): TrapGetProcAddress: Entered
414564/415164 00000110       .\bbhook.cpp (1092): TrapGetProcAddress: Exited
414564/415164 00000110       .\bbhook.cpp (1077): TrapGetProcAddress: Entered
414564/415164 00000110       .\bbhook.cpp (1092): TrapGetProcAddress: Exited
414564/415164 00000110       .\bbhook.cpp (1077): TrapGetProcAddress: Entered
414564/415164 00000110       .\bbhook.cpp (1092): TrapGetProcAddress: Exited
414564/415164 00000110       .\bbhook.cpp (1077): TrapGetProcAddress: Entered
414564/415164 00000110       .\bbhook.cpp (1092): TrapGetProcAddress: Exited
414564/415164 00000110       .\bbhook.cpp (1077): TrapGetProcAddress: Entered
414564/415164 00000110       .\bbhook.cpp (1092): TrapGetProcAddress: Exited
414564/415164 00000110       .\bbhook.cpp (1077): TrapGetProcAddress: Entered
414564/415164 00000110       .\bbhook.cpp (1092): TrapGetProcAddress: Exited
414564/415164 00000110       .\bbhook.cpp (1077): TrapGetProcAddress: Entered
414564/415164 00000110       .\bbhook.cpp (1092): TrapGetProcAddress: Exited
414564/415164 00000110       .\bbhook.cpp (1077): TrapGetProcAddress: Entered
414564/415164 00000110       .\bbhook.cpp (1092): TrapGetProcAddress: Exited
414564/415164 00000110       .\bbhook.cpp (1077): TrapGetProcAddress: Entered
414564/415164 00000110       .\bbhook.cpp (1092): TrapGetProcAddress: Exited
414564/415164 00000110       .\bbhook.cpp (1077): TrapGetProcAddress: Entered
414564/415164 00000110       .\bbhook.cpp (1092): TrapGetProcAddress: Exited
414564/415164 00000110       .\bbhook.cpp (1077): TrapGetProcAddress: Entered
414564/415164 00000110       .\bbhook.cpp (1092): TrapGetProcAddress: Exited
414564/415164 00000110       .\bbhook.cpp (1077): TrapGetProcAddress: Entered
414564/415164 00000110       .\bbhook.cpp (1092): TrapGetProcAddress: Exited
414564/415164 00000110       .\bbhook.cpp (1077): TrapGetProcAddress: Entered
414564/415164 00000110       .\bbhook.cpp (1092): TrapGetProcAddress: Exited
414564/415164 00000110       .\bbhook.cpp (1077): TrapGetProcAddress: Entered
414564/415164 00000110       .\bbhook.cpp (1092): TrapGetProcAddress: Exited
414564/415164 00000110       .\bbhook.cpp (1077): TrapGetProcAddress: Entered
414564/415164 00000110       .\bbhook.cpp (1092): TrapGetProcAddress: Exited
414564/415164 00000110       .\bbhook.cpp (1077): TrapGetProcAddress: Entered
414564/415164 00000110       .\bbhook.cpp (1092): TrapGetProcAddress: Exited
414564/415164 00000110       .\bbhook.cpp (1077): TrapGetProcAddress: Entered
414564/415164 00000110       .\bbhook.cpp (1092): TrapGetProcAddress: Exited
414564/415164 00000110       .\bbhook.cpp (1077): TrapGetProcAddress: Entered
414564/415164 00000110       .\bbhook.cpp (1092): TrapGetProcAddress: Exited
414564/415164 00000110       .\bbhook.cpp (1077): TrapGetProcAddress: Entered
414564/415164 00000110       .\bbhook.cpp (1092): TrapGetProcAddress: Exited
414564/415164 00000110       .\bbhook.cpp (1077): TrapGetProcAddress: Entered
414564/415164 00000110       .\bbhook.cpp (1092): TrapGetProcAddress: Exited
414564/415164 00000110       .\bbhook.cpp (1077): TrapGetProcAddress: Entered
414564/415164 00000110       .\bbhook.cpp (1092): TrapGetProcAddress: Exited
414564/415164 00000110       .\bbhook.cpp (1077): TrapGetProcAddress: Entered
414564/415164 00000110       .\bbhook.cpp (1092): TrapGetProcAddress: Exited
414564/415164 00000110       .\bbhook.cpp (1077): TrapGetProcAddress: Entered
414564/415164 00000110       .\bbhook.cpp (1092): TrapGetProcAddress: Exited
414564/415164 00000110       .\bbhook.cpp (1077): TrapGetProcAddress: Entered
414564/415164 00000110       .\bbhook.cpp (1092): TrapGetProcAddress: Exited
414564/415164 00000110       .\bbhook.cpp (1077): TrapGetProcAddress: Entered
414564/415164 00000110       .\bbhook.cpp (1092): TrapGetProcAddress: Exited
414564/415164 00000110       .\bbhook.cpp (1077): TrapGetProcAddress: Entered
414564/415164 00000110       .\bbhook.cpp (1092): TrapGetProcAddress: Exited
414564/415164 00000110       .\bbhook.cpp (1077): TrapGetProcAddress: Entered
414564/415164 00000110       .\bbhook.cpp (1092): TrapGetProcAddress: Exited
414564/415164 00000110       .\bbhook.cpp (1077): TrapGetProcAddress: Entered
414564/415164 00000110       .\bbhook.cpp (1092): TrapGetProcAddress: Exited
414564/415164 00000110       .\bbhook.cpp (1077): TrapGetProcAddress: Entered
414564/415164 00000110       .\bbhook.cpp (1092): TrapGetProcAddress: Exited
414564/415164 00000110       .\bbhook.cpp (1077): TrapGetProcAddress: Entered
414564/415164 00000110       .\bbhook.cpp (1092): TrapGetProcAddress: Exited
414564/415164 00000110       .\bbhook.cpp (1077): TrapGetProcAddress: Entered
414564/415164 00000110       .\bbhook.cpp (1092): TrapGetProcAddress: Exited
414564/415164 00000110       .\bbhook.cpp (1077): TrapGetProcAddress: Entered
414564/415164 00000110       .\bbhook.cpp (1092): TrapGetProcAddress: Exited
414564/415164 00000110       .\bbhook.cpp (1077): TrapGetProcAddress: Entered
414564/415164 00000110       .\bbhook.cpp (1092): TrapGetProcAddress: Exited
414564/415164 00000110       .\bbhook.cpp (1077): TrapGetProcAddress: Entered
414564/415164 00000110       .\bbhook.cpp (1092): TrapGetProcAddress: Exited
414564/415164 00000110       .\bbhook.cpp (1077): TrapGetProcAddress: Entered
414564/415164 00000110       .\bbhook.cpp (1092): TrapGetProcAddress: Exited
414564/415164 00000110       .\bbhook.cpp (1077): TrapGetProcAddress: Entered
414564/415164 00000110       .\bbhook.cpp (1092): TrapGetProcAddress: Exited
414564/415164 00000110       .\bbhook.cpp (1077): TrapGetProcAddress: Entered
414564/415164 00000110       .\bbhook.cpp (1092): TrapGetProcAddress: Exited
414564/415164 00000110       .\bbhook.cpp (1077): TrapGetProcAddress: Entered
414564/415164 00000110       .\bbhook.cpp (1092): TrapGetProcAddress: Exited
414564/415164 00000110       .\bbhook.cpp (1077): TrapGetProcAddress: Entered
414564/415164 00000110       .\bbhook.cpp (1092): TrapGetProcAddress: Exited
414564/415164 00000110       .\bbhook.cpp (1077): TrapGetProcAddress: Entered
414564/415164 00000110       .\bbhook.cpp (1092): TrapGetProcAddress: Exited
414564/415164 00000110       .\bbhook.cpp (1077): TrapGetProcAddress: Entered
414564/415164 00000110       .\bbhook.cpp (1092): TrapGetProcAddress: Exited
414564/415164 00000110       .\bbhook.cpp (1077): TrapGetProcAddress: Entered
414564/415164 00000110       .\bbhook.cpp (1092): TrapGetProcAddress: Exited
414564/415164 00000110       .\bbhook.cpp (1077): TrapGetProcAddress: Entered
414564/415164 00000110       .\bbhook.cpp (1092): TrapGetProcAddress: Exited
414564/415164 00000110       .\bbhook.cpp (1077): TrapGetProcAddress: Entered
414564/415164 00000110       .\bbhook.cpp (1092): TrapGetProcAddress: Exited
414564/415164 00000110       .\bbhook.cpp (1077): TrapGetProcAddress: Entered
414564/415164 00000110       .\bbhook.cpp (1092): TrapGetProcAddress: Exited
414564/415164 00000110       .\bbhook.cpp (1077): TrapGetProcAddress: Entered
414564/415164 00000110       .\bbhook.cpp (1092): TrapGetProcAddress: Exited
414564/415164 00000110       .\bbhook.cpp (1077): TrapGetProcAddress: Entered
414564/415164 00000110       .\bbhook.cpp (1092): TrapGetProcAddress: Exited
414564/415164 00000110       .\bbhook.cpp (1077): TrapGetProcAddress: Entered
414564/415164 00000110       .\bbhook.cpp (1092): TrapGetProcAddress: Exited
414564/415164 00000110       .\bbhook.cpp (1077): TrapGetProcAddress: Entered
414564/415164 00000110       .\bbhook.cpp (1092): TrapGetProcAddress: Exited
414564/415164 00000110       .\bbhook.cpp (1077): TrapGetProcAddress: Entered
414564/415164 00000110       .\bbhook.cpp (1092): TrapGetProcAddress: Exited
414564/415164 00000110       .\bbhook.cpp (1077): TrapGetProcAddress: Entered
414564/415164 00000110       .\bbhook.cpp (1092): TrapGetProcAddress: Exited
414564/415164 00000110       .\bbhook.cpp (1077): TrapGetProcAddress: Entered
414564/415164 00000110       .\bbhook.cpp (1092): TrapGetProcAddress: Exited
414564/415164 00000110       .\bbhook.cpp (1077): TrapGetProcAddress: Entered
414564/415164 00000110       .\bbhook.cpp (1092): TrapGetProcAddress: Exited
414564/415164 00000110       .\bbhook.cpp (1077): TrapGetProcAddress: Entered
414564/415164 00000110       .\bbhook.cpp (1092): TrapGetProcAddress: Exited
414564/415164 00000110       .\bbhook.cpp (1077): TrapGetProcAddress: Entered
414564/415164 00000110       .\bbhook.cpp (1092): TrapGetProcAddress: Exited
414564/415164 00000110       .\bbhook.cpp (1077): TrapGetProcAddress: Entered
414564/415164 00000110       .\bbhook.cpp (1092): TrapGetProcAddress: Exited
414564/415164 00000110       .\bbhook.cpp (1077): TrapGetProcAddress: Entered
414564/415164 00000110       .\bbhook.cpp (1092): TrapGetProcAddress: Exited
414564/415164 00000110       .\bbhook.cpp (1077): TrapGetProcAddress: Entered
414564/415164 00000110       .\bbhook.cpp (1092): TrapGetProcAddress: Exited
414564/415164 00000110       .\bbhook.cpp (1077): TrapGetProcAddress: Entered
414564/415164 00000110       .\bbhook.cpp (1092): TrapGetProcAddress: Exited
414564/415164 00000110       .\bbhook.cpp (1077): TrapGetProcAddress: Entered
414564/415164 00000110       .\bbhook.cpp (1092): TrapGetProcAddress: Exited
414564/415164 00000110       .\bbhook.cpp (1077): TrapGetProcAddress: Entered
414564/415164 00000110       .\bbhook.cpp (1092): TrapGetProcAddress: Exited
414564/415164 00000110       .\bbhook.cpp (1077): TrapGetProcAddress: Entered
414564/415164 00000110       .\bbhook.cpp (1092): TrapGetProcAddress: Exited
414564/415164 00000110       .\bbhook.cpp (1077): TrapGetProcAddress: Entered
414564/415164 00000110       .\bbhook.cpp (1092): TrapGetProcAddress: Exited
414564/415164 00000110       .\bbhook.cpp (1077): TrapGetProcAddress: Entered
414564/415164 00000110       .\bbhook.cpp (1092): TrapGetProcAddress: Exited
414564/415164 00000110       .\bbhook.cpp (1077): TrapGetProcAddress: Entered
414564/415164 00000110       .\bbhook.cpp (1092): TrapGetProcAddress: Exited
414564/415164 00000110       .\bbhook.cpp (1077): TrapGetProcAddress: Entered
414564/415164 00000110       .\bbhook.cpp (1092): TrapGetProcAddress: Exited
414564/415164 00000110       .\bbhook.cpp (1077): TrapGetProcAddress: Entered
414564/415164 00000110       .\bbhook.cpp (1092): TrapGetProcAddress: Exited
414564/415164 00000110       .\bbhook.cpp (1077): TrapGetProcAddress: Entered
414564/415164 00000110       .\bbhook.cpp (1092): TrapGetProcAddress: Exited
414564/415164 00000110       .\bbhook.cpp (1077): TrapGetProcAddress: Entered
414564/415164 00000110       .\bbhook.cpp (1092): TrapGetProcAddress: Exited
414564/415164 00000110       .\bbhook.cpp (1077): TrapGetProcAddress: Entered
414564/415164 00000110       .\bbhook.cpp (1092): TrapGetProcAddress: Exited
414564/415164 00000110       .\bbhook.cpp (1077): TrapGetProcAddress: Entered
414564/415164 00000110       .\bbhook.cpp (1092): TrapGetProcAddress: Exited
414564/415164 00000110       .\bbhook.cpp (1077): TrapGetProcAddress: Entered
414564/415164 00000110       .\bbhook.cpp (1092): TrapGetProcAddress: Exited
414564/415164 00000110       .\bbhook.cpp (1077): TrapGetProcAddress: Entered
414564/415164 00000110       .\bbhook.cpp (1092): TrapGetProcAddress: Exited
414564/415164 00000110       .\bbhook.cpp (1077): TrapGetProcAddress: Entered
414564/415164 00000110       .\bbhook.cpp (1092): TrapGetProcAddress: Exited
414564/415164 00000110       .\bbhook.cpp (1077): TrapGetProcAddress: Entered
414564/415164 00000110       .\bbhook.cpp (1092): TrapGetProcAddress: Exited
414564/415164 00000110       .\bbhook.cpp (1077): TrapGetProcAddress: Entered
414564/415164 00000110       .\bbhook.cpp (1092): TrapGetProcAddress: Exited
414564/415164 00000110       .\bbhook.cpp (1077): TrapGetProcAddress: Entered
414564/415164 00000110       .\bbhook.cpp (1092): TrapGetProcAddress: Exited
414564/415164 00000110       .\bbhook.cpp (1077): TrapGetProcAddress: Entered
414564/415164 00000110       .\bbhook.cpp (1092): TrapGetProcAddress: Exited
414564/415164 00000110       .\bbhook.cpp (1077): TrapGetProcAddress: Entered
414564/415164 00000110       .\bbhook.cpp (1092): TrapGetProcAddress: Exited
414564/415164 00000110       .\bbhook.cpp (1077): TrapGetProcAddress: Entered
414564/415164 00000110       .\bbhook.cpp (1092): TrapGetProcAddress: Exited
414564/415164 00000110       .\bbhook.cpp (1077): TrapGetProcAddress: Entered
414564/415164 00000110       .\bbhook.cpp (1092): TrapGetProcAddress: Exited
414564/415164 00000110       .\bbhook.cpp (1077): TrapGetProcAddress: Entered
414564/415164 00000110       .\bbhook.cpp (1092): TrapGetProcAddress: Exited
414564/415164 00000110       .\bbhook.cpp (1077): TrapGetProcAddress: Entered
414564/415164 00000110       .\bbhook.cpp (1092): TrapGetProcAddress: Exited
414564/415164 00000110       .\bbhook.cpp (1077): TrapGetProcAddress: Entered
414564/415164 00000110       .\bbhook.cpp (1092): TrapGetProcAddress: Exited
414564/415164 00000110       .\bbhook.cpp (1077): TrapGetProcAddress: Entered
414564/415164 00000110       .\bbhook.cpp (1092): TrapGetProcAddress: Exited
414564/415164 00000110       .\bbhook.cpp (1077): TrapGetProcAddress: Entered
414564/415164 00000110       .\bbhook.cpp (1092): TrapGetProcAddress: Exited
414564/415164 00000110       .\bbhook.cpp (1077): TrapGetProcAddress: Entered
414564/415164 00000110       .\bbhook.cpp (1092): TrapGetProcAddress: Exited
414564/415164 00000110       .\bbhook.cpp (1077): TrapGetProcAddress: Entered
414564/415164 00000110       .\bbhook.cpp (1092): TrapGetProcAddress: Exited
414564/415164 00000110       .\bbhook.cpp (1077): TrapGetProcAddress: Entered
414564/415164 00000110       .\bbhook.cpp (1092): TrapGetProcAddress: Exited
414564/415164 00000110       .\bbhook.cpp (1077): TrapGetProcAddress: Entered
414564/415164 00000110       .\bbhook.cpp (1092): TrapGetProcAddress: Exited
414564/415164 00000110       .\bbhook.cpp (1077): TrapGetProcAddress: Entered
414564/415164 00000110       .\bbhook.cpp (1092): TrapGetProcAddress: Exited
414564/415164 00000110       .\bbhook.cpp (1077): TrapGetProcAddress: Entered
414564/415164 00000110       .\bbhook.cpp (1092): TrapGetProcAddress: Exited
414564/415164 00000110       .\bbhook.cpp (1077): TrapGetProcAddress: Entered
414564/415164 00000110       .\bbhook.cpp (1092): TrapGetProcAddress: Exited
414564/415164 00000110       .\bbhook.cpp (1077): TrapGetProcAddress: Entered
414564/415164 00000110       .\bbhook.cpp (1092): TrapGetProcAddress: Exited
414564/415164 00000110       .\bbhook.cpp (1077): TrapGetProcAddress: Entered
414564/415164 00000110       .\bbhook.cpp (1092): TrapGetProcAddress: Exited
414564/415164 00000110       .\bbhook.cpp (1077): TrapGetProcAddress: Entered
414564/415164 00000110       .\bbhook.cpp (1092): TrapGetProcAddress: Exited
414564/415164 00000110       .\bbhook.cpp (1077): TrapGetProcAddress: Entered
414564/415164 00000110       .\bbhook.cpp (1092): TrapGetProcAddress: Exited
414564/415164 00000110       .\bbhook.cpp (1077): TrapGetProcAddress: Entered
414564/415164 00000110       .\bbhook.cpp (1092): TrapGetProcAddress: Exited
414564/415164 00000110       .\bbhook.cpp (1077): TrapGetProcAddress: Entered
414564/415164 00000110       .\bbhook.cpp (1092): TrapGetProcAddress: Exited
414564/415164 00000110       .\bbhook.cpp (1077): TrapGetProcAddress: Entered
414564/415164 00000110       .\bbhook.cpp (1092): TrapGetProcAddress: Exited
414564/415164 00000110       .\bbhook.cpp (1077): TrapGetProcAddress: Entered
414564/415164 00000110       .\bbhook.cpp (1092): TrapGetProcAddress: Exited
414564/415164 00000110       .\bbhook.cpp (1077): TrapGetProcAddress: Entered
414564/415164 00000110       .\bbhook.cpp (1092): TrapGetProcAddress: Exited
414564/415164 00000110       .\bbhook.cpp (1077): TrapGetProcAddress: Entered
414564/415164 00000110       .\bbhook.cpp (1092): TrapGetProcAddress: Exited
414564/415164 00000110       .\bbhook.cpp (1077): TrapGetProcAddress: Entered
414564/415164 00000110       .\bbhook.cpp (1092): TrapGetProcAddress: Exited
414564/415164 00000110       .\bbhook.cpp (1077): TrapGetProcAddress: Entered
414564/415164 00000110       .\bbhook.cpp (1092): TrapGetProcAddress: Exited
414564/415164 00000110       .\bbhook.cpp (1077): TrapGetProcAddress: Entered
414564/415164 00000110       .\bbhook.cpp (1092): TrapGetProcAddress: Exited
414564/415164 00000110       .\bbhook.cpp (1077): TrapGetProcAddress: Entered
414564/415164 00000110       .\bbhook.cpp (1092): TrapGetProcAddress: Exited
414564/415164 00000110       .\bbhook.cpp (1077): TrapGetProcAddress: Entered
414564/415164 00000110       .\bbhook.cpp (1092): TrapGetProcAddress: Exited
414564/415164 00000110       .\bbhook.cpp (1077): TrapGetProcAddress: Entered
414564/415164 00000110       .\bbhook.cpp (1092): TrapGetProcAddress: Exited
414564/415164 00000110       .\bbhook.cpp (1077): TrapGetProcAddress: Entered
414564/415164 00000110       .\bbhook.cpp (1092): TrapGetProcAddress: Exited
414564/415164 00000110       .\bbhook.cpp (1077): TrapGetProcAddress: Entered
414564/415164 00000110       .\bbhook.cpp (1092): TrapGetProcAddress: Exited
414564/415164 00000110       .\bbhook.cpp (1077): TrapGetProcAddress: Entered
414564/415164 00000110       .\bbhook.cpp (1092): TrapGetProcAddress: Exited
414564/415164 00000110       .\bbhook.cpp (1077): TrapGetProcAddress: Entered
414564/415164 00000110       .\bbhook.cpp (1092): TrapGetProcAddress: Exited
414564/415164 00000110       .\bbhook.cpp (1077): TrapGetProcAddress: Entered
414564/415164 00000110       .\bbhook.cpp (1092): TrapGetProcAddress: Exited
414564/415164 00000110       .\bbhook.cpp (1077): TrapGetProcAddress: Entered
414564/415164 00000110       .\bbhook.cpp (1092): TrapGetProcAddress: Exited
414564/415164 00000110       .\bbhook.cpp (1077): TrapGetProcAddress: Entered
414564/415164 00000110       .\bbhook.cpp (1092): TrapGetProcAddress: Exited
414564/415164 00000110       .\bbhook.cpp (1077): TrapGetProcAddress: Entered
414564/415164 00000110       .\bbhook.cpp (1092): TrapGetProcAddress: Exited
414564/415164 00000110       .\bbhook.cpp (1077): TrapGetProcAddress: Entered
414564/415164 00000110       .\bbhook.cpp (1092): TrapGetProcAddress: Exited
414564/415164 00000110       .\bbhook.cpp (1077): TrapGetProcAddress: Entered
414564/415164 00000110       .\bbhook.cpp (1092): TrapGetProcAddress: Exited
414564/415164 00000110       .\bbhook.cpp (1077): TrapGetProcAddress: Entered
414564/415164 00000110       .\bbhook.cpp (1092): TrapGetProcAddress: Exited
414564/415164 00000110       .\bbhook.cpp (1077): TrapGetProcAddress: Entered
414564/415164 00000110       .\bbhook.cpp (1092): TrapGetProcAddress: Exited
414564/415164 00000110       .\bbhook.cpp (1077): TrapGetProcAddress: Entered
414564/415164 00000110       .\bbhook.cpp (1092): TrapGetProcAddress: Exited
414564/415164 00000110       .\bbhook.cpp (1077): TrapGetProcAddress: Entered
414564/415164 00000110       .\bbhook.cpp (1092): TrapGetProcAddress: Exited
414564/415164 00000110       .\bbhook.cpp (1077): TrapGetProcAddress: Entered
414564/415164 00000110       .\bbhook.cpp (1092): TrapGetProcAddress: Exited
414564/415164 00000110       .\bbhook.cpp (1077): TrapGetProcAddress: Entered
414564/415164 00000110       .\bbhook.cpp (1092): TrapGetProcAddress: Exited
414564/415164 00000110       .\bbhook.cpp (1077): TrapGetProcAddress: Entered
414564/415164 00000110       .\bbhook.cpp (1092): TrapGetProcAddress: Exited
414564/415164 00000110       .\bbhook.cpp (1077): TrapGetProcAddress: Entered
414564/415164 00000110       .\bbhook.cpp (1092): TrapGetProcAddress: Exited
414564/415164 00000110       .\bbhook.cpp (1077): TrapGetProcAddress: Entered
414564/415164 00000110       .\bbhook.cpp (1092): TrapGetProcAddress: Exited
414564/415164 00000110       .\bbhook.cpp (1077): TrapGetProcAddress: Entered
414564/415164 00000110       .\bbhook.cpp (1092): TrapGetProcAddress: Exited
414564/415164 00000110       .\bbhook.cpp (1077): TrapGetProcAddress: Entered
414564/415164 00000110       .\bbhook.cpp (1092): TrapGetProcAddress: Exited
414564/415164 00000110       .\bbhook.cpp (1077): TrapGetProcAddress: Entered
414564/415164 00000110       .\bbhook.cpp (1092): TrapGetProcAddress: Exited
414564/415164 00000110       .\bbhook.cpp (1077): TrapGetProcAddress: Entered
414564/415164 00000110       .\bbhook.cpp (1092): TrapGetProcAddress: Exited
414564/415164 00000110       .\bbhook.cpp (1077): TrapGetProcAddress: Entered
414564/415164 00000110       .\bbhook.cpp (1092): TrapGetProcAddress: Exited
414564/415164 00000110       .\bbhook.cpp (1077): TrapGetProcAddress: Entered
414564/415164 00000110       .\bbhook.cpp (1092): TrapGetProcAddress: Exited
414564/415164 00000110       .\bbhook.cpp (1077): TrapGetProcAddress: Entered
414564/415164 00000110       .\bbhook.cpp (1092): TrapGetProcAddress: Exited
414564/415164 00000110       .\bbhook.cpp (1077): TrapGetProcAddress: Entered
414564/415164 00000110       .\bbhook.cpp (1092): TrapGetProcAddress: Exited
414564/415164 00000110       .\bbhook.cpp (1077): TrapGetProcAddress: Entered
414564/415164 00000110       .\bbhook.cpp (1092): TrapGetProcAddress: Exited
414564/415164 00000110       .\bbhook.cpp (1077): TrapGetProcAddress: Entered
414564/415164 00000110       .\bbhook.cpp (1092): TrapGetProcAddress: Exited
414564/415164 00000110       .\bbhook.cpp (1077): TrapGetProcAddress: Entered
414564/415164 00000110       .\bbhook.cpp (1092): TrapGetProcAddress: Exited
414564/415164 00000110       .\bbhook.cpp (1077): TrapGetProcAddress: Entered
414564/415164 00000110       .\bbhook.cpp (1092): TrapGetProcAddress: Exited
414564/415164 00000110       .\bbhook.cpp (1077): TrapGetProcAddress: Entered
414564/415164 00000110       .\bbhook.cpp (1092): TrapGetProcAddress: Exited
414564/415164 00000110       .\bbhook.cpp (1077): TrapGetProcAddress: Entered
414564/415164 00000110       .\bbhook.cpp (1092): TrapGetProcAddress: Exited
414564/415164 00000110       .\bbhook.cpp (1077): TrapGetProcAddress: Entered
414564/415164 00000110       .\bbhook.cpp (1092): TrapGetProcAddress: Exited
414564/415164 00000110       .\bbhook.cpp (1077): TrapGetProcAddress: Entered
414564/415164 00000110       .\bbhook.cpp (1092): TrapGetProcAddress: Exited
414564/415164 00000110       .\bbhook.cpp (1077): TrapGetProcAddress: Entered
414564/415164 00000110       .\bbhook.cpp (1092): TrapGetProcAddress: Exited
414564/415164 00000110       .\bbhook.cpp (1077): TrapGetProcAddress: Entered
414564/415164 00000110       .\bbhook.cpp (1092): TrapGetProcAddress: Exited
414564/415164 00000110       .\bbhook.cpp (1077): TrapGetProcAddress: Entered
414564/415164 00000110       .\bbhook.cpp (1092): TrapGetProcAddress: Exited
414564/415164 00000110       .\bbhook.cpp (1077): TrapGetProcAddress: Entered
414564/415164 00000110       .\bbhook.cpp (1092): TrapGetProcAddress: Exited
414564/415164 00000110       .\bbhook.cpp (1077): TrapGetProcAddress: Entered
414564/415164 00000110       .\bbhook.cpp (1092): TrapGetProcAddress: Exited
414564/415164 00000110       .\bbhook.cpp (1077): TrapGetProcAddress: Entered
414564/415164 00000110       .\bbhook.cpp (1092): TrapGetProcAddress: Exited
414564/415164 00000110       .\bbhook.cpp (1077): TrapGetProcAddress: Entered
414564/415164 00000110       .\bbhook.cpp (1092): TrapGetProcAddress: Exited
414564/415164 00000110       .\bbhook.cpp (1077): TrapGetProcAddress: Entered
414564/415164 00000110       .\bbhook.cpp (1092): TrapGetProcAddress: Exited
414564/415164 00000110       .\bbhook.cpp (1077): TrapGetProcAddress: Entered
414564/415164 00000110       .\bbhook.cpp (1092): TrapGetProcAddress: Exited
414564/415164 00000110       .\bbhook.cpp (1077): TrapGetProcAddress: Entered
414564/415164 00000110       .\bbhook.cpp (1092): TrapGetProcAddress: Exited
414564/415164 00000110       .\bbhook.cpp (1077): TrapGetProcAddress: Entered
414564/415164 00000110       .\bbhook.cpp (1092): TrapGetProcAddress: Exited
414564/415164 00000110       .\bbhook.cpp (1077): TrapGetProcAddress: Entered
414564/415164 00000110       .\bbhook.cpp (1092): TrapGetProcAddress: Exited
414564/415164 00000110       .\bbhook.cpp (1077): TrapGetProcAddress: Entered
414564/415164 00000110       .\bbhook.cpp (1092): TrapGetProcAddress: Exited
414564/415164 00000110       .\bbhook.cpp (1077): TrapGetProcAddress: Entered
414564/415164 00000110       .\bbhook.cpp (1092): TrapGetProcAddress: Exited
414564/415164 00000110       .\bbhook.cpp (1077): TrapGetProcAddress: Entered
414564/415164 00000110       .\bbhook.cpp (1092): TrapGetProcAddress: Exited
414564/415164 00000110       .\bbhook.cpp (1077): TrapGetProcAddress: Entered
414564/415164 00000110       .\bbhook.cpp (1092): TrapGetProcAddress: Exited
414564/415164 00000110       .\bbhook.cpp (1077): TrapGetProcAddress: Entered
414564/415164 00000110       .\bbhook.cpp (1092): TrapGetProcAddress: Exited
414564/415164 00000110       .\bbhook.cpp (1077): TrapGetProcAddress: Entered
414564/415164 00000110       .\bbhook.cpp (1092): TrapGetProcAddress: Exited
414564/415164 00000110       .\bbhook.cpp (1077): TrapGetProcAddress: Entered
414564/415164 00000110       .\bbhook.cpp (1092): TrapGetProcAddress: Exited
414564/415164 00000110       .\bbhook.cpp (1077): TrapGetProcAddress: Entered
414564/415164 00000110       .\bbhook.cpp (1092): TrapGetProcAddress: Exited
414564/415164 00000110       .\bbhook.cpp (1077): TrapGetProcAddress: Entered
414564/415164 00000110       .\bbhook.cpp (1092): TrapGetProcAddress: Exited
414564/415164 00000110       .\bbhook.cpp (1077): TrapGetProcAddress: Entered
414564/415164 00000110       .\bbhook.cpp (1092): TrapGetProcAddress: Exited
414564/415164 00000110       .\bbhook.cpp (1077): TrapGetProcAddress: Entered
414564/415164 00000110       .\bbhook.cpp (1092): TrapGetProcAddress: Exited
414564/415164 00000110       .\bbhook.cpp (1077): TrapGetProcAddress: Entered
414564/415164 00000110       .\bbhook.cpp (1092): TrapGetProcAddress: Exited
414564/415164 00000110       .\bbhook.cpp (1077): TrapGetProcAddress: Entered
414564/415164 00000110       .\bbhook.cpp (1092): TrapGetProcAddress: Exited
414564/415164 00000110       .\bbhook.cpp (1077): TrapGetProcAddress: Entered
414564/415164 00000110       .\bbhook.cpp (1092): TrapGetProcAddress: Exited
414564/415164 00000110       .\bbhook.cpp (1077): TrapGetProcAddress: Entered
414564/415164 00000110       .\bbhook.cpp (1092): TrapGetProcAddress: Exited
414564/415164 00000110       .\bbhook.cpp (1077): TrapGetProcAddress: Entered
414564/415164 00000110       .\bbhook.cpp (1092): TrapGetProcAddress: Exited
414564/415164 00000110       .\bbhook.cpp (1077): TrapGetProcAddress: Entered
414564/415164 00000110       .\bbhook.cpp (1092): TrapGetProcAddress: Exited
414564/415164 00000110       .\bbhook.cpp (1077): TrapGetProcAddress: Entered
414564/415164 00000110       .\bbhook.cpp (1092): TrapGetProcAddress: Exited
414564/415164 00000110       .\bbhook.cpp (1077): TrapGetProcAddress: Entered
414564/415164 00000110       .\bbhook.cpp (1092): TrapGetProcAddress: Exited
414564/415164 00000110       .\bbhook.cpp (1077): TrapGetProcAddress: Entered
414564/415164 00000110       .\bbhook.cpp (1092): TrapGetProcAddress: Exited
414564/415164 00000110       .\bbhook.cpp (1077): TrapGetProcAddress: Entered
414564/415164 00000110       .\bbhook.cpp (1092): TrapGetProcAddress: Exited
414564/415164 00000110       .\bbhook.cpp (1077): TrapGetProcAddress: Entered
414564/415164 00000110       .\bbhook.cpp (1092): TrapGetProcAddress: Exited
414564/415164 00000110       .\bbhook.cpp (1077): TrapGetProcAddress: Entered
414564/415164 00000110       .\bbhook.cpp (1092): TrapGetProcAddress: Exited
414564/415164 00000110       .\bbhook.cpp (1077): TrapGetProcAddress: Entered
414564/415164 00000110       .\bbhook.cpp (1092): TrapGetProcAddress: Exited
414564/415164 00000110       .\bbhook.cpp (1077): TrapGetProcAddress: Entered
414564/415164 00000110       .\bbhook.cpp (1092): TrapGetProcAddress: Exited
414564/415164 00000110       .\bbhook.cpp (1077): TrapGetProcAddress: Entered
414564/415164 00000110       .\bbhook.cpp (1092): TrapGetProcAddress: Exited
414564/415164 00000110       .\bbhook.cpp (1077): TrapGetProcAddress: Entered
414564/415164 00000110       .\bbhook.cpp (1092): TrapGetProcAddress: Exited
414564/415164 00000110       .\bbhook.cpp (1077): TrapGetProcAddress: Entered
414564/415164 00000110       .\bbhook.cpp (1092): TrapGetProcAddress: Exited
414564/415164 00000110       .\bbhook.cpp (1077): TrapGetProcAddress: Entered
414564/415164 00000110       .\bbhook.cpp (1092): TrapGetProcAddress: Exited
414564/415164 00000110       .\bbhook.cpp (1077): TrapGetProcAddress: Entered
414564/415164 00000110       .\bbhook.cpp (1092): TrapGetProcAddress: Exited
414564/415164 00000110       .\bbhook.cpp (1077): TrapGetProcAddress: Entered
414564/415164 00000110       .\bbhook.cpp (1092): TrapGetProcAddress: Exited
414564/415164 00000110       .\bbhook.cpp (1077): TrapGetProcAddress: Entered
414564/415164 00000110       .\bbhook.cpp (1092): TrapGetProcAddress: Exited
414564/415164 00000110       .\bbhook.cpp (1077): TrapGetProcAddress: Entered
414564/415164 00000110       .\bbhook.cpp (1092): TrapGetProcAddress: Exited
414564/415164 00000110       .\bbhook.cpp (1077): TrapGetProcAddress: Entered
414564/415164 00000110       .\bbhook.cpp (1092): TrapGetProcAddress: Exited
414564/415164 00000110       .\bbhook.cpp (1077): TrapGetProcAddress: Entered
414564/415164 00000110       .\bbhook.cpp (1092): TrapGetProcAddress: Exited
414564/415164 00000125    15 .\bbhook.cpp (1077): TrapGetProcAddress: Entered
414564/415164 00000125       .\bbhook.cpp (1092): TrapGetProcAddress: Exited
414564/415164 00000125       .\bbhook.cpp (1077): TrapGetProcAddress: Entered
414564/415164 00000125       .\bbhook.cpp (1092): TrapGetProcAddress: Exited
414564/415164 00000125       .\bbhook.cpp (1077): TrapGetProcAddress: Entered
414564/415164 00000125       .\bbhook.cpp (1092): TrapGetProcAddress: Exited
414564/415164 00000125       .\bbhook.cpp (1077): TrapGetProcAddress: Entered
414564/415164 00000125       .\bbhook.cpp (1092): TrapGetProcAddress: Exited
414564/415164 00000125       .\bbhook.cpp (1077): TrapGetProcAddress: Entered
414564/415164 00000125       .\bbhook.cpp (1092): TrapGetProcAddress: Exited
414564/415164 00000125       .\bbhook.cpp (1077): TrapGetProcAddress: Entered
414564/415164 00000125       .\bbhook.cpp (1092): TrapGetProcAddress: Exited
414564/415164 00000125       .\bbhook.cpp (1077): TrapGetProcAddress: Entered
414564/415164 00000125       .\bbhook.cpp (1092): TrapGetProcAddress: Exited
414564/415164 00000125       .\bbhook.cpp (1077): TrapGetProcAddress: Entered
414564/415164 00000125       .\bbhook.cpp (1092): TrapGetProcAddress: Exited
414564/415164 00000125       .\bbhook.cpp (1077): TrapGetProcAddress: Entered
414564/415164 00000125       .\bbhook.cpp (1092): TrapGetProcAddress: Exited
414564/415164 00000125       .\bbhook.cpp (1077): TrapGetProcAddress: Entered
414564/415164 00000125       .\bbhook.cpp (1092): TrapGetProcAddress: Exited
414564/415164 00000125       .\bbhook.cpp (1077): TrapGetProcAddress: Entered
414564/415164 00000125       .\bbhook.cpp (1092): TrapGetProcAddress: Exited
414564/415164 00000125       .\bbhook.cpp (1077): TrapGetProcAddress: Entered
414564/415164 00000125       .\bbhook.cpp (1092): TrapGetProcAddress: Exited
414564/415164 00000125       .\bbhook.cpp (1077): TrapGetProcAddress: Entered
414564/415164 00000125       .\bbhook.cpp (1092): TrapGetProcAddress: Exited
414564/415164 00000125       .\bbhook.cpp (1077): TrapGetProcAddress: Entered
414564/415164 00000125       .\bbhook.cpp (1092): TrapGetProcAddress: Exited
414564/415164 00000125       .\bbhook.cpp (1077): TrapGetProcAddress: Entered
414564/415164 00000125       .\bbhook.cpp (1092): TrapGetProcAddress: Exited
414564/415164 00000125       .\bbhook.cpp (1077): TrapGetProcAddress: Entered
414564/415164 00000125       .\bbhook.cpp (1092): TrapGetProcAddress: Exited
414564/415164 00000125       .\bbhook.cpp (1077): TrapGetProcAddress: Entered
414564/415164 00000125       .\bbhook.cpp (1092): TrapGetProcAddress: Exited
414564/415164 00000125       .\bbhook.cpp (1077): TrapGetProcAddress: Entered
414564/415164 00000125       .\bbhook.cpp (1092): TrapGetProcAddress: Exited
414564/415164 00000125       .\bbhook.cpp (1077): TrapGetProcAddress: Entered
414564/415164 00000125       .\bbhook.cpp (1092): TrapGetProcAddress: Exited
414564/415164 00000125       .\bbhook.cpp (1077): TrapGetProcAddress: Entered
414564/415164 00000125       .\bbhook.cpp (1092): TrapGetProcAddress: Exited
414564/415164 00000125       .\bbhook.cpp (1077): TrapGetProcAddress: Entered
414564/415164 00000125       .\bbhook.cpp (1092): TrapGetProcAddress: Exited
414564/415164 00000125       .\bbhook.cpp (1077): TrapGetProcAddress: Entered
414564/415164 00000125       .\bbhook.cpp (1092): TrapGetProcAddress: Exited
414564/415164 00000125       .\bbhook.cpp (1077): TrapGetProcAddress: Entered
414564/415164 00000125       .\bbhook.cpp (1092): TrapGetProcAddress: Exited
414564/415164 00000125       .\bbhook.cpp (1077): TrapGetProcAddress: Entered
414564/415164 00000125       .\bbhook.cpp (1092): TrapGetProcAddress: Exited
414564/415164 00000125       .\bbhook.cpp (1077): TrapGetProcAddress: Entered
414564/415164 00000125       .\bbhook.cpp (1092): TrapGetProcAddress: Exited
414564/415164 00000125       .\bbhook.cpp (1077): TrapGetProcAddress: Entered
414564/415164 00000125       .\bbhook.cpp (1092): TrapGetProcAddress: Exited
414564/415164 00000125       .\bbhook.cpp (1077): TrapGetProcAddress: Entered
414564/415164 00000125       .\bbhook.cpp (1092): TrapGetProcAddress: Exited
414564/415164 00000125       .\bbhook.cpp (1077): TrapGetProcAddress: Entered
414564/415164 00000125       .\bbhook.cpp (1092): TrapGetProcAddress: Exited
414564/415164 00000125       .\bbhook.cpp (2122): TrapFreeLibrary: Entered
414564/415164 00000125       .\bbhook.cpp (2123): TrapFreeLibrary: library name is C:\Windows\Microsoft.NET\Framework\v4.0.30319\cvtres.exe
414564/415164 00000125       .\bbhook.cpp (2186): TrapFreeLibrary: Exited
414564/415164 00000125       .\bbhook.cpp (1077): TrapGetProcAddress: Entered
414564/415164 00000125       .\bbhook.cpp (1092): TrapGetProcAddress: Exited
414564/415164 00000125       .\bbhook.cpp (1077): TrapGetProcAddress: Entered
414564/415164 00000125       .\bbhook.cpp (1092): TrapGetProcAddress: Exited
414564/415164 00000125       .\bbhook.cpp (1077): TrapGetProcAddress: Entered
414564/415164 00000125       .\bbhook.cpp (1092): TrapGetProcAddress: Exited
414564/415164 00000125       .\bbhook.cpp (1077): TrapGetProcAddress: Entered
414564/415164 00000125       .\bbhook.cpp (1092): TrapGetProcAddress: Exited
414564/415164 00000125       .\bbhook.cpp (1077): TrapGetProcAddress: Entered
414564/415164 00000125       .\bbhook.cpp (1092): TrapGetProcAddress: Exited
414564/415164 00000125       .\bbhook.cpp (1077): TrapGetProcAddress: Entered
414564/415164 00000125       .\bbhook.cpp (1092): TrapGetProcAddress: Exited
