Record Trace from C:\Windows\Microsoft.NET\Framework\v4.0.30319\cvtres.exe2016-05-26 11:25:16
--------------------------------------------

414688/414752 00000000       .\bbhook.cpp (1077): TrapGetProcAddress: Entered
414688/414752 00000000       .\bbhook.cpp (1092): TrapGetProcAddress: Exited
414688/414752 00000000       .\bbhook.cpp (1077): TrapGetProcAddress: Entered
414688/414752 00000000       .\bbhook.cpp (1092): TrapGetProcAddress: Exited
414688/414752 00000000       .\bbhook.cpp (1077): TrapGetProcAddress: Entered
414688/414752 00000000       .\bbhook.cpp (1092): TrapGetProcAddress: Exited
414688/414752 00000000       .\bbhook.cpp (1077): TrapGetProcAddress: Entered
414688/414752 00000000       .\bbhook.cpp (1092): TrapGetProcAddress: Exited
414688/414752 00000000       .\bbhook.cpp (1077): TrapGetProcAddress: Entered
414688/414752 00000000       .\bbhook.cpp (1092): TrapGetProcAddress: Exited
414688/414752 00000000       .\bbhook.cpp (1077): TrapGetProcAddress: Entered
414688/414752 00000000       .\bbhook.cpp (1092): TrapGetProcAddress: Exited
414688/414752 00000000       .\bbhook.cpp (1077): TrapGetProcAddress: Entered
414688/414752 00000000       .\bbhook.cpp (1092): TrapGetProcAddress: Exited
414688/414752 00000000       .\bbhook.cpp (1077): TrapGetProcAddress: Entered
414688/414752 00000000       .\bbhook.cpp (1092): TrapGetProcAddress: Exited
414688/414752 00000000       .\bbhook.cpp (1077): TrapGetProcAddress: Entered
414688/414752 00000000       .\bbhook.cpp (1092): TrapGetProcAddress: Exited
414688/414752 00000000       .\bbhook.cpp (1077): TrapGetProcAddress: Entered
414688/414752 00000000       .\bbhook.cpp (1092): TrapGetProcAddress: Exited
414688/414752 00000000       .\bbhook.cpp (1077): TrapGetProcAddress: Entered
414688/414752 00000000       .\bbhook.cpp (1092): TrapGetProcAddress: Exited
414688/414752 00000000       .\bbhook.cpp (1077): TrapGetProcAddress: Entered
414688/414752 00000000       .\bbhook.cpp (1092): TrapGetProcAddress: Exited
414688/414752 00000000       .\bbhook.cpp (1077): TrapGetProcAddress: Entered
414688/414752 00000000       .\bbhook.cpp (1092): TrapGetProcAddress: Exited
414688/414752 00000000       .\bbhook.cpp (1077): TrapGetProcAddress: Entered
414688/414752 00000000       .\bbhook.cpp (1092): TrapGetProcAddress: Exited
414688/414752 00000000       .\bbhook.cpp (1077): TrapGetProcAddress: Entered
414688/414752 00000000       .\bbhook.cpp (1092): TrapGetProcAddress: Exited
414688/414752 00000000       .\bbhook.cpp (1077): TrapGetProcAddress: Entered
414688/414752 00000000       .\bbhook.cpp (1092): TrapGetProcAddress: Exited
414688/414752 00000000       .\bbhook.cpp (1077): TrapGetProcAddress: Entered
414688/414752 00000000       .\bbhook.cpp (1092): TrapGetProcAddress: Exited
414688/414752 00000000       .\bbhook.cpp (1077): TrapGetProcAddress: Entered
414688/414752 00000000       .\bbhook.cpp (1092): TrapGetProcAddress: Exited
414688/414752 00000000       .\bbhook.cpp (1077): TrapGetProcAddress: Entered
414688/414752 00000000       .\bbhook.cpp (1092): TrapGetProcAddress: Exited
414688/414752 00000000       .\bbhook.cpp (1077): TrapGetProcAddress: Entered
414688/414752 00000000       .\bbhook.cpp (1092): TrapGetProcAddress: Exited
414688/414752 00000000       .\bbhook.cpp (1077): TrapGetProcAddress: Entered
414688/414752 00000000       .\bbhook.cpp (1092): TrapGetProcAddress: Exited
414688/414752 00000000       .\bbhook.cpp (1412): TrapLoadLibraryExW: Entered
414688/414752 00000015    15 .\bbhook.cpp (1444): TrapLoadLibraryExW: Exited
414688/414752 00000015       .\bbhook.cpp (1077): TrapGetProcAddress: Entered
414688/414752 00000015       .\bbhook.cpp (1092): TrapGetProcAddress: Exited
414688/414752 00000015       .\bbhook.cpp (1412): TrapLoadLibraryExW: Entered
414688/414752 00000031    16 .\bbhook.cpp (1444): TrapLoadLibraryExW: Exited
414688/414752 00000031       .\bbhook.cpp (1077): TrapGetProcAddress: Entered
414688/414752 00000031       .\bbhook.cpp (1092): TrapGetProcAddress: Exited
414688/414752 00000031       .\bbhook.cpp (2122): TrapFreeLibrary: Entered
414688/414752 00000031       .\bbhook.cpp (2123): TrapFreeLibrary: library name is C:\Windows\system32\uxtheme.dll
414688/414752 00000031       .\bbhook.cpp (2186): TrapFreeLibrary: Exited
414688/414368 00000031       .\bbhook.cpp (1370): TrapLoadLibraryExA: Entered
414688/414368 00000031       .\bbhook.cpp (1371): TrapLoadLibraryExA: library name is CRYPTSP.dll
414688/414752 00000031       .\bbhook.cpp (1077): TrapGetProcAddress: Entered
414688/414752 00000031       .\bbhook.cpp (1092): TrapGetProcAddress: Exited
414688/414368 00000046    15 .\bbhook.cpp (1404): TrapLoadLibraryExA: Exited
414688/414368 00000046       .\bbhook.cpp (1077): TrapGetProcAddress: Entered
414688/414368 00000046       .\bbhook.cpp (1092): TrapGetProcAddress: Exited
414688/414752 00000062    16 .\bbhook.cpp (1412): TrapLoadLibraryExW: Entered
414688/414368 00000062       .\bbhook.cpp (1370): TrapLoadLibraryExA: Entered
414688/414368 00000062       .\bbhook.cpp (1371): TrapLoadLibraryExA: library name is C:\Windows\system32\rsaenh.dll
414688/414752 00000062       .\bbhook.cpp (1444): TrapLoadLibraryExW: Exited
414688/414752 00000062       .\bbhook.cpp (1077): TrapGetProcAddress: Entered
414688/414752 00000062       .\bbhook.cpp (1092): TrapGetProcAddress: Exited
414688/414752 00000062       .\bbhook.cpp (2122): TrapFreeLibrary: Entered
414688/414752 00000062       .\bbhook.cpp (2123): TrapFreeLibrary: library name is C:\Windows\system32\uxtheme.dll
414688/414752 00000062       .\bbhook.cpp (2186): TrapFreeLibrary: Exited
414688/414368 00000078    16 .\bbhook.cpp (1404): TrapLoadLibraryExA: Exited
414688/414368 00000078       .\bbhook.cpp (1077): TrapGetProcAddress: Entered
414688/414368 00000078       .\bbhook.cpp (1092): TrapGetProcAddress: Exited
414688/414368 00000078       .\bbhook.cpp (1077): TrapGetProcAddress: Entered
414688/414368 00000078       .\bbhook.cpp (1092): TrapGetProcAddress: Exited
414688/414368 00000078       .\bbhook.cpp (1077): TrapGetProcAddress: Entered
414688/414368 00000078       .\bbhook.cpp (1092): TrapGetProcAddress: Exited
414688/414368 00000078       .\bbhook.cpp (1077): TrapGetProcAddress: Entered
414688/414368 00000078       .\bbhook.cpp (1092): TrapGetProcAddress: Exited
414688/414368 00000078       .\bbhook.cpp (1077): TrapGetProcAddress: Entered
414688/414368 00000078       .\bbhook.cpp (1092): TrapGetProcAddress: Exited
414688/414368 00000078       .\bbhook.cpp (1077): TrapGetProcAddress: Entered
414688/414368 00000078       .\bbhook.cpp (1092): TrapGetProcAddress: Exited
414688/414368 00000078       .\bbhook.cpp (1077): TrapGetProcAddress: Entered
414688/414368 00000078       .\bbhook.cpp (1092): TrapGetProcAddress: Exited
414688/414368 00000078       .\bbhook.cpp (1077): TrapGetProcAddress: Entered
414688/414368 00000078       .\bbhook.cpp (1092): TrapGetProcAddress: Exited
414688/414368 00000078       .\bbhook.cpp (1077): TrapGetProcAddress: Entered
414688/414368 00000078       .\bbhook.cpp (1092): TrapGetProcAddress: Exited
414688/414368 00000078       .\bbhook.cpp (1077): TrapGetProcAddress: Entered
414688/414368 00000078       .\bbhook.cpp (1092): TrapGetProcAddress: Exited
414688/414368 00000078       .\bbhook.cpp (1077): TrapGetProcAddress: Entered
414688/414368 00000078       .\bbhook.cpp (1092): TrapGetProcAddress: Exited
414688/414368 00000078       .\bbhook.cpp (1077): TrapGetProcAddress: Entered
414688/414368 00000078       .\bbhook.cpp (1092): TrapGetProcAddress: Exited
414688/414368 00000078       .\bbhook.cpp (1077): TrapGetProcAddress: Entered
414688/414368 00000078       .\bbhook.cpp (1092): TrapGetProcAddress: Exited
414688/414368 00000078       .\bbhook.cpp (1077): TrapGetProcAddress: Entered
414688/414368 00000078       .\bbhook.cpp (1092): TrapGetProcAddress: Exited
414688/414368 00000078       .\bbhook.cpp (1077): TrapGetProcAddress: Entered
414688/414368 00000078       .\bbhook.cpp (1092): TrapGetProcAddress: Exited
414688/414368 00000078       .\bbhook.cpp (1077): TrapGetProcAddress: Entered
414688/414368 00000078       .\bbhook.cpp (1092): TrapGetProcAddress: Exited
414688/414368 00000078       .\bbhook.cpp (1077): TrapGetProcAddress: Entered
414688/414368 00000078       .\bbhook.cpp (1092): TrapGetProcAddress: Exited
414688/414368 00000078       .\bbhook.cpp (1077): TrapGetProcAddress: Entered
414688/414368 00000078       .\bbhook.cpp (1092): TrapGetProcAddress: Exited
414688/414368 00000078       .\bbhook.cpp (1077): TrapGetProcAddress: Entered
414688/414368 00000078       .\bbhook.cpp (1092): TrapGetProcAddress: Exited
414688/414368 00000078       .\bbhook.cpp (1077): TrapGetProcAddress: Entered
414688/414368 00000078       .\bbhook.cpp (1092): TrapGetProcAddress: Exited
414688/414368 00000078       .\bbhook.cpp (1077): TrapGetProcAddress: Entered
414688/414368 00000078       .\bbhook.cpp (1092): TrapGetProcAddress: Exited
414688/414368 00000078       .\bbhook.cpp (1077): TrapGetProcAddress: Entered
414688/414368 00000078       .\bbhook.cpp (1092): TrapGetProcAddress: Exited
414688/414368 00000078       .\bbhook.cpp (1077): TrapGetProcAddress: Entered
414688/414368 00000078       .\bbhook.cpp (1092): TrapGetProcAddress: Exited
414688/414368 00000078       .\bbhook.cpp (1077): TrapGetProcAddress: Entered
414688/414368 00000078       .\bbhook.cpp (1092): TrapGetProcAddress: Exited
414688/414368 00000078       .\bbhook.cpp (1077): TrapGetProcAddress: Entered
414688/414368 00000078       .\bbhook.cpp (1092): TrapGetProcAddress: Exited
414688/414368 00000078       .\bbhook.cpp (1370): TrapLoadLibraryExA: Entered
414688/414368 00000078       .\bbhook.cpp (1371): TrapLoadLibraryExA: library name is ADVAPI32.dll
414688/414752 00000078       .\bbhook.cpp (1412): TrapLoadLibraryExW: Entered
414688/414752 00000093    15 .\bbhook.cpp (1444): TrapLoadLibraryExW: Exited
414688/414752 00000093       .\bbhook.cpp (1077): TrapGetProcAddress: Entered
414688/414752 00000093       .\bbhook.cpp (1092): TrapGetProcAddress: Exited
414688/414752 00000093       .\bbhook.cpp (2122): TrapFreeLibrary: Entered
414688/414752 00000093       .\bbhook.cpp (2123): TrapFreeLibrary: library name is C:\Windows\system32\uxtheme.dll
414688/414752 00000093       .\bbhook.cpp (2186): TrapFreeLibrary: Exited
414688/414368 00000093       .\bbhook.cpp (1404): TrapLoadLibraryExA: Exited
414688/414368 00000093       .\bbhook.cpp (1077): TrapGetProcAddress: Entered
414688/414368 00000093       .\bbhook.cpp (1092): TrapGetProcAddress: Exited
414688/414368 00000093       .\bbhook.cpp (1077): TrapGetProcAddress: Entered
414688/414368 00000093       .\bbhook.cpp (1092): TrapGetProcAddress: Exited
414688/414368 00000093       .\bbhook.cpp (1077): TrapGetProcAddress: Entered
414688/414368 00000093       .\bbhook.cpp (1092): TrapGetProcAddress: Exited
414688/414368 00000093       .\bbhook.cpp (1077): TrapGetProcAddress: Entered
414688/414368 00000093       .\bbhook.cpp (1092): TrapGetProcAddress: Exited
414688/414368 00000093       .\bbhook.cpp (1077): TrapGetProcAddress: Entered
414688/414368 00000093       .\bbhook.cpp (1092): TrapGetProcAddress: Exited
414688/414368 00000093       .\bbhook.cpp (1077): TrapGetProcAddress: Entered
414688/414368 00000093       .\bbhook.cpp (1092): TrapGetProcAddress: Exited
414688/414368 00000093       .\bbhook.cpp (1370): TrapLoadLibraryExA: Entered
414688/414368 00000093       .\bbhook.cpp (1371): TrapLoadLibraryExA: library name is CRYPTBASE.dll
414688/414752 00000093       .\bbhook.cpp (1412): TrapLoadLibraryExW: Entered
414688/414368 00000124    31 .\bbhook.cpp (1404): TrapLoadLibraryExA: Exited
414688/414368 00000124       .\bbhook.cpp (1077): TrapGetProcAddress: Entered
414688/414368 00000124       .\bbhook.cpp (1092): TrapGetProcAddress: Exited
414688/414368 00000124       .\bbhook.cpp (1077): TrapGetProcAddress: Entered
414688/414368 00000124       .\bbhook.cpp (1092): TrapGetProcAddress: Exited
414688/414368 00000124       .\bbhook.cpp (1077): TrapGetProcAddress: Entered
414688/414368 00000124       .\bbhook.cpp (1092): TrapGetProcAddress: Exited
414688/414368 00000124       .\bbhook.cpp (1077): TrapGetProcAddress: Entered
414688/414368 00000124       .\bbhook.cpp (1092): TrapGetProcAddress: Exited
414688/414368 00000124       .\bbhook.cpp (1077): TrapGetProcAddress: Entered
414688/414368 00000124       .\bbhook.cpp (1092): TrapGetProcAddress: Exited
414688/414368 00000140    16 .\bbhook.cpp (1077): TrapGetProcAddress: Entered
414688/414368 00000140       .\bbhook.cpp (1092): TrapGetProcAddress: Exited
414688/414368 00000140       .\bbhook.cpp (1077): TrapGetProcAddress: Entered
414688/414368 00000140       .\bbhook.cpp (1092): TrapGetProcAddress: Exited
414688/414368 00000140       .\bbhook.cpp (1077): TrapGetProcAddress: Entered
414688/414368 00000140       .\bbhook.cpp (1092): TrapGetProcAddress: Exited
414688/414368 00000140       .\bbhook.cpp (1077): TrapGetProcAddress: Entered
414688/414368 00000140       .\bbhook.cpp (1092): TrapGetProcAddress: Exited
414688/414368 00000140       .\bbhook.cpp (1077): TrapGetProcAddress: Entered
414688/414368 00000140       .\bbhook.cpp (1092): TrapGetProcAddress: Exited
414688/414368 00000140       .\bbhook.cpp (1077): TrapGetProcAddress: Entered
414688/414368 00000140       .\bbhook.cpp (1092): TrapGetProcAddress: Exited
414688/414368 00000140       .\bbhook.cpp (1077): TrapGetProcAddress: Entered
414688/414368 00000140       .\bbhook.cpp (1092): TrapGetProcAddress: Exited
414688/414368 00000140       .\bbhook.cpp (1077): TrapGetProcAddress: Entered
414688/414368 00000140       .\bbhook.cpp (1092): TrapGetProcAddress: Exited
414688/414368 00000140       .\bbhook.cpp (1077): TrapGetProcAddress: Entered
414688/414368 00000140       .\bbhook.cpp (1092): TrapGetProcAddress: Exited
414688/414368 00000140       .\bbhook.cpp (1077): TrapGetProcAddress: Entered
414688/414368 00000140       .\bbhook.cpp (1092): TrapGetProcAddress: Exited
414688/414368 00000140       .\bbhook.cpp (1077): TrapGetProcAddress: Entered
414688/414368 00000140       .\bbhook.cpp (1092): TrapGetProcAddress: Exited
414688/414368 00000140       .\bbhook.cpp (1077): TrapGetProcAddress: Entered
414688/414368 00000140       .\bbhook.cpp (1092): TrapGetProcAddress: Exited
414688/414368 00000140       .\bbhook.cpp (1077): TrapGetProcAddress: Entered
414688/414368 00000140       .\bbhook.cpp (1092): TrapGetProcAddress: Exited
414688/414368 00000140       .\bbhook.cpp (1077): TrapGetProcAddress: Entered
414688/414368 00000140       .\bbhook.cpp (1092): TrapGetProcAddress: Exited
414688/414368 00000140       .\bbhook.cpp (1077): TrapGetProcAddress: Entered
414688/414368 00000140       .\bbhook.cpp (1092): TrapGetProcAddress: Exited
414688/414368 00000140       .\bbhook.cpp (1077): TrapGetProcAddress: Entered
414688/414368 00000140       .\bbhook.cpp (1092): TrapGetProcAddress: Exited
414688/414368 00000140       .\bbhook.cpp (1077): TrapGetProcAddress: Entered
414688/414368 00000140       .\bbhook.cpp (1092): TrapGetProcAddress: Exited
414688/414368 00000140       .\bbhook.cpp (1077): TrapGetProcAddress: Entered
414688/414368 00000140       .\bbhook.cpp (1092): TrapGetProcAddress: Exited
414688/414368 00000140       .\bbhook.cpp (1077): TrapGetProcAddress: Entered
414688/414368 00000140       .\bbhook.cpp (1092): TrapGetProcAddress: Exited
414688/414368 00000140       .\bbhook.cpp (1077): TrapGetProcAddress: Entered
414688/414368 00000140       .\bbhook.cpp (1092): TrapGetProcAddress: Exited
414688/414368 00000140       .\bbhook.cpp (1077): TrapGetProcAddress: Entered
414688/414368 00000140       .\bbhook.cpp (1092): TrapGetProcAddress: Exited
414688/414368 00000140       .\bbhook.cpp (1077): TrapGetProcAddress: Entered
414688/414368 00000140       .\bbhook.cpp (1092): TrapGetProcAddress: Exited
414688/414368 00000140       .\bbhook.cpp (1077): TrapGetProcAddress: Entered
414688/414368 00000140       .\bbhook.cpp (1092): TrapGetProcAddress: Exited
414688/414368 00000140       .\bbhook.cpp (1077): TrapGetProcAddress: Entered
414688/414368 00000140       .\bbhook.cpp (1092): TrapGetProcAddress: Exited
414688/414368 00000140       .\bbhook.cpp (1077): TrapGetProcAddress: Entered
414688/414368 00000140       .\bbhook.cpp (1092): TrapGetProcAddress: Exited
414688/414368 00000140       .\bbhook.cpp (1077): TrapGetProcAddress: Entered
414688/414368 00000140       .\bbhook.cpp (1092): TrapGetProcAddress: Exited
414688/414368 00000140       .\bbhook.cpp (1077): TrapGetProcAddress: Entered
414688/414368 00000140       .\bbhook.cpp (1092): TrapGetProcAddress: Exited
414688/414368 00000140       .\bbhook.cpp (1077): TrapGetProcAddress: Entered
414688/414368 00000140       .\bbhook.cpp (1092): TrapGetProcAddress: Exited
414688/414368 00000140       .\bbhook.cpp (1077): TrapGetProcAddress: Entered
414688/414368 00000140       .\bbhook.cpp (1092): TrapGetProcAddress: Exited
414688/414368 00000140       .\bbhook.cpp (1077): TrapGetProcAddress: Entered
414688/414368 00000140       .\bbhook.cpp (1092): TrapGetProcAddress: Exited
414688/414368 00000140       .\bbhook.cpp (1077): TrapGetProcAddress: Entered
414688/414368 00000140       .\bbhook.cpp (1092): TrapGetProcAddress: Exited
414688/414368 00000140       .\bbhook.cpp (1077): TrapGetProcAddress: Entered
414688/414368 00000140       .\bbhook.cpp (1092): TrapGetProcAddress: Exited
414688/414368 00000140       .\bbhook.cpp (1077): TrapGetProcAddress: Entered
414688/414368 00000140       .\bbhook.cpp (1092): TrapGetProcAddress: Exited
414688/414368 00000140       .\bbhook.cpp (1077): TrapGetProcAddress: Entered
414688/414368 00000140       .\bbhook.cpp (1092): TrapGetProcAddress: Exited
414688/414368 00000140       .\bbhook.cpp (1077): TrapGetProcAddress: Entered
414688/414368 00000140       .\bbhook.cpp (1092): TrapGetProcAddress: Exited
414688/414368 00000140       .\bbhook.cpp (1077): TrapGetProcAddress: Entered
414688/414368 00000140       .\bbhook.cpp (1092): TrapGetProcAddress: Exited
414688/414368 00000140       .\bbhook.cpp (1077): TrapGetProcAddress: Entered
414688/414368 00000140       .\bbhook.cpp (1092): TrapGetProcAddress: Exited
414688/414368 00000140       .\bbhook.cpp (1077): TrapGetProcAddress: Entered
414688/414368 00000140       .\bbhook.cpp (1092): TrapGetProcAddress: Exited
414688/414368 00000140       .\bbhook.cpp (1077): TrapGetProcAddress: Entered
414688/414368 00000140       .\bbhook.cpp (1092): TrapGetProcAddress: Exited
414688/414368 00000140       .\bbhook.cpp (1077): TrapGetProcAddress: Entered
414688/414368 00000140       .\bbhook.cpp (1092): TrapGetProcAddress: Exited
414688/414368 00000140       .\bbhook.cpp (1077): TrapGetProcAddress: Entered
414688/414368 00000140       .\bbhook.cpp (1092): TrapGetProcAddress: Exited
414688/414368 00000140       .\bbhook.cpp (1077): TrapGetProcAddress: Entered
414688/414368 00000140       .\bbhook.cpp (1092): TrapGetProcAddress: Exited
414688/414368 00000140       .\bbhook.cpp (1077): TrapGetProcAddress: Entered
414688/414368 00000140       .\bbhook.cpp (1092): TrapGetProcAddress: Exited
414688/414368 00000140       .\bbhook.cpp (1077): TrapGetProcAddress: Entered
414688/414368 00000140       .\bbhook.cpp (1092): TrapGetProcAddress: Exited
414688/414368 00000140       .\bbhook.cpp (1077): TrapGetProcAddress: Entered
414688/414368 00000140       .\bbhook.cpp (1092): TrapGetProcAddress: Exited
414688/414368 00000140       .\bbhook.cpp (1077): TrapGetProcAddress: Entered
414688/414368 00000140       .\bbhook.cpp (1092): TrapGetProcAddress: Exited
414688/414368 00000140       .\bbhook.cpp (1077): TrapGetProcAddress: Entered
414688/414368 00000140       .\bbhook.cpp (1092): TrapGetProcAddress: Exited
414688/414368 00000140       .\bbhook.cpp (1077): TrapGetProcAddress: Entered
414688/414368 00000140       .\bbhook.cpp (1092): TrapGetProcAddress: Exited
414688/414368 00000140       .\bbhook.cpp (1077): TrapGetProcAddress: Entered
414688/414368 00000140       .\bbhook.cpp (1092): TrapGetProcAddress: Exited
414688/414368 00000140       .\bbhook.cpp (1077): TrapGetProcAddress: Entered
414688/414368 00000140       .\bbhook.cpp (1092): TrapGetProcAddress: Exited
414688/414368 00000140       .\bbhook.cpp (1077): TrapGetProcAddress: Entered
414688/414368 00000140       .\bbhook.cpp (1092): TrapGetProcAddress: Exited
414688/414368 00000140       .\bbhook.cpp (1077): TrapGetProcAddress: Entered
414688/414368 00000140       .\bbhook.cpp (1092): TrapGetProcAddress: Exited
414688/414368 00000140       .\bbhook.cpp (1077): TrapGetProcAddress: Entered
414688/414368 00000140       .\bbhook.cpp (1092): TrapGetProcAddress: Exited
414688/414368 00000140       .\bbhook.cpp (1077): TrapGetProcAddress: Entered
414688/414368 00000140       .\bbhook.cpp (1092): TrapGetProcAddress: Exited
414688/414368 00000140       .\bbhook.cpp (1077): TrapGetProcAddress: Entered
414688/414368 00000140       .\bbhook.cpp (1092): TrapGetProcAddress: Exited
414688/414368 00000140       .\bbhook.cpp (1077): TrapGetProcAddress: Entered
414688/414368 00000140       .\bbhook.cpp (1092): TrapGetProcAddress: Exited
414688/414368 00000140       .\bbhook.cpp (1077): TrapGetProcAddress: Entered
414688/414368 00000140       .\bbhook.cpp (1092): TrapGetProcAddress: Exited
414688/414368 00000140       .\bbhook.cpp (1077): TrapGetProcAddress: Entered
414688/414368 00000140       .\bbhook.cpp (1092): TrapGetProcAddress: Exited
414688/414368 00000140       .\bbhook.cpp (1077): TrapGetProcAddress: Entered
414688/414368 00000140       .\bbhook.cpp (1092): TrapGetProcAddress: Exited
414688/414368 00000140       .\bbhook.cpp (1077): TrapGetProcAddress: Entered
414688/414368 00000140       .\bbhook.cpp (1092): TrapGetProcAddress: Exited
414688/414368 00000140       .\bbhook.cpp (1077): TrapGetProcAddress: Entered
414688/414368 00000140       .\bbhook.cpp (1092): TrapGetProcAddress: Exited
414688/414368 00000140       .\bbhook.cpp (1077): TrapGetProcAddress: Entered
414688/414368 00000140       .\bbhook.cpp (1092): TrapGetProcAddress: Exited
414688/414368 00000140       .\bbhook.cpp (1077): TrapGetProcAddress: Entered
414688/414368 00000140       .\bbhook.cpp (1092): TrapGetProcAddress: Exited
414688/414368 00000140       .\bbhook.cpp (1077): TrapGetProcAddress: Entered
414688/414368 00000140       .\bbhook.cpp (1092): TrapGetProcAddress: Exited
414688/414368 00000140       .\bbhook.cpp (1077): TrapGetProcAddress: Entered
414688/414368 00000140       .\bbhook.cpp (1092): TrapGetProcAddress: Exited
414688/414368 00000140       .\bbhook.cpp (1077): TrapGetProcAddress: Entered
414688/414368 00000140       .\bbhook.cpp (1092): TrapGetProcAddress: Exited
414688/414368 00000140       .\bbhook.cpp (1077): TrapGetProcAddress: Entered
414688/414368 00000140       .\bbhook.cpp (1092): TrapGetProcAddress: Exited
414688/414368 00000140       .\bbhook.cpp (1077): TrapGetProcAddress: Entered
414688/414368 00000140       .\bbhook.cpp (1092): TrapGetProcAddress: Exited
414688/414368 00000140       .\bbhook.cpp (1077): TrapGetProcAddress: Entered
414688/414368 00000140       .\bbhook.cpp (1092): TrapGetProcAddress: Exited
414688/414368 00000140       .\bbhook.cpp (1077): TrapGetProcAddress: Entered
414688/414368 00000140       .\bbhook.cpp (1092): TrapGetProcAddress: Exited
414688/414368 00000140       .\bbhook.cpp (1077): TrapGetProcAddress: Entered
414688/414368 00000140       .\bbhook.cpp (1092): TrapGetProcAddress: Exited
414688/414368 00000140       .\bbhook.cpp (1077): TrapGetProcAddress: Entered
414688/414368 00000140       .\bbhook.cpp (1092): TrapGetProcAddress: Exited
414688/414368 00000140       .\bbhook.cpp (1077): TrapGetProcAddress: Entered
414688/414368 00000140       .\bbhook.cpp (1092): TrapGetProcAddress: Exited
414688/414368 00000140       .\bbhook.cpp (1077): TrapGetProcAddress: Entered
414688/414368 00000140       .\bbhook.cpp (1092): TrapGetProcAddress: Exited
414688/414368 00000140       .\bbhook.cpp (1077): TrapGetProcAddress: Entered
414688/414368 00000140       .\bbhook.cpp (1092): TrapGetProcAddress: Exited
414688/414368 00000140       .\bbhook.cpp (1077): TrapGetProcAddress: Entered
414688/414368 00000140       .\bbhook.cpp (1092): TrapGetProcAddress: Exited
414688/414368 00000140       .\bbhook.cpp (1077): TrapGetProcAddress: Entered
414688/414368 00000140       .\bbhook.cpp (1092): TrapGetProcAddress: Exited
414688/414368 00000140       .\bbhook.cpp (1077): TrapGetProcAddress: Entered
414688/414368 00000140       .\bbhook.cpp (1092): TrapGetProcAddress: Exited
414688/414368 00000140       .\bbhook.cpp (1077): TrapGetProcAddress: Entered
414688/414368 00000140       .\bbhook.cpp (1092): TrapGetProcAddress: Exited
414688/414368 00000140       .\bbhook.cpp (1077): TrapGetProcAddress: Entered
414688/414368 00000140       .\bbhook.cpp (1092): TrapGetProcAddress: Exited
414688/414368 00000140       .\bbhook.cpp (1077): TrapGetProcAddress: Entered
414688/414368 00000140       .\bbhook.cpp (1092): TrapGetProcAddress: Exited
414688/414368 00000140       .\bbhook.cpp (1077): TrapGetProcAddress: Entered
414688/414368 00000140       .\bbhook.cpp (1092): TrapGetProcAddress: Exited
414688/414368 00000140       .\bbhook.cpp (1077): TrapGetProcAddress: Entered
414688/414368 00000140       .\bbhook.cpp (1092): TrapGetProcAddress: Exited
414688/414368 00000140       .\bbhook.cpp (1077): TrapGetProcAddress: Entered
414688/414368 00000140       .\bbhook.cpp (1092): TrapGetProcAddress: Exited
414688/414368 00000140       .\bbhook.cpp (1077): TrapGetProcAddress: Entered
414688/414368 00000140       .\bbhook.cpp (1092): TrapGetProcAddress: Exited
414688/414368 00000140       .\bbhook.cpp (1077): TrapGetProcAddress: Entered
414688/414368 00000140       .\bbhook.cpp (1092): TrapGetProcAddress: Exited
414688/414368 00000140       .\bbhook.cpp (1077): TrapGetProcAddress: Entered
414688/414368 00000140       .\bbhook.cpp (1092): TrapGetProcAddress: Exited
414688/414368 00000140       .\bbhook.cpp (1077): TrapGetProcAddress: Entered
414688/414368 00000140       .\bbhook.cpp (1092): TrapGetProcAddress: Exited
414688/414368 00000140       .\bbhook.cpp (1077): TrapGetProcAddress: Entered
414688/414368 00000140       .\bbhook.cpp (1092): TrapGetProcAddress: Exited
414688/414368 00000140       .\bbhook.cpp (1077): TrapGetProcAddress: Entered
414688/414368 00000140       .\bbhook.cpp (1092): TrapGetProcAddress: Exited
414688/414368 00000140       .\bbhook.cpp (1077): TrapGetProcAddress: Entered
414688/414368 00000140       .\bbhook.cpp (1092): TrapGetProcAddress: Exited
414688/414368 00000140       .\bbhook.cpp (1077): TrapGetProcAddress: Entered
414688/414368 00000140       .\bbhook.cpp (1092): TrapGetProcAddress: Exited
414688/414368 00000140       .\bbhook.cpp (1077): TrapGetProcAddress: Entered
414688/414368 00000140       .\bbhook.cpp (1092): TrapGetProcAddress: Exited
414688/414368 00000140       .\bbhook.cpp (1077): TrapGetProcAddress: Entered
414688/414368 00000140       .\bbhook.cpp (1092): TrapGetProcAddress: Exited
414688/414368 00000140       .\bbhook.cpp (1077): TrapGetProcAddress: Entered
414688/414368 00000140       .\bbhook.cpp (1092): TrapGetProcAddress: Exited
414688/414368 00000140       .\bbhook.cpp (1077): TrapGetProcAddress: Entered
414688/414368 00000140       .\bbhook.cpp (1092): TrapGetProcAddress: Exited
414688/414368 00000140       .\bbhook.cpp (1077): TrapGetProcAddress: Entered
414688/414368 00000140       .\bbhook.cpp (1092): TrapGetProcAddress: Exited
414688/414368 00000140       .\bbhook.cpp (1077): TrapGetProcAddress: Entered
414688/414368 00000140       .\bbhook.cpp (1092): TrapGetProcAddress: Exited
414688/414368 00000140       .\bbhook.cpp (1077): TrapGetProcAddress: Entered
414688/414368 00000140       .\bbhook.cpp (1092): TrapGetProcAddress: Exited
414688/414368 00000140       .\bbhook.cpp (1077): TrapGetProcAddress: Entered
414688/414368 00000140       .\bbhook.cpp (1092): TrapGetProcAddress: Exited
414688/414368 00000140       .\bbhook.cpp (1077): TrapGetProcAddress: Entered
414688/414368 00000140       .\bbhook.cpp (1092): TrapGetProcAddress: Exited
414688/414368 00000140       .\bbhook.cpp (1077): TrapGetProcAddress: Entered
414688/414368 00000140       .\bbhook.cpp (1092): TrapGetProcAddress: Exited
414688/414368 00000140       .\bbhook.cpp (1077): TrapGetProcAddress: Entered
414688/414368 00000140       .\bbhook.cpp (1092): TrapGetProcAddress: Exited
414688/414368 00000140       .\bbhook.cpp (1077): TrapGetProcAddress: Entered
414688/414368 00000140       .\bbhook.cpp (1092): TrapGetProcAddress: Exited
414688/414368 00000140       .\bbhook.cpp (1077): TrapGetProcAddress: Entered
414688/414368 00000140       .\bbhook.cpp (1092): TrapGetProcAddress: Exited
414688/414368 00000140       .\bbhook.cpp (1077): TrapGetProcAddress: Entered
414688/414368 00000140       .\bbhook.cpp (1092): TrapGetProcAddress: Exited
414688/414368 00000140       .\bbhook.cpp (1077): TrapGetProcAddress: Entered
414688/414368 00000140       .\bbhook.cpp (1092): TrapGetProcAddress: Exited
414688/414368 00000140       .\bbhook.cpp (1077): TrapGetProcAddress: Entered
414688/414368 00000140       .\bbhook.cpp (1092): TrapGetProcAddress: Exited
414688/414368 00000140       .\bbhook.cpp (1077): TrapGetProcAddress: Entered
414688/414368 00000140       .\bbhook.cpp (1092): TrapGetProcAddress: Exited
414688/414368 00000140       .\bbhook.cpp (1077): TrapGetProcAddress: Entered
414688/414368 00000140       .\bbhook.cpp (1092): TrapGetProcAddress: Exited
414688/414368 00000140       .\bbhook.cpp (1077): TrapGetProcAddress: Entered
414688/414368 00000140       .\bbhook.cpp (1092): TrapGetProcAddress: Exited
414688/414368 00000140       .\bbhook.cpp (1077): TrapGetProcAddress: Entered
414688/414368 00000140       .\bbhook.cpp (1092): TrapGetProcAddress: Exited
414688/414368 00000140       .\bbhook.cpp (1077): TrapGetProcAddress: Entered
414688/414368 00000140       .\bbhook.cpp (1092): TrapGetProcAddress: Exited
414688/414368 00000140       .\bbhook.cpp (1077): TrapGetProcAddress: Entered
414688/414368 00000140       .\bbhook.cpp (1092): TrapGetProcAddress: Exited
414688/414368 00000140       .\bbhook.cpp (1077): TrapGetProcAddress: Entered
414688/414368 00000140       .\bbhook.cpp (1092): TrapGetProcAddress: Exited
414688/414368 00000140       .\bbhook.cpp (1077): TrapGetProcAddress: Entered
414688/414368 00000140       .\bbhook.cpp (1092): TrapGetProcAddress: Exited
414688/414368 00000140       .\bbhook.cpp (1077): TrapGetProcAddress: Entered
414688/414368 00000140       .\bbhook.cpp (1092): TrapGetProcAddress: Exited
414688/414368 00000140       .\bbhook.cpp (1077): TrapGetProcAddress: Entered
414688/414368 00000140       .\bbhook.cpp (1092): TrapGetProcAddress: Exited
414688/414368 00000140       .\bbhook.cpp (1077): TrapGetProcAddress: Entered
414688/414368 00000140       .\bbhook.cpp (1092): TrapGetProcAddress: Exited
414688/414368 00000140       .\bbhook.cpp (1077): TrapGetProcAddress: Entered
414688/414368 00000140       .\bbhook.cpp (1092): TrapGetProcAddress: Exited
414688/414368 00000140       .\bbhook.cpp (1077): TrapGetProcAddress: Entered
414688/414368 00000140       .\bbhook.cpp (1092): TrapGetProcAddress: Exited
414688/414368 00000140       .\bbhook.cpp (1077): TrapGetProcAddress: Entered
414688/414368 00000140       .\bbhook.cpp (1092): TrapGetProcAddress: Exited
414688/414368 00000140       .\bbhook.cpp (1077): TrapGetProcAddress: Entered
414688/414368 00000140       .\bbhook.cpp (1092): TrapGetProcAddress: Exited
414688/414368 00000140       .\bbhook.cpp (1077): TrapGetProcAddress: Entered
414688/414368 00000140       .\bbhook.cpp (1092): TrapGetProcAddress: Exited
414688/414368 00000140       .\bbhook.cpp (1077): TrapGetProcAddress: Entered
414688/414368 00000140       .\bbhook.cpp (1092): TrapGetProcAddress: Exited
414688/414368 00000140       .\bbhook.cpp (1077): TrapGetProcAddress: Entered
414688/414368 00000140       .\bbhook.cpp (1092): TrapGetProcAddress: Exited
414688/414368 00000140       .\bbhook.cpp (1077): TrapGetProcAddress: Entered
414688/414368 00000140       .\bbhook.cpp (1092): TrapGetProcAddress: Exited
414688/414368 00000140       .\bbhook.cpp (1077): TrapGetProcAddress: Entered
414688/414368 00000140       .\bbhook.cpp (1092): TrapGetProcAddress: Exited
414688/414368 00000140       .\bbhook.cpp (1077): TrapGetProcAddress: Entered
414688/414368 00000140       .\bbhook.cpp (1092): TrapGetProcAddress: Exited
414688/414368 00000140       .\bbhook.cpp (1077): TrapGetProcAddress: Entered
414688/414368 00000140       .\bbhook.cpp (1092): TrapGetProcAddress: Exited
414688/414368 00000140       .\bbhook.cpp (1077): TrapGetProcAddress: Entered
414688/414368 00000140       .\bbhook.cpp (1092): TrapGetProcAddress: Exited
414688/414368 00000140       .\bbhook.cpp (1077): TrapGetProcAddress: Entered
414688/414368 00000140       .\bbhook.cpp (1092): TrapGetProcAddress: Exited
414688/414368 00000140       .\bbhook.cpp (1077): TrapGetProcAddress: Entered
414688/414368 00000140       .\bbhook.cpp (1092): TrapGetProcAddress: Exited
414688/414368 00000140       .\bbhook.cpp (1077): TrapGetProcAddress: Entered
414688/414368 00000140       .\bbhook.cpp (1092): TrapGetProcAddress: Exited
414688/414368 00000140       .\bbhook.cpp (1077): TrapGetProcAddress: Entered
414688/414368 00000140       .\bbhook.cpp (1092): TrapGetProcAddress: Exited
414688/414368 00000140       .\bbhook.cpp (1077): TrapGetProcAddress: Entered
414688/414368 00000140       .\bbhook.cpp (1092): TrapGetProcAddress: Exited
414688/414368 00000140       .\bbhook.cpp (1077): TrapGetProcAddress: Entered
414688/414368 00000140       .\bbhook.cpp (1092): TrapGetProcAddress: Exited
414688/414368 00000140       .\bbhook.cpp (1077): TrapGetProcAddress: Entered
414688/414368 00000140       .\bbhook.cpp (1092): TrapGetProcAddress: Exited
414688/414368 00000140       .\bbhook.cpp (1077): TrapGetProcAddress: Entered
414688/414368 00000140       .\bbhook.cpp (1092): TrapGetProcAddress: Exited
414688/414368 00000140       .\bbhook.cpp (1077): TrapGetProcAddress: Entered
414688/414368 00000140       .\bbhook.cpp (1092): TrapGetProcAddress: Exited
414688/414368 00000140       .\bbhook.cpp (1077): TrapGetProcAddress: Entered
414688/414368 00000140       .\bbhook.cpp (1092): TrapGetProcAddress: Exited
414688/414368 00000140       .\bbhook.cpp (1077): TrapGetProcAddress: Entered
414688/414368 00000140       .\bbhook.cpp (1092): TrapGetProcAddress: Exited
414688/414368 00000140       .\bbhook.cpp (1077): TrapGetProcAddress: Entered
414688/414368 00000140       .\bbhook.cpp (1092): TrapGetProcAddress: Exited
414688/414368 00000140       .\bbhook.cpp (1077): TrapGetProcAddress: Entered
414688/414368 00000140       .\bbhook.cpp (1092): TrapGetProcAddress: Exited
414688/414368 00000140       .\bbhook.cpp (1077): TrapGetProcAddress: Entered
414688/414368 00000140       .\bbhook.cpp (1092): TrapGetProcAddress: Exited
414688/414368 00000140       .\bbhook.cpp (1077): TrapGetProcAddress: Entered
414688/414368 00000140       .\bbhook.cpp (1092): TrapGetProcAddress: Exited
414688/414368 00000140       .\bbhook.cpp (1077): TrapGetProcAddress: Entered
414688/414368 00000140       .\bbhook.cpp (1092): TrapGetProcAddress: Exited
414688/414368 00000140       .\bbhook.cpp (1077): TrapGetProcAddress: Entered
414688/414368 00000140       .\bbhook.cpp (1092): TrapGetProcAddress: Exited
414688/414368 00000140       .\bbhook.cpp (1077): TrapGetProcAddress: Entered
414688/414368 00000140       .\bbhook.cpp (1092): TrapGetProcAddress: Exited
414688/414368 00000140       .\bbhook.cpp (1077): TrapGetProcAddress: Entered
414688/414368 00000140       .\bbhook.cpp (1092): TrapGetProcAddress: Exited
414688/414368 00000140       .\bbhook.cpp (1077): TrapGetProcAddress: Entered
414688/414368 00000140       .\bbhook.cpp (1092): TrapGetProcAddress: Exited
414688/414368 00000140       .\bbhook.cpp (1077): TrapGetProcAddress: Entered
414688/414368 00000140       .\bbhook.cpp (1092): TrapGetProcAddress: Exited
414688/414368 00000140       .\bbhook.cpp (1077): TrapGetProcAddress: Entered
414688/414368 00000140       .\bbhook.cpp (1092): TrapGetProcAddress: Exited
414688/414368 00000140       .\bbhook.cpp (1077): TrapGetProcAddress: Entered
414688/414368 00000140       .\bbhook.cpp (1092): TrapGetProcAddress: Exited
414688/414368 00000140       .\bbhook.cpp (1077): TrapGetProcAddress: Entered
414688/414368 00000140       .\bbhook.cpp (1092): TrapGetProcAddress: Exited
414688/414368 00000140       .\bbhook.cpp (1077): TrapGetProcAddress: Entered
414688/414368 00000140       .\bbhook.cpp (1092): TrapGetProcAddress: Exited
414688/414368 00000140       .\bbhook.cpp (1077): TrapGetProcAddress: Entered
414688/414368 00000140       .\bbhook.cpp (1092): TrapGetProcAddress: Exited
414688/414368 00000140       .\bbhook.cpp (1077): TrapGetProcAddress: Entered
414688/414368 00000140       .\bbhook.cpp (1092): TrapGetProcAddress: Exited
414688/414368 00000140       .\bbhook.cpp (1077): TrapGetProcAddress: Entered
414688/414368 00000140       .\bbhook.cpp (1092): TrapGetProcAddress: Exited
414688/414368 00000140       .\bbhook.cpp (1077): TrapGetProcAddress: Entered
414688/414368 00000140       .\bbhook.cpp (1092): TrapGetProcAddress: Exited
414688/414368 00000140       .\bbhook.cpp (1077): TrapGetProcAddress: Entered
414688/414368 00000140       .\bbhook.cpp (1092): TrapGetProcAddress: Exited
414688/414368 00000140       .\bbhook.cpp (1077): TrapGetProcAddress: Entered
414688/414368 00000140       .\bbhook.cpp (1092): TrapGetProcAddress: Exited
414688/414368 00000140       .\bbhook.cpp (1077): TrapGetProcAddress: Entered
414688/414368 00000140       .\bbhook.cpp (1092): TrapGetProcAddress: Exited
414688/414368 00000140       .\bbhook.cpp (1077): TrapGetProcAddress: Entered
414688/414368 00000140       .\bbhook.cpp (1092): TrapGetProcAddress: Exited
414688/414368 00000140       .\bbhook.cpp (1077): TrapGetProcAddress: Entered
414688/414368 00000140       .\bbhook.cpp (1092): TrapGetProcAddress: Exited
414688/414368 00000140       .\bbhook.cpp (1077): TrapGetProcAddress: Entered
414688/414368 00000140       .\bbhook.cpp (1092): TrapGetProcAddress: Exited
414688/414368 00000140       .\bbhook.cpp (1077): TrapGetProcAddress: Entered
414688/414368 00000140       .\bbhook.cpp (1092): TrapGetProcAddress: Exited
414688/414368 00000140       .\bbhook.cpp (1077): TrapGetProcAddress: Entered
414688/414368 00000140       .\bbhook.cpp (1092): TrapGetProcAddress: Exited
414688/414368 00000140       .\bbhook.cpp (1077): TrapGetProcAddress: Entered
414688/414368 00000140       .\bbhook.cpp (1092): TrapGetProcAddress: Exited
414688/414368 00000140       .\bbhook.cpp (1077): TrapGetProcAddress: Entered
414688/414368 00000140       .\bbhook.cpp (1092): TrapGetProcAddress: Exited
414688/414368 00000140       .\bbhook.cpp (1077): TrapGetProcAddress: Entered
414688/414368 00000140       .\bbhook.cpp (1092): TrapGetProcAddress: Exited
414688/414368 00000140       .\bbhook.cpp (1077): TrapGetProcAddress: Entered
414688/414368 00000140       .\bbhook.cpp (1092): TrapGetProcAddress: Exited
414688/414368 00000140       .\bbhook.cpp (1077): TrapGetProcAddress: Entered
414688/414368 00000140       .\bbhook.cpp (1092): TrapGetProcAddress: Exited
414688/414368 00000140       .\bbhook.cpp (1077): TrapGetProcAddress: Entered
414688/414368 00000140       .\bbhook.cpp (1092): TrapGetProcAddress: Exited
414688/414368 00000140       .\bbhook.cpp (1077): TrapGetProcAddress: Entered
414688/414368 00000140       .\bbhook.cpp (1092): TrapGetProcAddress: Exited
414688/414368 00000140       .\bbhook.cpp (1077): TrapGetProcAddress: Entered
414688/414368 00000140       .\bbhook.cpp (1092): TrapGetProcAddress: Exited
414688/414368 00000140       .\bbhook.cpp (1077): TrapGetProcAddress: Entered
414688/414368 00000140       .\bbhook.cpp (1092): TrapGetProcAddress: Exited
414688/414368 00000140       .\bbhook.cpp (1077): TrapGetProcAddress: Entered
414688/414368 00000140       .\bbhook.cpp (1092): TrapGetProcAddress: Exited
414688/414368 00000140       .\bbhook.cpp (1077): TrapGetProcAddress: Entered
414688/414368 00000140       .\bbhook.cpp (1092): TrapGetProcAddress: Exited
414688/414368 00000140       .\bbhook.cpp (1077): TrapGetProcAddress: Entered
414688/414368 00000140       .\bbhook.cpp (1092): TrapGetProcAddress: Exited
414688/414368 00000140       .\bbhook.cpp (1077): TrapGetProcAddress: Entered
414688/414368 00000140       .\bbhook.cpp (1092): TrapGetProcAddress: Exited
414688/414368 00000140       .\bbhook.cpp (1077): TrapGetProcAddress: Entered
414688/414368 00000140       .\bbhook.cpp (1092): TrapGetProcAddress: Exited
414688/414368 00000140       .\bbhook.cpp (1077): TrapGetProcAddress: Entered
414688/414368 00000140       .\bbhook.cpp (1092): TrapGetProcAddress: Exited
414688/414368 00000140       .\bbhook.cpp (1077): TrapGetProcAddress: Entered
414688/414368 00000140       .\bbhook.cpp (1092): TrapGetProcAddress: Exited
414688/414368 00000140       .\bbhook.cpp (1077): TrapGetProcAddress: Entered
414688/414368 00000140       .\bbhook.cpp (1092): TrapGetProcAddress: Exited
414688/414368 00000140       .\bbhook.cpp (1077): TrapGetProcAddress: Entered
414688/414368 00000140       .\bbhook.cpp (1092): TrapGetProcAddress: Exited
414688/414368 00000140       .\bbhook.cpp (1077): TrapGetProcAddress: Entered
414688/414368 00000140       .\bbhook.cpp (1092): TrapGetProcAddress: Exited
414688/414368 00000140       .\bbhook.cpp (1077): TrapGetProcAddress: Entered
414688/414368 00000140       .\bbhook.cpp (1092): TrapGetProcAddress: Exited
414688/414368 00000140       .\bbhook.cpp (1077): TrapGetProcAddress: Entered
414688/414368 00000140       .\bbhook.cpp (1092): TrapGetProcAddress: Exited
414688/414368 00000140       .\bbhook.cpp (1077): TrapGetProcAddress: Entered
414688/414368 00000140       .\bbhook.cpp (1092): TrapGetProcAddress: Exited
414688/414368 00000140       .\bbhook.cpp (1077): TrapGetProcAddress: Entered
414688/414368 00000140       .\bbhook.cpp (1092): TrapGetProcAddress: Exited
414688/414368 00000140       .\bbhook.cpp (1077): TrapGetProcAddress: Entered
414688/414368 00000140       .\bbhook.cpp (1092): TrapGetProcAddress: Exited
414688/414368 00000140       .\bbhook.cpp (1077): TrapGetProcAddress: Entered
414688/414368 00000140       .\bbhook.cpp (1092): TrapGetProcAddress: Exited
414688/414368 00000140       .\bbhook.cpp (1077): TrapGetProcAddress: Entered
414688/414368 00000140       .\bbhook.cpp (1092): TrapGetProcAddress: Exited
414688/414368 00000140       .\bbhook.cpp (1077): TrapGetProcAddress: Entered
414688/414368 00000140       .\bbhook.cpp (1092): TrapGetProcAddress: Exited
414688/414368 00000140       .\bbhook.cpp (1077): TrapGetProcAddress: Entered
414688/414368 00000140       .\bbhook.cpp (1092): TrapGetProcAddress: Exited
414688/414368 00000140       .\bbhook.cpp (1077): TrapGetProcAddress: Entered
414688/414368 00000140       .\bbhook.cpp (1092): TrapGetProcAddress: Exited
414688/414368 00000140       .\bbhook.cpp (1077): TrapGetProcAddress: Entered
414688/414368 00000140       .\bbhook.cpp (1092): TrapGetProcAddress: Exited
414688/414368 00000140       .\bbhook.cpp (1077): TrapGetProcAddress: Entered
414688/414368 00000140       .\bbhook.cpp (1092): TrapGetProcAddress: Exited
414688/414368 00000140       .\bbhook.cpp (1077): TrapGetProcAddress: Entered
414688/414368 00000140       .\bbhook.cpp (1092): TrapGetProcAddress: Exited
414688/414368 00000140       .\bbhook.cpp (1077): TrapGetProcAddress: Entered
414688/414368 00000140       .\bbhook.cpp (1092): TrapGetProcAddress: Exited
414688/414368 00000140       .\bbhook.cpp (1077): TrapGetProcAddress: Entered
414688/414368 00000140       .\bbhook.cpp (1092): TrapGetProcAddress: Exited
414688/414368 00000140       .\bbhook.cpp (1077): TrapGetProcAddress: Entered
414688/414368 00000140       .\bbhook.cpp (1092): TrapGetProcAddress: Exited
414688/414368 00000140       .\bbhook.cpp (1077): TrapGetProcAddress: Entered
414688/414368 00000140       .\bbhook.cpp (1092): TrapGetProcAddress: Exited
414688/414368 00000140       .\bbhook.cpp (1077): TrapGetProcAddress: Entered
414688/414368 00000140       .\bbhook.cpp (1092): TrapGetProcAddress: Exited
414688/414368 00000140       .\bbhook.cpp (1077): TrapGetProcAddress: Entered
414688/414368 00000140       .\bbhook.cpp (1092): TrapGetProcAddress: Exited
414688/414368 00000140       .\bbhook.cpp (1077): TrapGetProcAddress: Entered
414688/414368 00000140       .\bbhook.cpp (1092): TrapGetProcAddress: Exited
414688/414368 00000140       .\bbhook.cpp (1077): TrapGetProcAddress: Entered
414688/414368 00000140       .\bbhook.cpp (1092): TrapGetProcAddress: Exited
414688/414368 00000140       .\bbhook.cpp (1077): TrapGetProcAddress: Entered
414688/414368 00000140       .\bbhook.cpp (1092): TrapGetProcAddress: Exited
414688/414368 00000140       .\bbhook.cpp (1077): TrapGetProcAddress: Entered
414688/414368 00000140       .\bbhook.cpp (1092): TrapGetProcAddress: Exited
414688/414368 00000140       .\bbhook.cpp (1077): TrapGetProcAddress: Entered
414688/414368 00000140       .\bbhook.cpp (1092): TrapGetProcAddress: Exited
414688/414368 00000140       .\bbhook.cpp (1077): TrapGetProcAddress: Entered
414688/414368 00000140       .\bbhook.cpp (1092): TrapGetProcAddress: Exited
414688/414368 00000140       .\bbhook.cpp (1077): TrapGetProcAddress: Entered
414688/414368 00000140       .\bbhook.cpp (1092): TrapGetProcAddress: Exited
414688/414368 00000140       .\bbhook.cpp (1077): TrapGetProcAddress: Entered
414688/414368 00000140       .\bbhook.cpp (1092): TrapGetProcAddress: Exited
414688/414368 00000140       .\bbhook.cpp (1077): TrapGetProcAddress: Entered
414688/414368 00000140       .\bbhook.cpp (1092): TrapGetProcAddress: Exited
414688/414368 00000140       .\bbhook.cpp (1077): TrapGetProcAddress: Entered
414688/414368 00000140       .\bbhook.cpp (1092): TrapGetProcAddress: Exited
414688/414368 00000140       .\bbhook.cpp (1077): TrapGetProcAddress: Entered
414688/414368 00000140       .\bbhook.cpp (1092): TrapGetProcAddress: Exited
414688/414368 00000140       .\bbhook.cpp (1077): TrapGetProcAddress: Entered
414688/414368 00000140       .\bbhook.cpp (1092): TrapGetProcAddress: Exited
414688/414368 00000140       .\bbhook.cpp (1077): TrapGetProcAddress: Entered
414688/414368 00000140       .\bbhook.cpp (1092): TrapGetProcAddress: Exited
414688/414368 00000140       .\bbhook.cpp (1077): TrapGetProcAddress: Entered
414688/414368 00000140       .\bbhook.cpp (1092): TrapGetProcAddress: Exited
414688/414368 00000140       .\bbhook.cpp (1077): TrapGetProcAddress: Entered
414688/414368 00000140       .\bbhook.cpp (1092): TrapGetProcAddress: Exited
414688/414368 00000140       .\bbhook.cpp (1077): TrapGetProcAddress: Entered
414688/414368 00000140       .\bbhook.cpp (1092): TrapGetProcAddress: Exited
414688/414368 00000140       .\bbhook.cpp (1077): TrapGetProcAddress: Entered
414688/414368 00000140       .\bbhook.cpp (1092): TrapGetProcAddress: Exited
414688/414368 00000140       .\bbhook.cpp (1077): TrapGetProcAddress: Entered
414688/414368 00000140       .\bbhook.cpp (1092): TrapGetProcAddress: Exited
414688/414368 00000140       .\bbhook.cpp (1077): TrapGetProcAddress: Entered
414688/414368 00000140       .\bbhook.cpp (1092): TrapGetProcAddress: Exited
414688/414368 00000140       .\bbhook.cpp (1077): TrapGetProcAddress: Entered
414688/414368 00000140       .\bbhook.cpp (1092): TrapGetProcAddress: Exited
414688/414368 00000140       .\bbhook.cpp (1077): TrapGetProcAddress: Entered
414688/414368 00000140       .\bbhook.cpp (1092): TrapGetProcAddress: Exited
414688/414368 00000140       .\bbhook.cpp (1077): TrapGetProcAddress: Entered
414688/414368 00000140       .\bbhook.cpp (1092): TrapGetProcAddress: Exited
414688/414368 00000140       .\bbhook.cpp (1077): TrapGetProcAddress: Entered
414688/414368 00000140       .\bbhook.cpp (1092): TrapGetProcAddress: Exited
414688/414368 00000140       .\bbhook.cpp (1077): TrapGetProcAddress: Entered
414688/414368 00000140       .\bbhook.cpp (1092): TrapGetProcAddress: Exited
414688/414368 00000140       .\bbhook.cpp (1077): TrapGetProcAddress: Entered
414688/414368 00000140       .\bbhook.cpp (1092): TrapGetProcAddress: Exited
414688/414368 00000140       .\bbhook.cpp (1077): TrapGetProcAddress: Entered
414688/414368 00000140       .\bbhook.cpp (1092): TrapGetProcAddress: Exited
414688/414368 00000140       .\bbhook.cpp (1077): TrapGetProcAddress: Entered
414688/414368 00000140       .\bbhook.cpp (1092): TrapGetProcAddress: Exited
414688/414368 00000140       .\bbhook.cpp (1077): TrapGetProcAddress: Entered
414688/414368 00000140       .\bbhook.cpp (1092): TrapGetProcAddress: Exited
414688/414368 00000140       .\bbhook.cpp (1077): TrapGetProcAddress: Entered
414688/414368 00000140       .\bbhook.cpp (1092): TrapGetProcAddress: Exited
414688/414368 00000140       .\bbhook.cpp (1077): TrapGetProcAddress: Entered
414688/414368 00000140       .\bbhook.cpp (1092): TrapGetProcAddress: Exited
414688/414368 00000140       .\bbhook.cpp (1077): TrapGetProcAddress: Entered
414688/414368 00000140       .\bbhook.cpp (1092): TrapGetProcAddress: Exited
414688/414368 00000140       .\bbhook.cpp (1077): TrapGetProcAddress: Entered
414688/414368 00000140       .\bbhook.cpp (1092): TrapGetProcAddress: Exited
414688/414368 00000140       .\bbhook.cpp (1077): TrapGetProcAddress: Entered
414688/414368 00000140       .\bbhook.cpp (1092): TrapGetProcAddress: Exited
414688/414368 00000140       .\bbhook.cpp (1077): TrapGetProcAddress: Entered
414688/414368 00000140       .\bbhook.cpp (1092): TrapGetProcAddress: Exited
414688/414368 00000140       .\bbhook.cpp (1077): TrapGetProcAddress: Entered
414688/414368 00000140       .\bbhook.cpp (1092): TrapGetProcAddress: Exited
414688/414368 00000140       .\bbhook.cpp (1077): TrapGetProcAddress: Entered
414688/414368 00000140       .\bbhook.cpp (1092): TrapGetProcAddress: Exited
414688/414368 00000140       .\bbhook.cpp (1077): TrapGetProcAddress: Entered
414688/414368 00000140       .\bbhook.cpp (1092): TrapGetProcAddress: Exited
414688/414368 00000140       .\bbhook.cpp (1077): TrapGetProcAddress: Entered
414688/414368 00000140       .\bbhook.cpp (1092): TrapGetProcAddress: Exited
414688/414368 00000140       .\bbhook.cpp (1077): TrapGetProcAddress: Entered
414688/414368 00000140       .\bbhook.cpp (1092): TrapGetProcAddress: Exited
414688/414368 00000140       .\bbhook.cpp (1077): TrapGetProcAddress: Entered
414688/414368 00000140       .\bbhook.cpp (1092): TrapGetProcAddress: Exited
414688/414368 00000140       .\bbhook.cpp (1077): TrapGetProcAddress: Entered
414688/414368 00000140       .\bbhook.cpp (1092): TrapGetProcAddress: Exited
414688/414368 00000140       .\bbhook.cpp (1077): TrapGetProcAddress: Entered
414688/414368 00000140       .\bbhook.cpp (1092): TrapGetProcAddress: Exited
414688/414368 00000140       .\bbhook.cpp (1077): TrapGetProcAddress: Entered
414688/414368 00000140       .\bbhook.cpp (1092): TrapGetProcAddress: Exited
414688/414368 00000140       .\bbhook.cpp (1077): TrapGetProcAddress: Entered
414688/414368 00000140       .\bbhook.cpp (1092): TrapGetProcAddress: Exited
414688/414368 00000140       .\bbhook.cpp (1077): TrapGetProcAddress: Entered
414688/414368 00000140       .\bbhook.cpp (1092): TrapGetProcAddress: Exited
414688/414368 00000140       .\bbhook.cpp (1077): TrapGetProcAddress: Entered
414688/414368 00000140       .\bbhook.cpp (1092): TrapGetProcAddress: Exited
414688/414368 00000140       .\bbhook.cpp (1077): TrapGetProcAddress: Entered
414688/414368 00000140       .\bbhook.cpp (1092): TrapGetProcAddress: Exited
414688/414368 00000140       .\bbhook.cpp (1077): TrapGetProcAddress: Entered
414688/414368 00000140       .\bbhook.cpp (1092): TrapGetProcAddress: Exited
414688/414368 00000140       .\bbhook.cpp (1077): TrapGetProcAddress: Entered
414688/414368 00000140       .\bbhook.cpp (1092): TrapGetProcAddress: Exited
414688/414368 00000140       .\bbhook.cpp (1077): TrapGetProcAddress: Entered
414688/414368 00000140       .\bbhook.cpp (1092): TrapGetProcAddress: Exited
414688/414368 00000140       .\bbhook.cpp (1077): TrapGetProcAddress: Entered
414688/414368 00000140       .\bbhook.cpp (1092): TrapGetProcAddress: Exited
414688/414368 00000140       .\bbhook.cpp (1077): TrapGetProcAddress: Entered
414688/414368 00000140       .\bbhook.cpp (1092): TrapGetProcAddress: Exited
414688/414368 00000140       .\bbhook.cpp (1077): TrapGetProcAddress: Entered
414688/414368 00000140       .\bbhook.cpp (1092): TrapGetProcAddress: Exited
414688/414368 00000140       .\bbhook.cpp (1077): TrapGetProcAddress: Entered
414688/414368 00000140       .\bbhook.cpp (1092): TrapGetProcAddress: Exited
414688/414368 00000140       .\bbhook.cpp (1077): TrapGetProcAddress: Entered
414688/414368 00000140       .\bbhook.cpp (1092): TrapGetProcAddress: Exited
414688/414368 00000140       .\bbhook.cpp (1077): TrapGetProcAddress: Entered
414688/414368 00000140       .\bbhook.cpp (1092): TrapGetProcAddress: Exited
414688/414368 00000140       .\bbhook.cpp (1077): TrapGetProcAddress: Entered
414688/414368 00000140       .\bbhook.cpp (1092): TrapGetProcAddress: Exited
414688/414368 00000140       .\bbhook.cpp (1077): TrapGetProcAddress: Entered
414688/414368 00000140       .\bbhook.cpp (1092): TrapGetProcAddress: Exited
414688/414368 00000140       .\bbhook.cpp (1077): TrapGetProcAddress: Entered
414688/414368 00000140       .\bbhook.cpp (1092): TrapGetProcAddress: Exited
414688/414368 00000140       .\bbhook.cpp (1077): TrapGetProcAddress: Entered
414688/414368 00000140       .\bbhook.cpp (1092): TrapGetProcAddress: Exited
414688/414368 00000140       .\bbhook.cpp (1077): TrapGetProcAddress: Entered
414688/414368 00000140       .\bbhook.cpp (1092): TrapGetProcAddress: Exited
414688/414368 00000140       .\bbhook.cpp (1077): TrapGetProcAddress: Entered
414688/414368 00000140       .\bbhook.cpp (1092): TrapGetProcAddress: Exited
414688/414368 00000140       .\bbhook.cpp (1077): TrapGetProcAddress: Entered
414688/414368 00000140       .\bbhook.cpp (1092): TrapGetProcAddress: Exited
414688/414368 00000140       .\bbhook.cpp (1077): TrapGetProcAddress: Entered
414688/414368 00000140       .\bbhook.cpp (1092): TrapGetProcAddress: Exited
414688/414368 00000140       .\bbhook.cpp (1077): TrapGetProcAddress: Entered
414688/414368 00000140       .\bbhook.cpp (1092): TrapGetProcAddress: Exited
414688/414368 00000140       .\bbhook.cpp (1077): TrapGetProcAddress: Entered
414688/414368 00000140       .\bbhook.cpp (1092): TrapGetProcAddress: Exited
414688/414368 00000140       .\bbhook.cpp (1077): TrapGetProcAddress: Entered
414688/414368 00000140       .\bbhook.cpp (1092): TrapGetProcAddress: Exited
414688/414368 00000140       .\bbhook.cpp (1077): TrapGetProcAddress: Entered
414688/414368 00000140       .\bbhook.cpp (1092): TrapGetProcAddress: Exited
414688/414368 00000140       .\bbhook.cpp (1077): TrapGetProcAddress: Entered
414688/414368 00000140       .\bbhook.cpp (1092): TrapGetProcAddress: Exited
414688/414368 00000140       .\bbhook.cpp (1077): TrapGetProcAddress: Entered
414688/414368 00000140       .\bbhook.cpp (1092): TrapGetProcAddress: Exited
414688/414368 00000140       .\bbhook.cpp (1077): TrapGetProcAddress: Entered
414688/414368 00000140       .\bbhook.cpp (1092): TrapGetProcAddress: Exited
414688/414368 00000140       .\bbhook.cpp (1077): TrapGetProcAddress: Entered
414688/414368 00000140       .\bbhook.cpp (1092): TrapGetProcAddress: Exited
414688/414368 00000140       .\bbhook.cpp (1077): TrapGetProcAddress: Entered
414688/414368 00000140       .\bbhook.cpp (1092): TrapGetProcAddress: Exited
414688/414368 00000140       .\bbhook.cpp (1077): TrapGetProcAddress: Entered
414688/414368 00000140       .\bbhook.cpp (1092): TrapGetProcAddress: Exited
414688/414368 00000140       .\bbhook.cpp (1077): TrapGetProcAddress: Entered
414688/414368 00000140       .\bbhook.cpp (1092): TrapGetProcAddress: Exited
414688/414368 00000140       .\bbhook.cpp (2122): TrapFreeLibrary: Entered
414688/414368 00000140       .\bbhook.cpp (2123): TrapFreeLibrary: library name is C:\Windows\Microsoft.NET\Framework\v4.0.30319\cvtres.exe
414688/414368 00000140       .\bbhook.cpp (2186): TrapFreeLibrary: Exited
414688/414368 00000140       .\bbhook.cpp (1077): TrapGetProcAddress: Entered
414688/414368 00000140       .\bbhook.cpp (1092): TrapGetProcAddress: Exited
414688/414368 00000140       .\bbhook.cpp (1077): TrapGetProcAddress: Entered
414688/414368 00000140       .\bbhook.cpp (1092): TrapGetProcAddress: Exited
414688/414368 00000140       .\bbhook.cpp (1077): TrapGetProcAddress: Entered
414688/414368 00000140       .\bbhook.cpp (1092): TrapGetProcAddress: Exited
414688/414368 00000140       .\bbhook.cpp (1077): TrapGetProcAddress: Entered
414688/414368 00000140       .\bbhook.cpp (1092): TrapGetProcAddress: Exited
414688/414368 00000140       .\bbhook.cpp (1077): TrapGetProcAddress: Entered
414688/414368 00000140       .\bbhook.cpp (1092): TrapGetProcAddress: Exited
414688/414368 00000140       .\bbhook.cpp (1077): TrapGetProcAddress: Entered
414688/414368 00000140       .\bbhook.cpp (1092): TrapGetProcAddress: Exited
